2023.09.20 09:31:31 INFO  Started: Metals version 1.0.1 in folders '/Users/frkaimo/play-slick-template' for client Visual Studio Code 1.74.3.
Sep 20, 2023 9:31:32 AM org.flywaydb.core.internal.license.VersionPrinter printVersionOnly
INFO: Flyway Community Edition 9.21.2 by Redgate
Sep 20, 2023 9:31:32 AM org.flywaydb.core.internal.license.VersionPrinter printVersion
INFO: See release notes here: https://rd.gt/416ObMi
Sep 20, 2023 9:31:32 AM org.flywaydb.core.internal.license.VersionPrinter printVersion
INFO: 
Sep 20, 2023 9:31:32 AM org.flywaydb.core.FlywayExecutor execute
INFO: Database: jdbc:h2:file:/Users/frkaimo/play-slick-template/.metals/metals (H2 2.1)
Sep 20, 2023 9:31:32 AM org.flywaydb.core.internal.schemahistory.JdbcTableSchemaHistory allAppliedMigrations
INFO: Schema history table "PUBLIC"."flyway_schema_history" does not exist yet
Sep 20, 2023 9:31:32 AM org.flywaydb.core.internal.command.DbValidate validate
INFO: Successfully validated 4 migrations (execution time 00:00.018s)
Sep 20, 2023 9:31:32 AM org.flywaydb.core.internal.schemahistory.JdbcTableSchemaHistory create
INFO: Creating Schema History table "PUBLIC"."flyway_schema_history" ...
Sep 20, 2023 9:31:32 AM org.flywaydb.core.internal.command.DbMigrate migrateGroup
INFO: Current version of schema "PUBLIC": << Empty Schema >>
Sep 20, 2023 9:31:32 AM org.flywaydb.core.internal.command.DbMigrate doMigrateGroup
INFO: Migrating schema "PUBLIC" to version "1 - Create tables"
Sep 20, 2023 9:31:32 AM org.flywaydb.core.internal.command.DbMigrate doMigrateGroup
INFO: Migrating schema "PUBLIC" to version "2 - Server discovery"
Sep 20, 2023 9:31:32 AM org.flywaydb.core.internal.command.DbMigrate doMigrateGroup
INFO: Migrating schema "PUBLIC" to version "3 - Jar symbols"
Sep 20, 2023 9:31:32 AM org.flywaydb.core.internal.command.DbMigrate doMigrateGroup
INFO: Migrating schema "PUBLIC" to version "4 - Fingerprints"
Sep 20, 2023 9:31:32 AM org.flywaydb.core.internal.command.DbMigrate logSummary
INFO: Successfully applied 4 migrations to schema "PUBLIC", now at version v4 (execution time 00:00.031s)
2023.09.20 09:31:32 INFO  time: initialize in 0.76s
2023.09.20 09:31:33 WARN  Build server is not auto-connectable.
2023.09.20 09:32:08 WARN  no build target for: /Users/frkaimo/play-slick-template/build.sbt
2023.09.20 09:32:12 INFO  no build target found for /Users/frkaimo/play-slick-template/build.sbt. Using presentation compiler with project's scala-library version: 3.3.0
2023.09.20 09:32:12 WARN  no build target for: /Users/frkaimo/play-slick-template/build.sbt
2023.09.20 09:32:15 INFO  time: code lens generation in 3s
2023.09.20 09:32:15 INFO  time: code lens generation in 2.99s
2023.09.20 09:32:15 INFO  time: code lens generation in 6.56s
2023.09.20 09:32:15 INFO  time: code lens generation in 3.06s
2023.09.20 09:32:29 WARN  no build target for: /Users/frkaimo/play-slick-template/build.sbt
2023.09.20 09:33:09 WARN  no build target for: /Users/frkaimo/play-slick-template/app/controllers/HomeController.scala
2023.09.20 09:40:17 WARN  no build target for: /Users/frkaimo/play-slick-template/app/models/domain/Home.scala
2023.09.20 09:40:29 ERROR Unexpected error initializing server: 
scala.concurrent.Future$$anon$2: Future.filter predicate is not satisfied

2023.09.20 09:40:31 INFO  running '/Library/Java/JavaVirtualMachines/adoptopenjdk-8.jdk/Contents/Home/bin/java -Djline.terminal=jline.UnsupportedTerminal -Dsbt.log.noformat=true -Dfile.encoding=UTF-8 -jar /var/folders/t5/zdsdwp2145734swnhhp4b9m00000gp/T/metals3236698005940503311/sbt-launch.jar -Dbloop.export-jar-classifiers=sources bloopInstall'
2023.09.20 09:40:31 WARN  no build target for: /Users/frkaimo/play-slick-template/project/metals.sbt
2023.09.20 09:40:31 WARN  no build target for: /Users/frkaimo/play-slick-template/project/project/metals.sbt
2023.09.20 09:40:31 INFO  skipping build import with status 'Started'
2023.09.20 09:40:31 ERROR [info] [launcher] getting org.scala-sbt sbt 1.9.6  (this may take some time)...
2023.09.20 09:40:31 WARN  no build target for: /Users/frkaimo/play-slick-template/app/models/domain/Home.scala
2023.09.20 09:40:44 INFO  [info] welcome to sbt 1.9.6 (AdoptOpenJDK Java 1.8.0_292)
2023.09.20 09:40:47 INFO  [info] loading settings for project play-slick-template-build-build-build from metals.sbt ...
2023.09.20 09:40:49 INFO  [info] loading project definition from /Users/frkaimo/play-slick-template/project/project/project
2023.09.20 09:40:53 INFO  [info] loading settings for project play-slick-template-build-build from metals.sbt ...
2023.09.20 09:40:53 INFO  [info] loading project definition from /Users/frkaimo/play-slick-template/project/project
2023.09.20 09:41:00 INFO  [success] Generated .bloop/play-slick-template-build-build.json
2023.09.20 09:41:00 INFO  [success] Total time: 7 s, completed 09 20, 23 9:41:01 AM
2023.09.20 09:41:03 INFO  [info] loading settings for project play-slick-template-build from metals.sbt,plugins.sbt ...
2023.09.20 09:41:03 INFO  [info] loading project definition from /Users/frkaimo/play-slick-template/project
2023.09.20 09:41:24 INFO  [success] Generated .bloop/play-slick-template-build.json
2023.09.20 09:41:24 INFO  [success] Total time: 21 s, completed 09 20, 23 9:41:24 AM
2023.09.20 09:41:25 ERROR java.lang.UnsupportedClassVersionError: play/api/PlayException$ExceptionSource has been compiled by a more recent version of the Java Runtime (class file version 55.0), this version of the Java Runtime only recognizes class file versions up to 52.0
2023.09.20 09:41:25 ERROR 	at java.lang.ClassLoader.defineClass1(Native Method)
2023.09.20 09:41:25 ERROR 	at java.lang.ClassLoader.defineClass(ClassLoader.java:756)
2023.09.20 09:41:25 ERROR 	at java.security.SecureClassLoader.defineClass(SecureClassLoader.java:142)
2023.09.20 09:41:25 ERROR 	at java.net.URLClassLoader.defineClass(URLClassLoader.java:468)
2023.09.20 09:41:25 ERROR 	at java.net.URLClassLoader.access$100(URLClassLoader.java:74)
2023.09.20 09:41:25 ERROR 	at java.net.URLClassLoader$1.run(URLClassLoader.java:369)
2023.09.20 09:41:25 ERROR 	at java.net.URLClassLoader$1.run(URLClassLoader.java:363)
2023.09.20 09:41:25 ERROR 	at java.security.AccessController.doPrivileged(Native Method)
2023.09.20 09:41:25 ERROR 	at java.net.URLClassLoader.findClass(URLClassLoader.java:362)
2023.09.20 09:41:25 ERROR 	at java.lang.ClassLoader.loadClass(ClassLoader.java:418)
2023.09.20 09:41:25 ERROR 	at java.lang.ClassLoader.loadClass(ClassLoader.java:351)
2023.09.20 09:41:25 ERROR 	at java.lang.Class.forName0(Native Method)
2023.09.20 09:41:25 ERROR 	at java.lang.Class.forName(Class.java:348)
2023.09.20 09:41:25 ERROR 	at sbt.internal.inc.ModuleUtilities$.getObject(ModuleUtilities.scala:24)
2023.09.20 09:41:25 ERROR 	at sbt.internal.inc.ModuleUtilities$.getCheckedObject(ModuleUtilities.scala:32)
2023.09.20 09:41:25 ERROR 	at sbt.internal.inc.ModuleUtilities$.$anonfun$getCheckedObjects$1(ModuleUtilities.scala:37)
2023.09.20 09:41:25 ERROR 	at scala.collection.immutable.Stream.$anonfun$map$1(Stream.scala:418)
2023.09.20 09:41:25 ERROR 	at scala.collection.immutable.Stream$Cons.tail(Stream.scala:1173)
2023.09.20 09:41:25 ERROR 	at scala.collection.immutable.Stream$Cons.tail(Stream.scala:1163)
2023.09.20 09:41:25 ERROR 	at scala.collection.generic.Growable.loop$1(Growable.scala:57)
2023.09.20 09:41:25 ERROR 	at scala.collection.generic.Growable.$plus$plus$eq(Growable.scala:61)
2023.09.20 09:41:25 ERROR 	at scala.collection.generic.Growable.$plus$plus$eq$(Growable.scala:53)
2023.09.20 09:41:25 ERROR 	at scala.collection.mutable.ListBuffer.$plus$plus$eq(ListBuffer.scala:184)
2023.09.20 09:41:25 ERROR 	at scala.collection.mutable.ListBuffer.$plus$plus$eq(ListBuffer.scala:47)
2023.09.20 09:41:25 ERROR 	at scala.collection.TraversableLike.to(TraversableLike.scala:786)
2023.09.20 09:41:25 ERROR 	at scala.collection.TraversableLike.to$(TraversableLike.scala:783)
2023.09.20 09:41:25 ERROR 	at scala.collection.AbstractTraversable.to(Traversable.scala:108)
2023.09.20 09:41:25 ERROR 	at scala.collection.TraversableOnce.toList(TraversableOnce.scala:350)
2023.09.20 09:41:25 ERROR 	at scala.collection.TraversableOnce.toList$(TraversableOnce.scala:350)
2023.09.20 09:41:25 ERROR 	at scala.collection.AbstractTraversable.toList(Traversable.scala:108)
2023.09.20 09:41:25 ERROR 	at scala.collection.immutable.List.$plus$plus(List.scala:216)
2023.09.20 09:41:25 ERROR 	at sbt.internal.PluginDiscovery$.discoverAll(PluginDiscovery.scala:59)
2023.09.20 09:41:25 ERROR 	at sbt.internal.Load$.loadPlugins(Load.scala:1330)
2023.09.20 09:41:25 ERROR 	at sbt.internal.Load$.loadPluginDefinition(Load.scala:1275)
2023.09.20 09:41:25 ERROR 	at sbt.internal.Load$.buildPlugins(Load.scala:1254)
2023.09.20 09:41:25 ERROR 	at sbt.internal.Load$.plugins(Load.scala:1233)
2023.09.20 09:41:25 ERROR 	at sbt.internal.Load$.$anonfun$loadUnit$2(Load.scala:701)
2023.09.20 09:41:25 ERROR 	at sbt.internal.Load$.timed(Load.scala:1407)
2023.09.20 09:41:25 ERROR 	at sbt.internal.Load$.$anonfun$loadUnit$1(Load.scala:701)
2023.09.20 09:41:25 ERROR 	at sbt.internal.Load$.timed(Load.scala:1407)
2023.09.20 09:41:25 ERROR 	at sbt.internal.Load$.loadUnit(Load.scala:695)
2023.09.20 09:41:25 ERROR 	at sbt.internal.Load$.$anonfun$builtinLoader$4(Load.scala:493)
2023.09.20 09:41:25 ERROR 	at sbt.internal.BuildLoader$.$anonfun$componentLoader$5(BuildLoader.scala:181)
2023.09.20 09:41:25 ERROR 	at sbt.internal.BuildLoader.apply(BuildLoader.scala:246)
2023.09.20 09:41:24 INFO  [error] java.lang.UnsupportedClassVersionError: play/api/PlayException$ExceptionSource has been compiled by a more recent version of the Java Runtime (class file version 55.0), this version of the Java Runtime only recognizes class file versions up to 52.0
2023.09.20 09:41:25 ERROR 	at sbt.internal.Load$.loadURI$1(Load.scala:555)
2023.09.20 09:41:24 INFO  [error] Use 'last' for the full log.
2023.09.20 09:41:25 ERROR 	at sbt.internal.Load$.loadAll(Load.scala:571)
2023.09.20 09:41:25 ERROR 	at sbt.internal.Load$.loadURI(Load.scala:501)
2023.09.20 09:41:25 ERROR 	at sbt.internal.Load$.load(Load.scala:480)
2023.09.20 09:41:25 ERROR 	at sbt.internal.Load$.$anonfun$apply$1(Load.scala:242)
2023.09.20 09:41:25 ERROR 	at sbt.internal.Load$.timed(Load.scala:1407)
2023.09.20 09:41:25 ERROR 	at sbt.internal.Load$.apply(Load.scala:242)
2023.09.20 09:41:25 ERROR 	at sbt.internal.Load$.defaultLoad(Load.scala:57)
2023.09.20 09:41:25 ERROR 	at sbt.BuiltinCommands$.liftedTree1$1(Main.scala:964)
2023.09.20 09:41:25 ERROR 	at sbt.BuiltinCommands$.doLoadProject(Main.scala:964)
2023.09.20 09:41:25 ERROR 	at sbt.BuiltinCommands$.$anonfun$loadProjectImpl$2(Main.scala:917)
2023.09.20 09:41:25 ERROR 	at sbt.Command$.$anonfun$applyEffect$4(Command.scala:151)
2023.09.20 09:41:25 ERROR 	at sbt.Command$.$anonfun$applyEffect$2(Command.scala:146)
2023.09.20 09:41:25 ERROR 	at sbt.Command$.process(Command.scala:190)
2023.09.20 09:41:25 ERROR 	at sbt.MainLoop$.$anonfun$processCommand$5(MainLoop.scala:246)
2023.09.20 09:41:25 ERROR 	at scala.Option.getOrElse(Option.scala:189)
2023.09.20 09:41:25 ERROR 	at sbt.MainLoop$.process$1(MainLoop.scala:246)
2023.09.20 09:41:25 ERROR 	at sbt.MainLoop$.processCommand(MainLoop.scala:279)
2023.09.20 09:41:25 ERROR 	at sbt.MainLoop$.$anonfun$next$5(MainLoop.scala:164)
2023.09.20 09:41:25 ERROR 	at sbt.State$StateOpsImpl$.runCmd$1(State.scala:290)
2023.09.20 09:41:25 ERROR 	at sbt.State$StateOpsImpl$.process$extension(State.scala:326)
2023.09.20 09:41:25 ERROR 	at sbt.MainLoop$.$anonfun$next$4(MainLoop.scala:164)
2023.09.20 09:41:25 ERROR 	at sbt.internal.util.ErrorHandling$.wideConvert(ErrorHandling.scala:24)
2023.09.20 09:41:25 ERROR 	at sbt.MainLoop$.next(MainLoop.scala:164)
2023.09.20 09:41:25 ERROR 	at sbt.MainLoop$.run(MainLoop.scala:145)
2023.09.20 09:41:25 ERROR 	at sbt.MainLoop$.$anonfun$runWithNewLog$1(MainLoop.scala:120)
2023.09.20 09:41:25 ERROR 	at sbt.io.Using.apply(Using.scala:28)
2023.09.20 09:41:24 INFO  [warn] Project loading failed: (r)etry, (q)uit, (l)ast, or (i)gnore? (default: r)
2023.09.20 09:41:25 ERROR 	at sbt.MainLoop$.runWithNewLog(MainLoop.scala:113)
2023.09.20 09:41:25 ERROR 	at sbt.MainLoop$.runAndClearLast(MainLoop.scala:67)
2023.09.20 09:41:25 ERROR 	at sbt.MainLoop$.runLoggedLoop(MainLoop.scala:52)
2023.09.20 09:41:25 ERROR 	at sbt.MainLoop$.runLogged(MainLoop.scala:43)
2023.09.20 09:41:25 ERROR 	at sbt.StandardMain$.runManaged(Main.scala:225)
2023.09.20 09:41:25 ERROR 	at sbt.xMain$.$anonfun$run$11(Main.scala:135)
2023.09.20 09:41:25 ERROR 	at scala.util.DynamicVariable.withValue(DynamicVariable.scala:62)
2023.09.20 09:41:25 ERROR 	at scala.Console$.withIn(Console.scala:230)
2023.09.20 09:41:25 ERROR 	at sbt.internal.util.Terminal$.withIn(Terminal.scala:610)
2023.09.20 09:41:25 ERROR 	at sbt.internal.util.Terminal$.$anonfun$withStreams$1(Terminal.scala:390)
2023.09.20 09:41:25 ERROR 	at scala.util.DynamicVariable.withValue(DynamicVariable.scala:62)
2023.09.20 09:41:25 ERROR 	at scala.Console$.withOut(Console.scala:167)
2023.09.20 09:41:25 ERROR 	at sbt.internal.util.Terminal$.$anonfun$withOut$2(Terminal.scala:600)
2023.09.20 09:41:25 ERROR 	at scala.util.DynamicVariable.withValue(DynamicVariable.scala:62)
2023.09.20 09:41:25 ERROR 	at scala.Console$.withErr(Console.scala:196)
2023.09.20 09:41:25 ERROR 	at sbt.internal.util.Terminal$.withOut(Terminal.scala:600)
2023.09.20 09:41:25 ERROR 	at sbt.internal.util.Terminal$.withStreams(Terminal.scala:390)
2023.09.20 09:41:25 ERROR 	at sbt.xMain$.withStreams$1(Main.scala:88)
2023.09.20 09:41:25 ERROR 	at sbt.xMain$.run(Main.scala:123)
2023.09.20 09:41:25 ERROR 	at sun.reflect.NativeMethodAccessorImpl.invoke0(Native Method)
2023.09.20 09:41:25 ERROR 	at sun.reflect.NativeMethodAccessorImpl.invoke(NativeMethodAccessorImpl.java:62)
2023.09.20 09:41:25 ERROR 	at sun.reflect.DelegatingMethodAccessorImpl.invoke(DelegatingMethodAccessorImpl.java:43)
2023.09.20 09:41:25 ERROR 	at java.lang.reflect.Method.invoke(Method.java:498)
2023.09.20 09:41:25 ERROR 	at sbt.internal.XMainConfiguration.run(XMainConfiguration.java:59)
2023.09.20 09:41:25 ERROR 	at sbt.xMain.run(Main.scala:47)
2023.09.20 09:41:25 ERROR 	at xsbt.boot.Launch$.$anonfun$run$1(Launch.scala:149)
2023.09.20 09:41:25 ERROR 	at xsbt.boot.Launch$.withContextLoader(Launch.scala:176)
2023.09.20 09:41:25 ERROR 	at xsbt.boot.Launch$.run(Launch.scala:149)
2023.09.20 09:41:25 ERROR 	at xsbt.boot.Launch$.$anonfun$apply$1(Launch.scala:44)
2023.09.20 09:41:25 ERROR 	at xsbt.boot.Launch$.launch(Launch.scala:159)
2023.09.20 09:41:25 ERROR 	at xsbt.boot.Launch$.apply(Launch.scala:44)
2023.09.20 09:41:25 ERROR 	at xsbt.boot.Launch$.apply(Launch.scala:21)
2023.09.20 09:41:25 ERROR 	at xsbt.boot.Boot$.runImpl(Boot.scala:78)
2023.09.20 09:41:25 ERROR 	at xsbt.boot.Boot$.run(Boot.scala:73)
2023.09.20 09:41:25 ERROR 	at xsbt.boot.Boot$.main(Boot.scala:21)
2023.09.20 09:41:25 ERROR 	at xsbt.boot.Boot.main(Boot.scala)
2023.09.20 09:41:25 INFO  time: ran 'sbt bloopInstall' in 53s
2023.09.20 09:41:25 ERROR sbt command failed: /Library/Java/JavaVirtualMachines/adoptopenjdk-8.jdk/Contents/Home/bin/java -Djline.terminal=jline.UnsupportedTerminal -Dsbt.log.noformat=true -Dfile.encoding=UTF-8 -jar /var/folders/t5/zdsdwp2145734swnhhp4b9m00000gp/T/metals3236698005940503311/sbt-launch.jar -Dbloop.export-jar-classifiers=sources bloopInstall
2023.09.20 09:42:58 WARN  no build target for: /Users/frkaimo/play-slick-template/app/models/domain/Home.scala
2023.09.20 09:43:01 WARN  no build target for: /Users/frkaimo/play-slick-template/app/controllers/HomeController.scala
2023.09.20 09:43:12 WARN  no build target for: /Users/frkaimo/play-slick-template/app/models/repo/HomeRepo.scala
Sep 20, 2023 9:43:13 AM org.eclipse.lsp4j.jsonrpc.RemoteEndpoint handleCancellation
WARNING: Unmatched cancel notification for request id 246
2023.09.20 09:44:15 WARN  no build target for: /Users/frkaimo/play-slick-template/app/models/repo/HomeRepo.scala
2023.09.20 09:44:48 WARN  no build target for: /Users/frkaimo/play-slick-template/app/models/repo/HomeRepo.scala
2023.09.20 09:44:55 WARN  no build target for: /Users/frkaimo/play-slick-template/app/models/repo/HomeRepo.scala
2023.09.20 09:46:05 WARN  no build target for: /Users/frkaimo/play-slick-template/app/models/repo/HomeRepo.scala
2023.09.20 09:46:57 WARN  no build target for: /Users/frkaimo/play-slick-template/app/models/repo/HomeRepo.scala
2023.09.20 09:47:48 WARN  no build target for: /Users/frkaimo/play-slick-template/app/models/repo/HomeRepo.scala
2023.09.20 09:47:48 WARN  no build target for: /Users/frkaimo/play-slick-template/app/models/repo/HomeRepo.scala
2023.09.20 09:47:48 WARN  no build target for: /Users/frkaimo/play-slick-template/app/models/repo/HomeRepo.scala
Sep 20, 2023 9:49:16 AM org.eclipse.lsp4j.jsonrpc.RemoteEndpoint handleCancellation
WARNING: Unmatched cancel notification for request id 815
Sep 20, 2023 9:50:08 AM org.eclipse.lsp4j.jsonrpc.RemoteEndpoint handleCancellation
WARNING: Unmatched cancel notification for request id 913
2023.09.20 09:51:01 WARN  Using indexes to guess the definition of Homes
Exception in thread "pool-3-thread-1" java.lang.Error: java.lang.InterruptedException
	at java.util.concurrent.ThreadPoolExecutor.runWorker(ThreadPoolExecutor.java:1155)
	at java.util.concurrent.ThreadPoolExecutor$Worker.run(ThreadPoolExecutor.java:624)
	at java.lang.Thread.run(Thread.java:748)
Caused by: java.lang.InterruptedException
	at scala.meta.internal.metals.FutureCancelToken.checkCanceled(FutureCancelToken.scala:29)
	at scala.meta.internal.pc.CompilerAccess.onCompilerJobQueue$$anonfun$1(CompilerAccess.scala:229)
	at scala.meta.internal.pc.CompilerJobQueue$Job.run(CompilerJobQueue.scala:152)
	at java.util.concurrent.ThreadPoolExecutor.runWorker(ThreadPoolExecutor.java:1149)
	... 2 more
2023.09.20 09:51:08 WARN  Using indexes to guess the definition of Home
2023.09.20 09:51:09 WARN  Using indexes to guess the definition of Home
2023.09.20 09:51:10 WARN  Using indexes to guess the definition of Home
Sep 20, 2023 9:51:46 AM org.eclipse.lsp4j.jsonrpc.RemoteEndpoint handleCancellation
WARNING: Unmatched cancel notification for request id 1172
2023.09.20 09:52:30 WARN  no build target for: /Users/frkaimo/play-slick-template/app/models/repo/HomeRepo.scala
2023.09.20 09:52:39 WARN  no build target for: /Users/frkaimo/play-slick-template/app/controllers/HomeController.scala
2023.09.20 09:53:20 WARN  no build target for: /Users/frkaimo/play-slick-template/app/models/repo/HomeRepo.scala
Sep 20, 2023 9:53:20 AM org.eclipse.lsp4j.jsonrpc.RemoteEndpoint handleCancellation
WARNING: Unmatched cancel notification for request id 1311
2023.09.20 09:53:20 WARN  no build target for: /Users/frkaimo/play-slick-template/app/models/repo/HomeRepo.scala
2023.09.20 09:54:30 WARN  no build target for: /Users/frkaimo/play-slick-template/app/controllers/HomeController.scala
2023.09.20 09:55:52 WARN  no build target for: /Users/frkaimo/play-slick-template/app/controllers/HomeController.scala
2023.09.20 09:56:09 WARN  no build target for: /Users/frkaimo/play-slick-template/app/controllers/HomeController.scala
2023.09.20 09:56:09 WARN  no build target for: /Users/frkaimo/play-slick-template/app/controllers/HomeController.scala
2023.09.20 09:56:15 INFO  running '/Library/Java/JavaVirtualMachines/adoptopenjdk-8.jdk/Contents/Home/bin/java -Djline.terminal=jline.UnsupportedTerminal -Dsbt.log.noformat=true -Dfile.encoding=UTF-8 -jar /var/folders/t5/zdsdwp2145734swnhhp4b9m00000gp/T/metals3690094592418307611/sbt-launch.jar -Dbloop.export-jar-classifiers=sources bloopInstall'
2023.09.20 09:56:17 INFO  [info] welcome to sbt 1.9.6 (AdoptOpenJDK Java 1.8.0_292)
2023.09.20 09:56:17 INFO  [info] loading settings for project play-slick-template-build-build-build from metals.sbt ...
2023.09.20 09:56:20 INFO  [info] loading project definition from /Users/frkaimo/play-slick-template/project/project/project
2023.09.20 09:56:22 INFO  [info] loading settings for project play-slick-template-build-build from metals.sbt ...
2023.09.20 09:56:22 INFO  [info] loading project definition from /Users/frkaimo/play-slick-template/project/project
2023.09.20 09:56:27 INFO  [success] Generated .bloop/play-slick-template-build-build.json
2023.09.20 09:56:27 INFO  [success] Total time: 4 s, completed 09 20, 23 9:56:27 AM
2023.09.20 09:56:27 INFO  [info] loading settings for project play-slick-template-build from metals.sbt,plugins.sbt ...
2023.09.20 09:56:28 INFO  [info] loading project definition from /Users/frkaimo/play-slick-template/project
2023.09.20 09:56:30 INFO  [success] Generated .bloop/play-slick-template-build.json
2023.09.20 09:56:30 INFO  [success] Total time: 2 s, completed 09 20, 23 9:56:30 AM
2023.09.20 09:56:30 ERROR java.lang.UnsupportedClassVersionError: play/api/PlayException$ExceptionSource has been compiled by a more recent version of the Java Runtime (class file version 55.0), this version of the Java Runtime only recognizes class file versions up to 52.0
2023.09.20 09:56:30 ERROR 	at java.lang.ClassLoader.defineClass1(Native Method)
2023.09.20 09:56:30 ERROR 	at java.lang.ClassLoader.defineClass(ClassLoader.java:756)
2023.09.20 09:56:30 ERROR 	at java.security.SecureClassLoader.defineClass(SecureClassLoader.java:142)
2023.09.20 09:56:30 ERROR 	at java.net.URLClassLoader.defineClass(URLClassLoader.java:468)
2023.09.20 09:56:30 ERROR 	at java.net.URLClassLoader.access$100(URLClassLoader.java:74)
2023.09.20 09:56:30 ERROR 	at java.net.URLClassLoader$1.run(URLClassLoader.java:369)
2023.09.20 09:56:30 ERROR 	at java.net.URLClassLoader$1.run(URLClassLoader.java:363)
2023.09.20 09:56:30 ERROR 	at java.security.AccessController.doPrivileged(Native Method)
2023.09.20 09:56:30 ERROR 	at java.net.URLClassLoader.findClass(URLClassLoader.java:362)
2023.09.20 09:56:30 ERROR 	at java.lang.ClassLoader.loadClass(ClassLoader.java:418)
2023.09.20 09:56:30 ERROR 	at java.lang.ClassLoader.loadClass(ClassLoader.java:351)
2023.09.20 09:56:30 ERROR 	at java.lang.Class.forName0(Native Method)
2023.09.20 09:56:30 ERROR 	at java.lang.Class.forName(Class.java:348)
2023.09.20 09:56:30 ERROR 	at sbt.internal.inc.ModuleUtilities$.getObject(ModuleUtilities.scala:24)
2023.09.20 09:56:30 ERROR 	at sbt.internal.inc.ModuleUtilities$.getCheckedObject(ModuleUtilities.scala:32)
2023.09.20 09:56:30 ERROR 	at sbt.internal.inc.ModuleUtilities$.$anonfun$getCheckedObjects$1(ModuleUtilities.scala:37)
2023.09.20 09:56:30 ERROR 	at scala.collection.immutable.Stream.$anonfun$map$1(Stream.scala:418)
2023.09.20 09:56:30 ERROR 	at scala.collection.immutable.Stream$Cons.tail(Stream.scala:1173)
2023.09.20 09:56:30 ERROR 	at scala.collection.immutable.Stream$Cons.tail(Stream.scala:1163)
2023.09.20 09:56:30 ERROR 	at scala.collection.generic.Growable.loop$1(Growable.scala:57)
2023.09.20 09:56:30 ERROR 	at scala.collection.generic.Growable.$plus$plus$eq(Growable.scala:61)
2023.09.20 09:56:30 ERROR 	at scala.collection.generic.Growable.$plus$plus$eq$(Growable.scala:53)
2023.09.20 09:56:30 ERROR 	at scala.collection.mutable.ListBuffer.$plus$plus$eq(ListBuffer.scala:184)
2023.09.20 09:56:30 ERROR 	at scala.collection.mutable.ListBuffer.$plus$plus$eq(ListBuffer.scala:47)
2023.09.20 09:56:30 ERROR 	at scala.collection.TraversableLike.to(TraversableLike.scala:786)
2023.09.20 09:56:30 ERROR 	at scala.collection.TraversableLike.to$(TraversableLike.scala:783)
2023.09.20 09:56:30 ERROR 	at scala.collection.AbstractTraversable.to(Traversable.scala:108)
2023.09.20 09:56:30 ERROR 	at scala.collection.TraversableOnce.toList(TraversableOnce.scala:350)
2023.09.20 09:56:30 ERROR 	at scala.collection.TraversableOnce.toList$(TraversableOnce.scala:350)
2023.09.20 09:56:30 ERROR 	at scala.collection.AbstractTraversable.toList(Traversable.scala:108)
2023.09.20 09:56:30 ERROR 	at scala.collection.immutable.List.$plus$plus(List.scala:216)
2023.09.20 09:56:30 ERROR 	at sbt.internal.PluginDiscovery$.discoverAll(PluginDiscovery.scala:59)
2023.09.20 09:56:30 ERROR 	at sbt.internal.Load$.loadPlugins(Load.scala:1330)
2023.09.20 09:56:30 ERROR 	at sbt.internal.Load$.loadPluginDefinition(Load.scala:1275)
2023.09.20 09:56:30 ERROR 	at sbt.internal.Load$.buildPlugins(Load.scala:1254)
2023.09.20 09:56:30 ERROR 	at sbt.internal.Load$.plugins(Load.scala:1233)
2023.09.20 09:56:30 ERROR 	at sbt.internal.Load$.$anonfun$loadUnit$2(Load.scala:701)
2023.09.20 09:56:30 ERROR 	at sbt.internal.Load$.timed(Load.scala:1407)
2023.09.20 09:56:30 ERROR 	at sbt.internal.Load$.$anonfun$loadUnit$1(Load.scala:701)
2023.09.20 09:56:30 ERROR 	at sbt.internal.Load$.timed(Load.scala:1407)
2023.09.20 09:56:30 ERROR 	at sbt.internal.Load$.loadUnit(Load.scala:695)
2023.09.20 09:56:30 ERROR 	at sbt.internal.Load$.$anonfun$builtinLoader$4(Load.scala:493)
2023.09.20 09:56:30 ERROR 	at sbt.internal.BuildLoader$.$anonfun$componentLoader$5(BuildLoader.scala:181)
2023.09.20 09:56:30 ERROR 	at sbt.internal.BuildLoader.apply(BuildLoader.scala:246)
2023.09.20 09:56:30 ERROR 	at sbt.internal.Load$.loadURI$1(Load.scala:555)
2023.09.20 09:56:30 ERROR 	at sbt.internal.Load$.loadAll(Load.scala:571)
2023.09.20 09:56:30 ERROR 	at sbt.internal.Load$.loadURI(Load.scala:501)
2023.09.20 09:56:30 ERROR 	at sbt.internal.Load$.load(Load.scala:480)
2023.09.20 09:56:30 ERROR 	at sbt.internal.Load$.$anonfun$apply$1(Load.scala:242)
2023.09.20 09:56:30 ERROR 	at sbt.internal.Load$.timed(Load.scala:1407)
2023.09.20 09:56:30 ERROR 	at sbt.internal.Load$.apply(Load.scala:242)
2023.09.20 09:56:30 ERROR 	at sbt.internal.Load$.defaultLoad(Load.scala:57)
2023.09.20 09:56:30 ERROR 	at sbt.BuiltinCommands$.liftedTree1$1(Main.scala:964)
2023.09.20 09:56:30 ERROR 	at sbt.BuiltinCommands$.doLoadProject(Main.scala:964)
2023.09.20 09:56:30 ERROR 	at sbt.BuiltinCommands$.$anonfun$loadProjectImpl$2(Main.scala:917)
2023.09.20 09:56:30 ERROR 	at sbt.Command$.$anonfun$applyEffect$4(Command.scala:151)
2023.09.20 09:56:30 ERROR 	at sbt.Command$.$anonfun$applyEffect$2(Command.scala:146)
2023.09.20 09:56:30 ERROR 	at sbt.Command$.process(Command.scala:190)
2023.09.20 09:56:30 ERROR 	at sbt.MainLoop$.$anonfun$processCommand$5(MainLoop.scala:246)
2023.09.20 09:56:30 ERROR 	at scala.Option.getOrElse(Option.scala:189)
2023.09.20 09:56:30 ERROR 	at sbt.MainLoop$.process$1(MainLoop.scala:246)
2023.09.20 09:56:30 ERROR 	at sbt.MainLoop$.processCommand(MainLoop.scala:279)
2023.09.20 09:56:30 ERROR 	at sbt.MainLoop$.$anonfun$next$5(MainLoop.scala:164)
2023.09.20 09:56:30 ERROR 	at sbt.State$StateOpsImpl$.runCmd$1(State.scala:290)
2023.09.20 09:56:30 ERROR 	at sbt.State$StateOpsImpl$.process$extension(State.scala:326)
2023.09.20 09:56:30 ERROR 	at sbt.MainLoop$.$anonfun$next$4(MainLoop.scala:164)
2023.09.20 09:56:30 ERROR 	at sbt.internal.util.ErrorHandling$.wideConvert(ErrorHandling.scala:24)
2023.09.20 09:56:30 ERROR 	at sbt.MainLoop$.next(MainLoop.scala:164)
2023.09.20 09:56:30 ERROR 	at sbt.MainLoop$.run(MainLoop.scala:145)
2023.09.20 09:56:30 ERROR 	at sbt.MainLoop$.$anonfun$runWithNewLog$1(MainLoop.scala:120)
2023.09.20 09:56:30 ERROR 	at sbt.io.Using.apply(Using.scala:28)
2023.09.20 09:56:30 ERROR 	at sbt.MainLoop$.runWithNewLog(MainLoop.scala:113)
2023.09.20 09:56:30 ERROR 	at sbt.MainLoop$.runAndClearLast(MainLoop.scala:67)
2023.09.20 09:56:30 ERROR 	at sbt.MainLoop$.runLoggedLoop(MainLoop.scala:52)
2023.09.20 09:56:30 ERROR 	at sbt.MainLoop$.runLogged(MainLoop.scala:43)
2023.09.20 09:56:30 ERROR 	at sbt.StandardMain$.runManaged(Main.scala:225)
2023.09.20 09:56:30 ERROR 	at sbt.xMain$.$anonfun$run$11(Main.scala:135)
2023.09.20 09:56:30 ERROR 	at scala.util.DynamicVariable.withValue(DynamicVariable.scala:62)
2023.09.20 09:56:30 ERROR 	at scala.Console$.withIn(Console.scala:230)
2023.09.20 09:56:30 ERROR 	at sbt.internal.util.Terminal$.withIn(Terminal.scala:610)
2023.09.20 09:56:30 ERROR 	at sbt.internal.util.Terminal$.$anonfun$withStreams$1(Terminal.scala:390)
2023.09.20 09:56:30 ERROR 	at scala.util.DynamicVariable.withValue(DynamicVariable.scala:62)
2023.09.20 09:56:30 ERROR 	at scala.Console$.withOut(Console.scala:167)
2023.09.20 09:56:30 ERROR 	at sbt.internal.util.Terminal$.$anonfun$withOut$2(Terminal.scala:600)
2023.09.20 09:56:30 ERROR 	at scala.util.DynamicVariable.withValue(DynamicVariable.scala:62)
2023.09.20 09:56:30 ERROR 	at scala.Console$.withErr(Console.scala:196)
2023.09.20 09:56:30 ERROR 	at sbt.internal.util.Terminal$.withOut(Terminal.scala:600)
2023.09.20 09:56:30 ERROR 	at sbt.internal.util.Terminal$.withStreams(Terminal.scala:390)
2023.09.20 09:56:30 ERROR 	at sbt.xMain$.withStreams$1(Main.scala:88)
2023.09.20 09:56:30 ERROR 	at sbt.xMain$.run(Main.scala:123)
2023.09.20 09:56:30 ERROR 	at sun.reflect.NativeMethodAccessorImpl.invoke0(Native Method)
2023.09.20 09:56:30 ERROR 	at sun.reflect.NativeMethodAccessorImpl.invoke(NativeMethodAccessorImpl.java:62)
2023.09.20 09:56:30 ERROR 	at sun.reflect.DelegatingMethodAccessorImpl.invoke(DelegatingMethodAccessorImpl.java:43)
2023.09.20 09:56:30 ERROR 	at java.lang.reflect.Method.invoke(Method.java:498)
2023.09.20 09:56:30 ERROR 	at sbt.internal.XMainConfiguration.run(XMainConfiguration.java:59)
2023.09.20 09:56:30 ERROR 	at sbt.xMain.run(Main.scala:47)
2023.09.20 09:56:30 ERROR 	at xsbt.boot.Launch$.$anonfun$run$1(Launch.scala:149)
2023.09.20 09:56:30 ERROR 	at xsbt.boot.Launch$.withContextLoader(Launch.scala:176)
2023.09.20 09:56:30 ERROR 	at xsbt.boot.Launch$.run(Launch.scala:149)
2023.09.20 09:56:30 ERROR 	at xsbt.boot.Launch$.$anonfun$apply$1(Launch.scala:44)
2023.09.20 09:56:30 ERROR 	at xsbt.boot.Launch$.launch(Launch.scala:159)
2023.09.20 09:56:30 ERROR 	at xsbt.boot.Launch$.apply(Launch.scala:44)
2023.09.20 09:56:30 ERROR 	at xsbt.boot.Launch$.apply(Launch.scala:21)
2023.09.20 09:56:30 ERROR 	at xsbt.boot.Boot$.runImpl(Boot.scala:78)
2023.09.20 09:56:30 ERROR 	at xsbt.boot.Boot$.run(Boot.scala:73)
2023.09.20 09:56:30 ERROR 	at xsbt.boot.Boot$.main(Boot.scala:21)
2023.09.20 09:56:30 ERROR 	at xsbt.boot.Boot.main(Boot.scala)
2023.09.20 09:56:30 INFO  [error] java.lang.UnsupportedClassVersionError: play/api/PlayException$ExceptionSource has been compiled by a more recent version of the Java Runtime (class file version 55.0), this version of the Java Runtime only recognizes class file versions up to 52.0
2023.09.20 09:56:30 INFO  [error] Use 'last' for the full log.
2023.09.20 09:56:30 INFO  [warn] Project loading failed: (r)etry, (q)uit, (l)ast, or (i)gnore? (default: r)
2023.09.20 09:56:30 INFO  time: ran 'sbt bloopInstall' in 15s
2023.09.20 09:56:30 ERROR sbt command failed: /Library/Java/JavaVirtualMachines/adoptopenjdk-8.jdk/Contents/Home/bin/java -Djline.terminal=jline.UnsupportedTerminal -Dsbt.log.noformat=true -Dfile.encoding=UTF-8 -jar /var/folders/t5/zdsdwp2145734swnhhp4b9m00000gp/T/metals3690094592418307611/sbt-launch.jar -Dbloop.export-jar-classifiers=sources bloopInstall
2023.09.20 09:58:05 WARN  no build target for: /Users/frkaimo/play-slick-template/app/controllers/HomeController.scala
2023.09.20 09:59:12 INFO  Shutting down server
2023.09.20 09:59:12 INFO  shutting down Metals
2023.09.20 09:59:12 INFO  Exiting server
2023.09.20 09:59:50 INFO  Started: Metals version 1.0.1 in folders '/Users/frkaimo/play-slick-template' for client Visual Studio Code 1.74.3.
Sep 20, 2023 9:59:50 AM org.flywaydb.core.internal.license.VersionPrinter printVersionOnly
INFO: Flyway Community Edition 9.21.2 by Redgate
Sep 20, 2023 9:59:50 AM org.flywaydb.core.internal.license.VersionPrinter printVersion
INFO: See release notes here: https://rd.gt/416ObMi
Sep 20, 2023 9:59:50 AM org.flywaydb.core.internal.license.VersionPrinter printVersion
INFO: 
Sep 20, 2023 9:59:50 AM org.flywaydb.core.FlywayExecutor execute
INFO: Database: jdbc:h2:file:/Users/frkaimo/play-slick-template/.metals/metals (H2 2.1)
Sep 20, 2023 9:59:50 AM org.flywaydb.core.internal.command.DbValidate validate
INFO: Successfully validated 4 migrations (execution time 00:00.024s)
Sep 20, 2023 9:59:50 AM org.flywaydb.core.internal.command.DbMigrate migrateGroup
INFO: Current version of schema "PUBLIC": 4
Sep 20, 2023 9:59:50 AM org.flywaydb.core.internal.command.DbMigrate logSummary
INFO: Schema "PUBLIC" is up to date. No migration necessary.
2023.09.20 09:59:51 INFO  time: initialize in 0.69s
2023.09.20 09:59:52 WARN  Build server is not auto-connectable.
2023.09.20 09:59:52 WARN  no build target for: /Users/frkaimo/play-slick-template/app/controllers/HomeController.scala
2023.09.20 09:59:53 INFO  skipping build import with status 'Failed'
2023.09.20 09:59:54 INFO  running '/Library/Java/JavaVirtualMachines/adoptopenjdk-8.jdk/Contents/Home/bin/java -Djline.terminal=jline.UnsupportedTerminal -Dsbt.log.noformat=true -Dfile.encoding=UTF-8 -jar /var/folders/t5/zdsdwp2145734swnhhp4b9m00000gp/T/metals1834399541772394077/sbt-launch.jar -Dbloop.export-jar-classifiers=sources bloopInstall'
2023.09.20 09:59:56 INFO  no build target found for /Users/frkaimo/play-slick-template/app/controllers/HomeController.scala. Using presentation compiler with project's scala-library version: 3.3.0
2023.09.20 09:59:57 INFO  [info] welcome to sbt 1.9.6 (AdoptOpenJDK Java 1.8.0_292)
2023.09.20 09:59:58 INFO  [info] loading settings for project play-slick-template-build-build-build from metals.sbt ...
2023.09.20 09:59:59 INFO  time: code lens generation in 4.03s
2023.09.20 09:59:59 INFO  time: code lens generation in 6.91s
2023.09.20 10:00:00 INFO  [info] loading project definition from /Users/frkaimo/play-slick-template/project/project/project
2023.09.20 10:00:02 INFO  [info] loading settings for project play-slick-template-build-build from metals.sbt ...
2023.09.20 10:00:02 INFO  [info] loading project definition from /Users/frkaimo/play-slick-template/project/project
2023.09.20 10:00:07 INFO  [success] Generated .bloop/play-slick-template-build-build.json
2023.09.20 10:00:07 INFO  [success] Total time: 4 s, completed 09 20, 23 10:00:07 AM
2023.09.20 10:00:07 INFO  [info] loading settings for project play-slick-template-build from metals.sbt,plugins.sbt ...
2023.09.20 10:00:08 INFO  [info] loading project definition from /Users/frkaimo/play-slick-template/project
2023.09.20 10:00:10 INFO  [success] Generated .bloop/play-slick-template-build.json
2023.09.20 10:00:10 INFO  [success] Total time: 2 s, completed 09 20, 23 10:00:10 AM
2023.09.20 10:00:10 ERROR java.lang.UnsupportedClassVersionError: play/api/PlayException$ExceptionSource has been compiled by a more recent version of the Java Runtime (class file version 55.0), this version of the Java Runtime only recognizes class file versions up to 52.0
2023.09.20 10:00:10 ERROR 	at java.lang.ClassLoader.defineClass1(Native Method)
2023.09.20 10:00:10 ERROR 	at java.lang.ClassLoader.defineClass(ClassLoader.java:756)
2023.09.20 10:00:10 ERROR 	at java.security.SecureClassLoader.defineClass(SecureClassLoader.java:142)
2023.09.20 10:00:10 ERROR 	at java.net.URLClassLoader.defineClass(URLClassLoader.java:468)
2023.09.20 10:00:10 ERROR 	at java.net.URLClassLoader.access$100(URLClassLoader.java:74)
2023.09.20 10:00:10 ERROR 	at java.net.URLClassLoader$1.run(URLClassLoader.java:369)
2023.09.20 10:00:10 ERROR 	at java.net.URLClassLoader$1.run(URLClassLoader.java:363)
2023.09.20 10:00:10 ERROR 	at java.security.AccessController.doPrivileged(Native Method)
2023.09.20 10:00:10 ERROR 	at java.net.URLClassLoader.findClass(URLClassLoader.java:362)
2023.09.20 10:00:10 ERROR 	at java.lang.ClassLoader.loadClass(ClassLoader.java:418)
2023.09.20 10:00:10 ERROR 	at java.lang.ClassLoader.loadClass(ClassLoader.java:351)
2023.09.20 10:00:10 ERROR 	at java.lang.Class.forName0(Native Method)
2023.09.20 10:00:10 ERROR 	at java.lang.Class.forName(Class.java:348)
2023.09.20 10:00:10 ERROR 	at sbt.internal.inc.ModuleUtilities$.getObject(ModuleUtilities.scala:24)
2023.09.20 10:00:10 ERROR 	at sbt.internal.inc.ModuleUtilities$.getCheckedObject(ModuleUtilities.scala:32)
2023.09.20 10:00:10 ERROR 	at sbt.internal.inc.ModuleUtilities$.$anonfun$getCheckedObjects$1(ModuleUtilities.scala:37)
2023.09.20 10:00:10 ERROR 	at scala.collection.immutable.Stream.$anonfun$map$1(Stream.scala:418)
2023.09.20 10:00:10 ERROR 	at scala.collection.immutable.Stream$Cons.tail(Stream.scala:1173)
2023.09.20 10:00:10 ERROR 	at scala.collection.immutable.Stream$Cons.tail(Stream.scala:1163)
2023.09.20 10:00:10 ERROR 	at scala.collection.generic.Growable.loop$1(Growable.scala:57)
2023.09.20 10:00:10 ERROR 	at scala.collection.generic.Growable.$plus$plus$eq(Growable.scala:61)
2023.09.20 10:00:10 ERROR 	at scala.collection.generic.Growable.$plus$plus$eq$(Growable.scala:53)
2023.09.20 10:00:10 ERROR 	at scala.collection.mutable.ListBuffer.$plus$plus$eq(ListBuffer.scala:184)
2023.09.20 10:00:10 ERROR 	at scala.collection.mutable.ListBuffer.$plus$plus$eq(ListBuffer.scala:47)
2023.09.20 10:00:10 ERROR 	at scala.collection.TraversableLike.to(TraversableLike.scala:786)
2023.09.20 10:00:10 ERROR 	at scala.collection.TraversableLike.to$(TraversableLike.scala:783)
2023.09.20 10:00:10 ERROR 	at scala.collection.AbstractTraversable.to(Traversable.scala:108)
2023.09.20 10:00:10 ERROR 	at scala.collection.TraversableOnce.toList(TraversableOnce.scala:350)
2023.09.20 10:00:10 ERROR 	at scala.collection.TraversableOnce.toList$(TraversableOnce.scala:350)
2023.09.20 10:00:10 ERROR 	at scala.collection.AbstractTraversable.toList(Traversable.scala:108)
2023.09.20 10:00:10 ERROR 	at scala.collection.immutable.List.$plus$plus(List.scala:216)
2023.09.20 10:00:10 ERROR 	at sbt.internal.PluginDiscovery$.discoverAll(PluginDiscovery.scala:59)
2023.09.20 10:00:10 ERROR 	at sbt.internal.Load$.loadPlugins(Load.scala:1330)
2023.09.20 10:00:10 ERROR 	at sbt.internal.Load$.loadPluginDefinition(Load.scala:1275)
2023.09.20 10:00:10 ERROR 	at sbt.internal.Load$.buildPlugins(Load.scala:1254)
2023.09.20 10:00:10 ERROR 	at sbt.internal.Load$.plugins(Load.scala:1233)
2023.09.20 10:00:10 ERROR 	at sbt.internal.Load$.$anonfun$loadUnit$2(Load.scala:701)
2023.09.20 10:00:10 ERROR 	at sbt.internal.Load$.timed(Load.scala:1407)
2023.09.20 10:00:10 ERROR 	at sbt.internal.Load$.$anonfun$loadUnit$1(Load.scala:701)
2023.09.20 10:00:10 ERROR 	at sbt.internal.Load$.timed(Load.scala:1407)
2023.09.20 10:00:10 ERROR 	at sbt.internal.Load$.loadUnit(Load.scala:695)
2023.09.20 10:00:10 ERROR 	at sbt.internal.Load$.$anonfun$builtinLoader$4(Load.scala:493)
2023.09.20 10:00:10 INFO  [error] java.lang.UnsupportedClassVersionError: play/api/PlayException$ExceptionSource has been compiled by a more recent version of the Java Runtime (class file version 55.0), this version of the Java Runtime only recognizes class file versions up to 52.0
2023.09.20 10:00:10 INFO  [error] Use 'last' for the full log.
2023.09.20 10:00:10 ERROR 	at sbt.internal.BuildLoader$.$anonfun$componentLoader$5(BuildLoader.scala:181)
2023.09.20 10:00:10 ERROR 	at sbt.internal.BuildLoader.apply(BuildLoader.scala:246)
2023.09.20 10:00:10 ERROR 	at sbt.internal.Load$.loadURI$1(Load.scala:555)
2023.09.20 10:00:10 ERROR 	at sbt.internal.Load$.loadAll(Load.scala:571)
2023.09.20 10:00:10 ERROR 	at sbt.internal.Load$.loadURI(Load.scala:501)
2023.09.20 10:00:10 ERROR 	at sbt.internal.Load$.load(Load.scala:480)
2023.09.20 10:00:10 ERROR 	at sbt.internal.Load$.$anonfun$apply$1(Load.scala:242)
2023.09.20 10:00:10 ERROR 	at sbt.internal.Load$.timed(Load.scala:1407)
2023.09.20 10:00:10 ERROR 	at sbt.internal.Load$.apply(Load.scala:242)
2023.09.20 10:00:10 ERROR 	at sbt.internal.Load$.defaultLoad(Load.scala:57)
2023.09.20 10:00:10 ERROR 	at sbt.BuiltinCommands$.liftedTree1$1(Main.scala:964)
2023.09.20 10:00:10 ERROR 	at sbt.BuiltinCommands$.doLoadProject(Main.scala:964)
2023.09.20 10:00:10 ERROR 	at sbt.BuiltinCommands$.$anonfun$loadProjectImpl$2(Main.scala:917)
2023.09.20 10:00:10 ERROR 	at sbt.Command$.$anonfun$applyEffect$4(Command.scala:151)
2023.09.20 10:00:10 ERROR 	at sbt.Command$.$anonfun$applyEffect$2(Command.scala:146)
2023.09.20 10:00:10 ERROR 	at sbt.Command$.process(Command.scala:190)
2023.09.20 10:00:10 ERROR 	at sbt.MainLoop$.$anonfun$processCommand$5(MainLoop.scala:246)
2023.09.20 10:00:10 ERROR 	at scala.Option.getOrElse(Option.scala:189)
2023.09.20 10:00:10 ERROR 	at sbt.MainLoop$.process$1(MainLoop.scala:246)
2023.09.20 10:00:10 ERROR 	at sbt.MainLoop$.processCommand(MainLoop.scala:279)
2023.09.20 10:00:10 ERROR 	at sbt.MainLoop$.$anonfun$next$5(MainLoop.scala:164)
2023.09.20 10:00:10 ERROR 	at sbt.State$StateOpsImpl$.runCmd$1(State.scala:290)
2023.09.20 10:00:10 ERROR 	at sbt.State$StateOpsImpl$.process$extension(State.scala:326)
2023.09.20 10:00:10 ERROR 	at sbt.MainLoop$.$anonfun$next$4(MainLoop.scala:164)
2023.09.20 10:00:10 ERROR 	at sbt.internal.util.ErrorHandling$.wideConvert(ErrorHandling.scala:24)
2023.09.20 10:00:10 ERROR 	at sbt.MainLoop$.next(MainLoop.scala:164)
2023.09.20 10:00:10 ERROR 	at sbt.MainLoop$.run(MainLoop.scala:145)
2023.09.20 10:00:10 ERROR 	at sbt.MainLoop$.$anonfun$runWithNewLog$1(MainLoop.scala:120)
2023.09.20 10:00:10 INFO  [warn] Project loading failed: (r)etry, (q)uit, (l)ast, or (i)gnore? (default: r)
2023.09.20 10:00:10 ERROR 	at sbt.io.Using.apply(Using.scala:28)
2023.09.20 10:00:10 ERROR 	at sbt.MainLoop$.runWithNewLog(MainLoop.scala:113)
2023.09.20 10:00:10 ERROR 	at sbt.MainLoop$.runAndClearLast(MainLoop.scala:67)
2023.09.20 10:00:10 ERROR 	at sbt.MainLoop$.runLoggedLoop(MainLoop.scala:52)
2023.09.20 10:00:10 ERROR 	at sbt.MainLoop$.runLogged(MainLoop.scala:43)
2023.09.20 10:00:10 ERROR 	at sbt.StandardMain$.runManaged(Main.scala:225)
2023.09.20 10:00:10 ERROR 	at sbt.xMain$.$anonfun$run$11(Main.scala:135)
2023.09.20 10:00:10 ERROR 	at scala.util.DynamicVariable.withValue(DynamicVariable.scala:62)
2023.09.20 10:00:10 ERROR 	at scala.Console$.withIn(Console.scala:230)
2023.09.20 10:00:10 ERROR 	at sbt.internal.util.Terminal$.withIn(Terminal.scala:610)
2023.09.20 10:00:10 ERROR 	at sbt.internal.util.Terminal$.$anonfun$withStreams$1(Terminal.scala:390)
2023.09.20 10:00:10 ERROR 	at scala.util.DynamicVariable.withValue(DynamicVariable.scala:62)
2023.09.20 10:00:10 ERROR 	at scala.Console$.withOut(Console.scala:167)
2023.09.20 10:00:10 ERROR 	at sbt.internal.util.Terminal$.$anonfun$withOut$2(Terminal.scala:600)
2023.09.20 10:00:10 ERROR 	at scala.util.DynamicVariable.withValue(DynamicVariable.scala:62)
2023.09.20 10:00:10 ERROR 	at scala.Console$.withErr(Console.scala:196)
2023.09.20 10:00:10 ERROR 	at sbt.internal.util.Terminal$.withOut(Terminal.scala:600)
2023.09.20 10:00:10 ERROR 	at sbt.internal.util.Terminal$.withStreams(Terminal.scala:390)
2023.09.20 10:00:10 ERROR 	at sbt.xMain$.withStreams$1(Main.scala:88)
2023.09.20 10:00:10 ERROR 	at sbt.xMain$.run(Main.scala:123)
2023.09.20 10:00:10 ERROR 	at sun.reflect.NativeMethodAccessorImpl.invoke0(Native Method)
2023.09.20 10:00:10 ERROR 	at sun.reflect.NativeMethodAccessorImpl.invoke(NativeMethodAccessorImpl.java:62)
2023.09.20 10:00:10 ERROR 	at sun.reflect.DelegatingMethodAccessorImpl.invoke(DelegatingMethodAccessorImpl.java:43)
2023.09.20 10:00:10 ERROR 	at java.lang.reflect.Method.invoke(Method.java:498)
2023.09.20 10:00:10 ERROR 	at sbt.internal.XMainConfiguration.run(XMainConfiguration.java:59)
2023.09.20 10:00:10 ERROR 	at sbt.xMain.run(Main.scala:47)
2023.09.20 10:00:10 ERROR 	at xsbt.boot.Launch$.$anonfun$run$1(Launch.scala:149)
2023.09.20 10:00:10 ERROR 	at xsbt.boot.Launch$.withContextLoader(Launch.scala:176)
2023.09.20 10:00:10 ERROR 	at xsbt.boot.Launch$.run(Launch.scala:149)
2023.09.20 10:00:10 ERROR 	at xsbt.boot.Launch$.$anonfun$apply$1(Launch.scala:44)
2023.09.20 10:00:10 ERROR 	at xsbt.boot.Launch$.launch(Launch.scala:159)
2023.09.20 10:00:10 ERROR 	at xsbt.boot.Launch$.apply(Launch.scala:44)
2023.09.20 10:00:10 ERROR 	at xsbt.boot.Launch$.apply(Launch.scala:21)
2023.09.20 10:00:10 ERROR 	at xsbt.boot.Boot$.runImpl(Boot.scala:78)
2023.09.20 10:00:10 ERROR 	at xsbt.boot.Boot$.run(Boot.scala:73)
2023.09.20 10:00:10 ERROR 	at xsbt.boot.Boot$.main(Boot.scala:21)
2023.09.20 10:00:10 ERROR 	at xsbt.boot.Boot.main(Boot.scala)
2023.09.20 10:00:11 INFO  time: ran 'sbt bloopInstall' in 16s
2023.09.20 10:00:11 ERROR sbt command failed: /Library/Java/JavaVirtualMachines/adoptopenjdk-8.jdk/Contents/Home/bin/java -Djline.terminal=jline.UnsupportedTerminal -Dsbt.log.noformat=true -Dfile.encoding=UTF-8 -jar /var/folders/t5/zdsdwp2145734swnhhp4b9m00000gp/T/metals1834399541772394077/sbt-launch.jar -Dbloop.export-jar-classifiers=sources bloopInstall
2023.09.20 10:00:19 WARN  no build target for: /Users/frkaimo/play-slick-template/build.sc
2023.09.20 10:00:20 WARN  no build target for: /Users/frkaimo/play-slick-template/build.sbt
2023.09.20 10:00:31 WARN  no build target for: /Users/frkaimo/play-slick-template/app/controllers/HomeController.scala
2023.09.20 10:00:31 WARN  no build target for: /Users/frkaimo/play-slick-template/app/controllers/HomeController.scala
2023.09.20 10:00:36 WARN  no build target for: /Users/frkaimo/play-slick-template/build.sbt
2023.09.20 10:00:37 WARN  no build target for: /Users/frkaimo/play-slick-template/build.sbt
2023.09.20 10:00:37 INFO  skipping build import with status 'Failed'
2023.09.20 10:00:37 WARN  no build target for: /Users/frkaimo/play-slick-template/build.sbt
2023.09.20 10:00:37 INFO  skipping build import with status 'Failed'
2023.09.20 10:00:38 WARN  no build target for: /Users/frkaimo/play-slick-template/build.sbt
2023.09.20 10:00:38 INFO  skipping build import with status 'Failed'
2023.09.20 10:00:38 WARN  no build target for: /Users/frkaimo/play-slick-template/build.sbt
2023.09.20 10:00:38 INFO  skipping build import with status 'Failed'
2023.09.20 10:00:49 WARN  no build target for: /Users/frkaimo/play-slick-template/build.sbt
2023.09.20 10:00:49 INFO  skipping build import with status 'Failed'
2023.09.20 10:00:51 WARN  no build target for: /Users/frkaimo/play-slick-template/build.sbt
2023.09.20 10:00:53 WARN  no build target for: /Users/frkaimo/play-slick-template/build.sbt
2023.09.20 10:00:55 INFO  running '/Library/Java/JavaVirtualMachines/adoptopenjdk-8.jdk/Contents/Home/bin/java -Djline.terminal=jline.UnsupportedTerminal -Dsbt.log.noformat=true -Dfile.encoding=UTF-8 -jar /var/folders/t5/zdsdwp2145734swnhhp4b9m00000gp/T/metals6602953333293298649/sbt-launch.jar -Dbloop.export-jar-classifiers=sources bloopInstall'
2023.09.20 10:00:57 INFO  [info] welcome to sbt 1.9.6 (AdoptOpenJDK Java 1.8.0_292)
2023.09.20 10:00:58 INFO  [info] loading settings for project play-slick-template-build-build-build from metals.sbt ...
2023.09.20 10:01:00 INFO  [info] loading project definition from /Users/frkaimo/play-slick-template/project/project/project
2023.09.20 10:01:01 INFO  [info] loading settings for project play-slick-template-build-build from metals.sbt ...
2023.09.20 10:01:01 INFO  [info] loading project definition from /Users/frkaimo/play-slick-template/project/project
2023.09.20 10:01:06 INFO  [success] Generated .bloop/play-slick-template-build-build.json
2023.09.20 10:01:06 INFO  [success] Total time: 4 s, completed 09 20, 23 10:01:07 AM
2023.09.20 10:01:06 INFO  [info] loading settings for project play-slick-template-build from metals.sbt,plugins.sbt ...
2023.09.20 10:01:07 INFO  [info] loading project definition from /Users/frkaimo/play-slick-template/project
2023.09.20 10:01:09 INFO  [success] Generated .bloop/play-slick-template-build.json
2023.09.20 10:01:09 INFO  [success] Total time: 2 s, completed 09 20, 23 10:01:09 AM
2023.09.20 10:01:10 ERROR java.lang.UnsupportedClassVersionError: play/api/PlayException$ExceptionSource has been compiled by a more recent version of the Java Runtime (class file version 55.0), this version of the Java Runtime only recognizes class file versions up to 52.0
2023.09.20 10:01:10 ERROR 	at java.lang.ClassLoader.defineClass1(Native Method)
2023.09.20 10:01:10 ERROR 	at java.lang.ClassLoader.defineClass(ClassLoader.java:756)
2023.09.20 10:01:10 ERROR 	at java.security.SecureClassLoader.defineClass(SecureClassLoader.java:142)
2023.09.20 10:01:10 ERROR 	at java.net.URLClassLoader.defineClass(URLClassLoader.java:468)
2023.09.20 10:01:10 ERROR 	at java.net.URLClassLoader.access$100(URLClassLoader.java:74)
2023.09.20 10:01:10 ERROR 	at java.net.URLClassLoader$1.run(URLClassLoader.java:369)
2023.09.20 10:01:10 ERROR 	at java.net.URLClassLoader$1.run(URLClassLoader.java:363)
2023.09.20 10:01:10 ERROR 	at java.security.AccessController.doPrivileged(Native Method)
2023.09.20 10:01:10 ERROR 	at java.net.URLClassLoader.findClass(URLClassLoader.java:362)
2023.09.20 10:01:10 ERROR 	at java.lang.ClassLoader.loadClass(ClassLoader.java:418)
2023.09.20 10:01:10 ERROR 	at java.lang.ClassLoader.loadClass(ClassLoader.java:351)
2023.09.20 10:01:10 ERROR 	at java.lang.Class.forName0(Native Method)
2023.09.20 10:01:10 ERROR 	at java.lang.Class.forName(Class.java:348)
2023.09.20 10:01:10 ERROR 	at sbt.internal.inc.ModuleUtilities$.getObject(ModuleUtilities.scala:24)
2023.09.20 10:01:10 ERROR 	at sbt.internal.inc.ModuleUtilities$.getCheckedObject(ModuleUtilities.scala:32)
2023.09.20 10:01:10 ERROR 	at sbt.internal.inc.ModuleUtilities$.$anonfun$getCheckedObjects$1(ModuleUtilities.scala:37)
2023.09.20 10:01:10 ERROR 	at scala.collection.immutable.Stream.$anonfun$map$1(Stream.scala:418)
2023.09.20 10:01:10 ERROR 	at scala.collection.immutable.Stream$Cons.tail(Stream.scala:1173)
2023.09.20 10:01:10 ERROR 	at scala.collection.immutable.Stream$Cons.tail(Stream.scala:1163)
2023.09.20 10:01:10 ERROR 	at scala.collection.generic.Growable.loop$1(Growable.scala:57)
2023.09.20 10:01:10 ERROR 	at scala.collection.generic.Growable.$plus$plus$eq(Growable.scala:61)
2023.09.20 10:01:10 ERROR 	at scala.collection.generic.Growable.$plus$plus$eq$(Growable.scala:53)
2023.09.20 10:01:10 ERROR 	at scala.collection.mutable.ListBuffer.$plus$plus$eq(ListBuffer.scala:184)
2023.09.20 10:01:10 ERROR 	at scala.collection.mutable.ListBuffer.$plus$plus$eq(ListBuffer.scala:47)
2023.09.20 10:01:10 ERROR 	at scala.collection.TraversableLike.to(TraversableLike.scala:786)
2023.09.20 10:01:10 ERROR 	at scala.collection.TraversableLike.to$(TraversableLike.scala:783)
2023.09.20 10:01:10 ERROR 	at scala.collection.AbstractTraversable.to(Traversable.scala:108)
2023.09.20 10:01:10 ERROR 	at scala.collection.TraversableOnce.toList(TraversableOnce.scala:350)
2023.09.20 10:01:10 ERROR 	at scala.collection.TraversableOnce.toList$(TraversableOnce.scala:350)
2023.09.20 10:01:10 ERROR 	at scala.collection.AbstractTraversable.toList(Traversable.scala:108)
2023.09.20 10:01:10 ERROR 	at scala.collection.immutable.List.$plus$plus(List.scala:216)
2023.09.20 10:01:10 ERROR 	at sbt.internal.PluginDiscovery$.discoverAll(PluginDiscovery.scala:59)
2023.09.20 10:01:10 ERROR 	at sbt.internal.Load$.loadPlugins(Load.scala:1330)
2023.09.20 10:01:10 ERROR 	at sbt.internal.Load$.loadPluginDefinition(Load.scala:1275)
2023.09.20 10:01:10 ERROR 	at sbt.internal.Load$.buildPlugins(Load.scala:1254)
2023.09.20 10:01:10 ERROR 	at sbt.internal.Load$.plugins(Load.scala:1233)
2023.09.20 10:01:10 ERROR 	at sbt.internal.Load$.$anonfun$loadUnit$2(Load.scala:701)
2023.09.20 10:01:10 ERROR 	at sbt.internal.Load$.timed(Load.scala:1407)
2023.09.20 10:01:10 ERROR 	at sbt.internal.Load$.$anonfun$loadUnit$1(Load.scala:701)
2023.09.20 10:01:10 ERROR 	at sbt.internal.Load$.timed(Load.scala:1407)
2023.09.20 10:01:10 ERROR 	at sbt.internal.Load$.loadUnit(Load.scala:695)
2023.09.20 10:01:10 ERROR 	at sbt.internal.Load$.$anonfun$builtinLoader$4(Load.scala:493)
2023.09.20 10:01:10 ERROR 	at sbt.internal.BuildLoader$.$anonfun$componentLoader$5(BuildLoader.scala:181)
2023.09.20 10:01:10 ERROR 	at sbt.internal.BuildLoader.apply(BuildLoader.scala:246)
2023.09.20 10:01:10 ERROR 	at sbt.internal.Load$.loadURI$1(Load.scala:555)
2023.09.20 10:01:10 ERROR 	at sbt.internal.Load$.loadAll(Load.scala:571)
2023.09.20 10:01:10 ERROR 	at sbt.internal.Load$.loadURI(Load.scala:501)
2023.09.20 10:01:10 ERROR 	at sbt.internal.Load$.load(Load.scala:480)
2023.09.20 10:01:10 ERROR 	at sbt.internal.Load$.$anonfun$apply$1(Load.scala:242)
2023.09.20 10:01:10 ERROR 	at sbt.internal.Load$.timed(Load.scala:1407)
2023.09.20 10:01:10 ERROR 	at sbt.internal.Load$.apply(Load.scala:242)
2023.09.20 10:01:10 ERROR 	at sbt.internal.Load$.defaultLoad(Load.scala:57)
2023.09.20 10:01:10 ERROR 	at sbt.BuiltinCommands$.liftedTree1$1(Main.scala:964)
2023.09.20 10:01:10 ERROR 	at sbt.BuiltinCommands$.doLoadProject(Main.scala:964)
2023.09.20 10:01:10 ERROR 	at sbt.BuiltinCommands$.$anonfun$loadProjectImpl$2(Main.scala:917)
2023.09.20 10:01:10 ERROR 	at sbt.Command$.$anonfun$applyEffect$4(Command.scala:151)
2023.09.20 10:01:10 ERROR 	at sbt.Command$.$anonfun$applyEffect$2(Command.scala:146)
2023.09.20 10:01:10 ERROR 	at sbt.Command$.process(Command.scala:190)
2023.09.20 10:01:10 ERROR 	at sbt.MainLoop$.$anonfun$processCommand$5(MainLoop.scala:246)
2023.09.20 10:01:10 ERROR 	at scala.Option.getOrElse(Option.scala:189)
2023.09.20 10:01:10 ERROR 	at sbt.MainLoop$.process$1(MainLoop.scala:246)
2023.09.20 10:01:10 ERROR 	at sbt.MainLoop$.processCommand(MainLoop.scala:279)
2023.09.20 10:01:10 ERROR 	at sbt.MainLoop$.$anonfun$next$5(MainLoop.scala:164)
2023.09.20 10:01:10 ERROR 	at sbt.State$StateOpsImpl$.runCmd$1(State.scala:290)
2023.09.20 10:01:10 ERROR 	at sbt.State$StateOpsImpl$.process$extension(State.scala:326)
2023.09.20 10:01:10 ERROR 	at sbt.MainLoop$.$anonfun$next$4(MainLoop.scala:164)
2023.09.20 10:01:10 ERROR 	at sbt.internal.util.ErrorHandling$.wideConvert(ErrorHandling.scala:24)
2023.09.20 10:01:10 ERROR 	at sbt.MainLoop$.next(MainLoop.scala:164)
2023.09.20 10:01:10 ERROR 	at sbt.MainLoop$.run(MainLoop.scala:145)
2023.09.20 10:01:10 ERROR 	at sbt.MainLoop$.$anonfun$runWithNewLog$1(MainLoop.scala:120)
2023.09.20 10:01:10 ERROR 	at sbt.io.Using.apply(Using.scala:28)
2023.09.20 10:01:10 ERROR 	at sbt.MainLoop$.runWithNewLog(MainLoop.scala:113)
2023.09.20 10:01:10 ERROR 	at sbt.MainLoop$.runAndClearLast(MainLoop.scala:67)
2023.09.20 10:01:10 ERROR 	at sbt.MainLoop$.runLoggedLoop(MainLoop.scala:52)
2023.09.20 10:01:10 ERROR 	at sbt.MainLoop$.runLogged(MainLoop.scala:43)
2023.09.20 10:01:10 ERROR 	at sbt.StandardMain$.runManaged(Main.scala:225)
2023.09.20 10:01:10 ERROR 	at sbt.xMain$.$anonfun$run$11(Main.scala:135)
2023.09.20 10:01:10 ERROR 	at scala.util.DynamicVariable.withValue(DynamicVariable.scala:62)
2023.09.20 10:01:10 ERROR 	at scala.Console$.withIn(Console.scala:230)
2023.09.20 10:01:10 ERROR 	at sbt.internal.util.Terminal$.withIn(Terminal.scala:610)
2023.09.20 10:01:10 ERROR 	at sbt.internal.util.Terminal$.$anonfun$withStreams$1(Terminal.scala:390)
2023.09.20 10:01:10 ERROR 	at scala.util.DynamicVariable.withValue(DynamicVariable.scala:62)
2023.09.20 10:01:10 ERROR 	at scala.Console$.withOut(Console.scala:167)
2023.09.20 10:01:10 ERROR 	at sbt.internal.util.Terminal$.$anonfun$withOut$2(Terminal.scala:600)
2023.09.20 10:01:10 ERROR 	at scala.util.DynamicVariable.withValue(DynamicVariable.scala:62)
2023.09.20 10:01:10 ERROR 	at scala.Console$.withErr(Console.scala:196)
2023.09.20 10:01:10 ERROR 	at sbt.internal.util.Terminal$.withOut(Terminal.scala:600)
2023.09.20 10:01:10 ERROR 	at sbt.internal.util.Terminal$.withStreams(Terminal.scala:390)
2023.09.20 10:01:10 ERROR 	at sbt.xMain$.withStreams$1(Main.scala:88)
2023.09.20 10:01:09 INFO  [error] java.lang.UnsupportedClassVersionError: play/api/PlayException$ExceptionSource has been compiled by a more recent version of the Java Runtime (class file version 55.0), this version of the Java Runtime only recognizes class file versions up to 52.0
2023.09.20 10:01:10 ERROR 	at sbt.xMain$.run(Main.scala:123)
2023.09.20 10:01:10 ERROR 	at sun.reflect.NativeMethodAccessorImpl.invoke0(Native Method)
2023.09.20 10:01:10 ERROR 	at sun.reflect.NativeMethodAccessorImpl.invoke(NativeMethodAccessorImpl.java:62)
2023.09.20 10:01:09 INFO  [error] Use 'last' for the full log.
2023.09.20 10:01:10 ERROR 	at sun.reflect.DelegatingMethodAccessorImpl.invoke(DelegatingMethodAccessorImpl.java:43)
2023.09.20 10:01:10 ERROR 	at java.lang.reflect.Method.invoke(Method.java:498)
2023.09.20 10:01:10 ERROR 	at sbt.internal.XMainConfiguration.run(XMainConfiguration.java:59)
2023.09.20 10:01:10 ERROR 	at sbt.xMain.run(Main.scala:47)
2023.09.20 10:01:10 ERROR 	at xsbt.boot.Launch$.$anonfun$run$1(Launch.scala:149)
2023.09.20 10:01:10 ERROR 	at xsbt.boot.Launch$.withContextLoader(Launch.scala:176)
2023.09.20 10:01:10 ERROR 	at xsbt.boot.Launch$.run(Launch.scala:149)
2023.09.20 10:01:10 ERROR 	at xsbt.boot.Launch$.$anonfun$apply$1(Launch.scala:44)
2023.09.20 10:01:10 ERROR 	at xsbt.boot.Launch$.launch(Launch.scala:159)
2023.09.20 10:01:10 ERROR 	at xsbt.boot.Launch$.apply(Launch.scala:44)
2023.09.20 10:01:10 ERROR 	at xsbt.boot.Launch$.apply(Launch.scala:21)
2023.09.20 10:01:10 ERROR 	at xsbt.boot.Boot$.runImpl(Boot.scala:78)
2023.09.20 10:01:10 ERROR 	at xsbt.boot.Boot$.run(Boot.scala:73)
2023.09.20 10:01:10 ERROR 	at xsbt.boot.Boot$.main(Boot.scala:21)
2023.09.20 10:01:10 ERROR 	at xsbt.boot.Boot.main(Boot.scala)
2023.09.20 10:01:09 INFO  [warn] Project loading failed: (r)etry, (q)uit, (l)ast, or (i)gnore? (default: r)
2023.09.20 10:01:10 INFO  time: ran 'sbt bloopInstall' in 15s
2023.09.20 10:01:10 ERROR sbt command failed: /Library/Java/JavaVirtualMachines/adoptopenjdk-8.jdk/Contents/Home/bin/java -Djline.terminal=jline.UnsupportedTerminal -Dsbt.log.noformat=true -Dfile.encoding=UTF-8 -jar /var/folders/t5/zdsdwp2145734swnhhp4b9m00000gp/T/metals6602953333293298649/sbt-launch.jar -Dbloop.export-jar-classifiers=sources bloopInstall
2023.09.20 10:01:10 INFO  skipping build import with status 'Failed'
2023.09.20 10:01:22 WARN  no build target for: /Users/frkaimo/play-slick-template/app/models/repo/HomeRepo.scala
2023.09.20 10:01:23 WARN  no build target for: /Users/frkaimo/play-slick-template/app/models/domain/Home.scala
2023.09.20 10:01:46 INFO  Attempting to connect to the build server...
2023.09.20 10:01:46 INFO  Bloop uses /Library/Java/JavaVirtualMachines/adoptopenjdk-8.jdk/Contents/Home defined at /Users/frkaimo/.bloop/bloop.json
2023.09.20 10:01:46 INFO  tracing is disabled for protocol BSP, to enable tracing of incoming and outgoing JSON messages create an empty file at /Users/frkaimo/play-slick-template/.metals/bsp.trace.json or /Users/frkaimo/Library/Caches/org.scalameta.metals/bsp.trace.json
2023.09.20 10:01:46 INFO  Attempting to connect to the build server...
2023.09.20 10:01:46 INFO  Bloop uses /Library/Java/JavaVirtualMachines/adoptopenjdk-8.jdk/Contents/Home defined at /Users/frkaimo/.bloop/bloop.json
2023.09.20 10:01:46 INFO  Attempting to connect to the build server...
2023.09.20 10:01:46 INFO  Bloop uses /Library/Java/JavaVirtualMachines/adoptopenjdk-8.jdk/Contents/Home defined at /Users/frkaimo/.bloop/bloop.json
2023.09.20 10:01:46 INFO  tracing is disabled for protocol BSP, to enable tracing of incoming and outgoing JSON messages create an empty file at /Users/frkaimo/play-slick-template/project/project/.metals/bsp.trace.json or /Users/frkaimo/Library/Caches/org.scalameta.metals/bsp.trace.json
2023.09.20 10:01:46 INFO  tracing is disabled for protocol BSP, to enable tracing of incoming and outgoing JSON messages create an empty file at /Users/frkaimo/play-slick-template/project/.metals/bsp.trace.json or /Users/frkaimo/Library/Caches/org.scalameta.metals/bsp.trace.json
2023.09.20 10:01:46 INFO  time: Connected to build server in 0.87s
2023.09.20 10:01:46 INFO  Connected to Build server: Bloop v1.5.8
2023.09.20 10:01:46 ERROR Empty build targets. Expected at least one build target identifier.
2023.09.20 10:01:46 ERROR Empty build targets. Expected at least one build target identifier.
2023.09.20 10:01:46 ERROR Empty build targets. Expected at least one build target identifier.
2023.09.20 10:01:46 ERROR Empty build targets. Expected at least one build target identifier.
2023.09.20 10:01:51 INFO  time: indexed workspace in 4.66s
2023.09.20 10:01:51 WARN  no build target for: /Users/frkaimo/play-slick-template/app/models/repo/HomeRepo.scala
2023.09.20 10:01:51 WARN  no build target for: /Users/frkaimo/play-slick-template/build.sbt
2023.09.20 10:01:51 WARN  no build target for: /Users/frkaimo/play-slick-template/app/models/domain/Home.scala
2023.09.20 10:01:51 WARN  no build target for: /Users/frkaimo/play-slick-template/app/controllers/HomeController.scala
2023.09.20 10:02:47 INFO  running '/Library/Java/JavaVirtualMachines/adoptopenjdk-8.jdk/Contents/Home/bin/java -Djline.terminal=jline.UnsupportedTerminal -Dsbt.log.noformat=true -Dfile.encoding=UTF-8 -jar /var/folders/t5/zdsdwp2145734swnhhp4b9m00000gp/T/metals1072393017316678756/sbt-launch.jar -Dbloop.export-jar-classifiers=sources bloopInstall'
2023.09.20 10:02:49 INFO  [info] welcome to sbt 1.9.6 (AdoptOpenJDK Java 1.8.0_292)
2023.09.20 10:02:50 INFO  [info] loading settings for project play-slick-template-build-build-build from metals.sbt ...
2023.09.20 10:02:52 INFO  [info] loading project definition from /Users/frkaimo/play-slick-template/project/project/project
2023.09.20 10:02:54 INFO  [info] loading settings for project play-slick-template-build-build from metals.sbt ...
2023.09.20 10:02:54 INFO  [info] loading project definition from /Users/frkaimo/play-slick-template/project/project
2023.09.20 10:02:59 INFO  [success] Generated .bloop/play-slick-template-build-build.json
2023.09.20 10:02:59 INFO  [success] Total time: 4 s, completed 09 20, 23 10:02:59 AM
2023.09.20 10:02:59 INFO  [info] loading settings for project play-slick-template-build from metals.sbt,plugins.sbt ...
2023.09.20 10:03:00 INFO  [info] loading project definition from /Users/frkaimo/play-slick-template/project
2023.09.20 10:03:01 INFO  [success] Generated .bloop/play-slick-template-build.json
2023.09.20 10:03:01 INFO  [success] Total time: 2 s, completed 09 20, 23 10:03:02 AM
2023.09.20 10:03:02 ERROR java.lang.UnsupportedClassVersionError: play/api/PlayException$ExceptionSource has been compiled by a more recent version of the Java Runtime (class file version 55.0), this version of the Java Runtime only recognizes class file versions up to 52.0
2023.09.20 10:03:02 ERROR 	at java.lang.ClassLoader.defineClass1(Native Method)
2023.09.20 10:03:02 ERROR 	at java.lang.ClassLoader.defineClass(ClassLoader.java:756)
2023.09.20 10:03:02 ERROR 	at java.security.SecureClassLoader.defineClass(SecureClassLoader.java:142)
2023.09.20 10:03:02 ERROR 	at java.net.URLClassLoader.defineClass(URLClassLoader.java:468)
2023.09.20 10:03:02 ERROR 	at java.net.URLClassLoader.access$100(URLClassLoader.java:74)
2023.09.20 10:03:02 ERROR 	at java.net.URLClassLoader$1.run(URLClassLoader.java:369)
2023.09.20 10:03:02 ERROR 	at java.net.URLClassLoader$1.run(URLClassLoader.java:363)
2023.09.20 10:03:02 ERROR 	at java.security.AccessController.doPrivileged(Native Method)
2023.09.20 10:03:02 ERROR 	at java.net.URLClassLoader.findClass(URLClassLoader.java:362)
2023.09.20 10:03:02 ERROR 	at java.lang.ClassLoader.loadClass(ClassLoader.java:418)
2023.09.20 10:03:02 ERROR 	at java.lang.ClassLoader.loadClass(ClassLoader.java:351)
2023.09.20 10:03:02 ERROR 	at java.lang.Class.forName0(Native Method)
2023.09.20 10:03:02 ERROR 	at java.lang.Class.forName(Class.java:348)
2023.09.20 10:03:02 ERROR 	at sbt.internal.inc.ModuleUtilities$.getObject(ModuleUtilities.scala:24)
2023.09.20 10:03:02 ERROR 	at sbt.internal.inc.ModuleUtilities$.getCheckedObject(ModuleUtilities.scala:32)
2023.09.20 10:03:02 ERROR 	at sbt.internal.inc.ModuleUtilities$.$anonfun$getCheckedObjects$1(ModuleUtilities.scala:37)
2023.09.20 10:03:02 ERROR 	at scala.collection.immutable.Stream.$anonfun$map$1(Stream.scala:418)
2023.09.20 10:03:02 ERROR 	at scala.collection.immutable.Stream$Cons.tail(Stream.scala:1173)
2023.09.20 10:03:02 ERROR 	at scala.collection.immutable.Stream$Cons.tail(Stream.scala:1163)
2023.09.20 10:03:02 ERROR 	at scala.collection.generic.Growable.loop$1(Growable.scala:57)
2023.09.20 10:03:02 ERROR 	at scala.collection.generic.Growable.$plus$plus$eq(Growable.scala:61)
2023.09.20 10:03:02 ERROR 	at scala.collection.generic.Growable.$plus$plus$eq$(Growable.scala:53)
2023.09.20 10:03:02 ERROR 	at scala.collection.mutable.ListBuffer.$plus$plus$eq(ListBuffer.scala:184)
2023.09.20 10:03:02 ERROR 	at scala.collection.mutable.ListBuffer.$plus$plus$eq(ListBuffer.scala:47)
2023.09.20 10:03:02 ERROR 	at scala.collection.TraversableLike.to(TraversableLike.scala:786)
2023.09.20 10:03:02 ERROR 	at scala.collection.TraversableLike.to$(TraversableLike.scala:783)
2023.09.20 10:03:02 ERROR 	at scala.collection.AbstractTraversable.to(Traversable.scala:108)
2023.09.20 10:03:02 ERROR 	at scala.collection.TraversableOnce.toList(TraversableOnce.scala:350)
2023.09.20 10:03:02 ERROR 	at scala.collection.TraversableOnce.toList$(TraversableOnce.scala:350)
2023.09.20 10:03:02 ERROR 	at scala.collection.AbstractTraversable.toList(Traversable.scala:108)
2023.09.20 10:03:02 ERROR 	at scala.collection.immutable.List.$plus$plus(List.scala:216)
2023.09.20 10:03:02 ERROR 	at sbt.internal.PluginDiscovery$.discoverAll(PluginDiscovery.scala:59)
2023.09.20 10:03:02 ERROR 	at sbt.internal.Load$.loadPlugins(Load.scala:1330)
2023.09.20 10:03:02 ERROR 	at sbt.internal.Load$.loadPluginDefinition(Load.scala:1275)
2023.09.20 10:03:02 ERROR 	at sbt.internal.Load$.buildPlugins(Load.scala:1254)
2023.09.20 10:03:02 ERROR 	at sbt.internal.Load$.plugins(Load.scala:1233)
2023.09.20 10:03:02 ERROR 	at sbt.internal.Load$.$anonfun$loadUnit$2(Load.scala:701)
2023.09.20 10:03:02 ERROR 	at sbt.internal.Load$.timed(Load.scala:1407)
2023.09.20 10:03:02 ERROR 	at sbt.internal.Load$.$anonfun$loadUnit$1(Load.scala:701)
2023.09.20 10:03:02 ERROR 	at sbt.internal.Load$.timed(Load.scala:1407)
2023.09.20 10:03:02 ERROR 	at sbt.internal.Load$.loadUnit(Load.scala:695)
2023.09.20 10:03:02 ERROR 	at sbt.internal.Load$.$anonfun$builtinLoader$4(Load.scala:493)
2023.09.20 10:03:02 ERROR 	at sbt.internal.BuildLoader$.$anonfun$componentLoader$5(BuildLoader.scala:181)
2023.09.20 10:03:02 ERROR 	at sbt.internal.BuildLoader.apply(BuildLoader.scala:246)
2023.09.20 10:03:02 ERROR 	at sbt.internal.Load$.loadURI$1(Load.scala:555)
2023.09.20 10:03:02 ERROR 	at sbt.internal.Load$.loadAll(Load.scala:571)
2023.09.20 10:03:02 ERROR 	at sbt.internal.Load$.loadURI(Load.scala:501)
2023.09.20 10:03:02 ERROR 	at sbt.internal.Load$.load(Load.scala:480)
2023.09.20 10:03:02 ERROR 	at sbt.internal.Load$.$anonfun$apply$1(Load.scala:242)
2023.09.20 10:03:02 ERROR 	at sbt.internal.Load$.timed(Load.scala:1407)
2023.09.20 10:03:02 ERROR 	at sbt.internal.Load$.apply(Load.scala:242)
2023.09.20 10:03:02 ERROR 	at sbt.internal.Load$.defaultLoad(Load.scala:57)
2023.09.20 10:03:02 ERROR 	at sbt.BuiltinCommands$.liftedTree1$1(Main.scala:964)
2023.09.20 10:03:02 ERROR 	at sbt.BuiltinCommands$.doLoadProject(Main.scala:964)
2023.09.20 10:03:02 ERROR 	at sbt.BuiltinCommands$.$anonfun$loadProjectImpl$2(Main.scala:917)
2023.09.20 10:03:02 ERROR 	at sbt.Command$.$anonfun$applyEffect$4(Command.scala:151)
2023.09.20 10:03:02 ERROR 	at sbt.Command$.$anonfun$applyEffect$2(Command.scala:146)
2023.09.20 10:03:02 ERROR 	at sbt.Command$.process(Command.scala:190)
2023.09.20 10:03:02 ERROR 	at sbt.MainLoop$.$anonfun$processCommand$5(MainLoop.scala:246)
2023.09.20 10:03:02 ERROR 	at scala.Option.getOrElse(Option.scala:189)
2023.09.20 10:03:02 ERROR 	at sbt.MainLoop$.process$1(MainLoop.scala:246)
2023.09.20 10:03:02 ERROR 	at sbt.MainLoop$.processCommand(MainLoop.scala:279)
2023.09.20 10:03:02 ERROR 	at sbt.MainLoop$.$anonfun$next$5(MainLoop.scala:164)
2023.09.20 10:03:02 ERROR 	at sbt.State$StateOpsImpl$.runCmd$1(State.scala:290)
2023.09.20 10:03:02 ERROR 	at sbt.State$StateOpsImpl$.process$extension(State.scala:326)
2023.09.20 10:03:02 ERROR 	at sbt.MainLoop$.$anonfun$next$4(MainLoop.scala:164)
2023.09.20 10:03:02 ERROR 	at sbt.internal.util.ErrorHandling$.wideConvert(ErrorHandling.scala:24)
2023.09.20 10:03:02 ERROR 	at sbt.MainLoop$.next(MainLoop.scala:164)
2023.09.20 10:03:02 ERROR 	at sbt.MainLoop$.run(MainLoop.scala:145)
2023.09.20 10:03:02 ERROR 	at sbt.MainLoop$.$anonfun$runWithNewLog$1(MainLoop.scala:120)
2023.09.20 10:03:02 ERROR 	at sbt.io.Using.apply(Using.scala:28)
2023.09.20 10:03:02 ERROR 	at sbt.MainLoop$.runWithNewLog(MainLoop.scala:113)
2023.09.20 10:03:02 ERROR 	at sbt.MainLoop$.runAndClearLast(MainLoop.scala:67)
2023.09.20 10:03:02 ERROR 	at sbt.MainLoop$.runLoggedLoop(MainLoop.scala:52)
2023.09.20 10:03:02 ERROR 	at sbt.MainLoop$.runLogged(MainLoop.scala:43)
2023.09.20 10:03:02 ERROR 	at sbt.StandardMain$.runManaged(Main.scala:225)
2023.09.20 10:03:02 ERROR 	at sbt.xMain$.$anonfun$run$11(Main.scala:135)
2023.09.20 10:03:02 ERROR 	at scala.util.DynamicVariable.withValue(DynamicVariable.scala:62)
2023.09.20 10:03:02 ERROR 	at scala.Console$.withIn(Console.scala:230)
2023.09.20 10:03:02 ERROR 	at sbt.internal.util.Terminal$.withIn(Terminal.scala:610)
2023.09.20 10:03:02 ERROR 	at sbt.internal.util.Terminal$.$anonfun$withStreams$1(Terminal.scala:390)
2023.09.20 10:03:02 ERROR 	at scala.util.DynamicVariable.withValue(DynamicVariable.scala:62)
2023.09.20 10:03:02 ERROR 	at scala.Console$.withOut(Console.scala:167)
2023.09.20 10:03:02 ERROR 	at sbt.internal.util.Terminal$.$anonfun$withOut$2(Terminal.scala:600)
2023.09.20 10:03:02 ERROR 	at scala.util.DynamicVariable.withValue(DynamicVariable.scala:62)
2023.09.20 10:03:02 ERROR 	at scala.Console$.withErr(Console.scala:196)
2023.09.20 10:03:02 ERROR 	at sbt.internal.util.Terminal$.withOut(Terminal.scala:600)
2023.09.20 10:03:02 ERROR 	at sbt.internal.util.Terminal$.withStreams(Terminal.scala:390)
2023.09.20 10:03:02 ERROR 	at sbt.xMain$.withStreams$1(Main.scala:88)
2023.09.20 10:03:02 ERROR 	at sbt.xMain$.run(Main.scala:123)
2023.09.20 10:03:02 ERROR 	at sun.reflect.NativeMethodAccessorImpl.invoke0(Native Method)
2023.09.20 10:03:02 ERROR 	at sun.reflect.NativeMethodAccessorImpl.invoke(NativeMethodAccessorImpl.java:62)
2023.09.20 10:03:02 ERROR 	at sun.reflect.DelegatingMethodAccessorImpl.invoke(DelegatingMethodAccessorImpl.java:43)
2023.09.20 10:03:02 ERROR 	at java.lang.reflect.Method.invoke(Method.java:498)
2023.09.20 10:03:02 ERROR 	at sbt.internal.XMainConfiguration.run(XMainConfiguration.java:59)
2023.09.20 10:03:02 ERROR 	at sbt.xMain.run(Main.scala:47)
2023.09.20 10:03:02 ERROR 	at xsbt.boot.Launch$.$anonfun$run$1(Launch.scala:149)
2023.09.20 10:03:02 ERROR 	at xsbt.boot.Launch$.withContextLoader(Launch.scala:176)
2023.09.20 10:03:02 ERROR 	at xsbt.boot.Launch$.run(Launch.scala:149)
2023.09.20 10:03:02 ERROR 	at xsbt.boot.Launch$.$anonfun$apply$1(Launch.scala:44)
2023.09.20 10:03:02 ERROR 	at xsbt.boot.Launch$.launch(Launch.scala:159)
2023.09.20 10:03:02 ERROR 	at xsbt.boot.Launch$.apply(Launch.scala:44)
2023.09.20 10:03:02 ERROR 	at xsbt.boot.Launch$.apply(Launch.scala:21)
2023.09.20 10:03:02 ERROR 	at xsbt.boot.Boot$.runImpl(Boot.scala:78)
2023.09.20 10:03:02 ERROR 	at xsbt.boot.Boot$.run(Boot.scala:73)
2023.09.20 10:03:02 ERROR 	at xsbt.boot.Boot$.main(Boot.scala:21)
2023.09.20 10:03:02 ERROR 	at xsbt.boot.Boot.main(Boot.scala)
2023.09.20 10:03:01 INFO  [error] java.lang.UnsupportedClassVersionError: play/api/PlayException$ExceptionSource has been compiled by a more recent version of the Java Runtime (class file version 55.0), this version of the Java Runtime only recognizes class file versions up to 52.0
2023.09.20 10:03:01 INFO  [error] Use 'last' for the full log.
2023.09.20 10:03:01 INFO  [warn] Project loading failed: (r)etry, (q)uit, (l)ast, or (i)gnore? (default: r)
2023.09.20 10:03:02 INFO  time: ran 'sbt bloopInstall' in 15s
2023.09.20 10:03:02 ERROR sbt command failed: /Library/Java/JavaVirtualMachines/adoptopenjdk-8.jdk/Contents/Home/bin/java -Djline.terminal=jline.UnsupportedTerminal -Dsbt.log.noformat=true -Dfile.encoding=UTF-8 -jar /var/folders/t5/zdsdwp2145734swnhhp4b9m00000gp/T/metals1072393017316678756/sbt-launch.jar -Dbloop.export-jar-classifiers=sources bloopInstall
2023.09.20 10:03:23 WARN  no build target for: /Users/frkaimo/play-slick-template/test/controllers/HomeControllerSpec.scala
2023.09.20 10:03:32 WARN  no build target for: /Users/frkaimo/play-slick-template/build.sc
2023.09.20 10:04:06 WARN  no build target for: /Users/frkaimo/play-slick-template/build.sbt
2023.09.20 10:04:06 INFO  skipping build import with status 'Failed'
2023.09.20 10:04:06 WARN  no build target for: /Users/frkaimo/play-slick-template/build.sbt
2023.09.20 10:04:06 INFO  skipping build import with status 'Failed'
2023.09.20 10:04:06 WARN  no build target for: /Users/frkaimo/play-slick-template/build.sbt
2023.09.20 10:04:06 INFO  skipping build import with status 'Failed'
2023.09.20 10:04:06 WARN  no build target for: /Users/frkaimo/play-slick-template/build.sbt
2023.09.20 10:04:07 INFO  skipping build import with status 'Failed'
2023.09.20 10:04:14 INFO  skipping build import with status 'Failed'
2023.09.20 10:04:14 WARN  no build target for: /Users/frkaimo/play-slick-template/build.sbt
2023.09.20 10:04:14 WARN  no build target for: /Users/frkaimo/play-slick-template/build.sbt
2023.09.20 10:04:14 INFO  skipping build import with status 'Failed'
2023.09.20 10:04:14 INFO  skipping build import with status 'Failed'
2023.09.20 10:04:14 WARN  no build target for: /Users/frkaimo/play-slick-template/build.sbt
2023.09.20 10:04:14 WARN  no build target for: /Users/frkaimo/play-slick-template/build.sbt
2023.09.20 10:04:14 INFO  skipping build import with status 'Failed'
2023.09.20 10:04:16 WARN  no build target for: /Users/frkaimo/play-slick-template/build.sbt
2023.09.20 10:04:18 WARN  no build target for: /Users/frkaimo/play-slick-template/build.sbt
2023.09.20 10:04:21 INFO  running '/Library/Java/JavaVirtualMachines/adoptopenjdk-8.jdk/Contents/Home/bin/java -Djline.terminal=jline.UnsupportedTerminal -Dsbt.log.noformat=true -Dfile.encoding=UTF-8 -jar /var/folders/t5/zdsdwp2145734swnhhp4b9m00000gp/T/metals5590848990332649639/sbt-launch.jar -Dbloop.export-jar-classifiers=sources bloopInstall'
2023.09.20 10:04:24 INFO  [info] welcome to sbt 1.9.6 (AdoptOpenJDK Java 1.8.0_292)
2023.09.20 10:04:24 INFO  [info] loading settings for project play-slick-template-build-build-build from metals.sbt ...
2023.09.20 10:04:27 INFO  [info] loading project definition from /Users/frkaimo/play-slick-template/project/project/project
2023.09.20 10:04:29 INFO  [info] loading settings for project play-slick-template-build-build from metals.sbt ...
2023.09.20 10:04:29 INFO  [info] loading project definition from /Users/frkaimo/play-slick-template/project/project
2023.09.20 10:04:34 INFO  [success] Generated .bloop/play-slick-template-build-build.json
2023.09.20 10:04:34 INFO  [success] Total time: 5 s, completed 09 20, 23 10:04:34 AM
2023.09.20 10:04:34 INFO  [info] loading settings for project play-slick-template-build from metals.sbt,plugins.sbt ...
2023.09.20 10:04:35 INFO  [info] loading project definition from /Users/frkaimo/play-slick-template/project
2023.09.20 10:04:36 INFO  [success] Generated .bloop/play-slick-template-build.json
2023.09.20 10:04:36 INFO  [success] Total time: 2 s, completed 09 20, 23 10:04:37 AM
2023.09.20 10:04:37 ERROR java.lang.UnsupportedClassVersionError: play/api/PlayException$ExceptionSource has been compiled by a more recent version of the Java Runtime (class file version 55.0), this version of the Java Runtime only recognizes class file versions up to 52.0
2023.09.20 10:04:37 ERROR 	at java.lang.ClassLoader.defineClass1(Native Method)
2023.09.20 10:04:37 ERROR 	at java.lang.ClassLoader.defineClass(ClassLoader.java:756)
2023.09.20 10:04:37 ERROR 	at java.security.SecureClassLoader.defineClass(SecureClassLoader.java:142)
2023.09.20 10:04:37 ERROR 	at java.net.URLClassLoader.defineClass(URLClassLoader.java:468)
2023.09.20 10:04:37 ERROR 	at java.net.URLClassLoader.access$100(URLClassLoader.java:74)
2023.09.20 10:04:37 ERROR 	at java.net.URLClassLoader$1.run(URLClassLoader.java:369)
2023.09.20 10:04:37 ERROR 	at java.net.URLClassLoader$1.run(URLClassLoader.java:363)
2023.09.20 10:04:37 ERROR 	at java.security.AccessController.doPrivileged(Native Method)
2023.09.20 10:04:37 ERROR 	at java.net.URLClassLoader.findClass(URLClassLoader.java:362)
2023.09.20 10:04:37 ERROR 	at java.lang.ClassLoader.loadClass(ClassLoader.java:418)
2023.09.20 10:04:37 ERROR 	at java.lang.ClassLoader.loadClass(ClassLoader.java:351)
2023.09.20 10:04:37 ERROR 	at java.lang.Class.forName0(Native Method)
2023.09.20 10:04:37 ERROR 	at java.lang.Class.forName(Class.java:348)
2023.09.20 10:04:37 ERROR 	at sbt.internal.inc.ModuleUtilities$.getObject(ModuleUtilities.scala:24)
2023.09.20 10:04:37 ERROR 	at sbt.internal.inc.ModuleUtilities$.getCheckedObject(ModuleUtilities.scala:32)
2023.09.20 10:04:37 ERROR 	at sbt.internal.inc.ModuleUtilities$.$anonfun$getCheckedObjects$1(ModuleUtilities.scala:37)
2023.09.20 10:04:37 ERROR 	at scala.collection.immutable.Stream.$anonfun$map$1(Stream.scala:418)
2023.09.20 10:04:37 ERROR 	at scala.collection.immutable.Stream$Cons.tail(Stream.scala:1173)
2023.09.20 10:04:37 ERROR 	at scala.collection.immutable.Stream$Cons.tail(Stream.scala:1163)
2023.09.20 10:04:37 ERROR 	at scala.collection.generic.Growable.loop$1(Growable.scala:57)
2023.09.20 10:04:37 ERROR 	at scala.collection.generic.Growable.$plus$plus$eq(Growable.scala:61)
2023.09.20 10:04:37 ERROR 	at scala.collection.generic.Growable.$plus$plus$eq$(Growable.scala:53)
2023.09.20 10:04:37 ERROR 	at scala.collection.mutable.ListBuffer.$plus$plus$eq(ListBuffer.scala:184)
2023.09.20 10:04:37 ERROR 	at scala.collection.mutable.ListBuffer.$plus$plus$eq(ListBuffer.scala:47)
2023.09.20 10:04:37 ERROR 	at scala.collection.TraversableLike.to(TraversableLike.scala:786)
2023.09.20 10:04:37 ERROR 	at scala.collection.TraversableLike.to$(TraversableLike.scala:783)
2023.09.20 10:04:37 ERROR 	at scala.collection.AbstractTraversable.to(Traversable.scala:108)
2023.09.20 10:04:37 ERROR 	at scala.collection.TraversableOnce.toList(TraversableOnce.scala:350)
2023.09.20 10:04:37 ERROR 	at scala.collection.TraversableOnce.toList$(TraversableOnce.scala:350)
2023.09.20 10:04:37 ERROR 	at scala.collection.AbstractTraversable.toList(Traversable.scala:108)
2023.09.20 10:04:37 ERROR 	at scala.collection.immutable.List.$plus$plus(List.scala:216)
2023.09.20 10:04:37 ERROR 	at sbt.internal.PluginDiscovery$.discoverAll(PluginDiscovery.scala:59)
2023.09.20 10:04:37 ERROR 	at sbt.internal.Load$.loadPlugins(Load.scala:1330)
2023.09.20 10:04:37 ERROR 	at sbt.internal.Load$.loadPluginDefinition(Load.scala:1275)
2023.09.20 10:04:37 ERROR 	at sbt.internal.Load$.buildPlugins(Load.scala:1254)
2023.09.20 10:04:37 ERROR 	at sbt.internal.Load$.plugins(Load.scala:1233)
2023.09.20 10:04:37 ERROR 	at sbt.internal.Load$.$anonfun$loadUnit$2(Load.scala:701)
2023.09.20 10:04:37 ERROR 	at sbt.internal.Load$.timed(Load.scala:1407)
2023.09.20 10:04:37 ERROR 	at sbt.internal.Load$.$anonfun$loadUnit$1(Load.scala:701)
2023.09.20 10:04:37 ERROR 	at sbt.internal.Load$.timed(Load.scala:1407)
2023.09.20 10:04:37 ERROR 	at sbt.internal.Load$.loadUnit(Load.scala:695)
2023.09.20 10:04:37 ERROR 	at sbt.internal.Load$.$anonfun$builtinLoader$4(Load.scala:493)
2023.09.20 10:04:37 ERROR 	at sbt.internal.BuildLoader$.$anonfun$componentLoader$5(BuildLoader.scala:181)
2023.09.20 10:04:37 ERROR 	at sbt.internal.BuildLoader.apply(BuildLoader.scala:246)
2023.09.20 10:04:37 ERROR 	at sbt.internal.Load$.loadURI$1(Load.scala:555)
2023.09.20 10:04:37 ERROR 	at sbt.internal.Load$.loadAll(Load.scala:571)
2023.09.20 10:04:37 ERROR 	at sbt.internal.Load$.loadURI(Load.scala:501)
2023.09.20 10:04:37 ERROR 	at sbt.internal.Load$.load(Load.scala:480)
2023.09.20 10:04:37 ERROR 	at sbt.internal.Load$.$anonfun$apply$1(Load.scala:242)
2023.09.20 10:04:37 ERROR 	at sbt.internal.Load$.timed(Load.scala:1407)
2023.09.20 10:04:37 ERROR 	at sbt.internal.Load$.apply(Load.scala:242)
2023.09.20 10:04:37 ERROR 	at sbt.internal.Load$.defaultLoad(Load.scala:57)
2023.09.20 10:04:37 ERROR 	at sbt.BuiltinCommands$.liftedTree1$1(Main.scala:964)
2023.09.20 10:04:37 ERROR 	at sbt.BuiltinCommands$.doLoadProject(Main.scala:964)
2023.09.20 10:04:37 ERROR 	at sbt.BuiltinCommands$.$anonfun$loadProjectImpl$2(Main.scala:917)
2023.09.20 10:04:37 ERROR 	at sbt.Command$.$anonfun$applyEffect$4(Command.scala:151)
2023.09.20 10:04:37 ERROR 	at sbt.Command$.$anonfun$applyEffect$2(Command.scala:146)
2023.09.20 10:04:37 ERROR 	at sbt.Command$.process(Command.scala:190)
2023.09.20 10:04:37 ERROR 	at sbt.MainLoop$.$anonfun$processCommand$5(MainLoop.scala:246)
2023.09.20 10:04:37 ERROR 	at scala.Option.getOrElse(Option.scala:189)
2023.09.20 10:04:37 ERROR 	at sbt.MainLoop$.process$1(MainLoop.scala:246)
2023.09.20 10:04:37 ERROR 	at sbt.MainLoop$.processCommand(MainLoop.scala:279)
2023.09.20 10:04:37 ERROR 	at sbt.MainLoop$.$anonfun$next$5(MainLoop.scala:164)
2023.09.20 10:04:37 ERROR 	at sbt.State$StateOpsImpl$.runCmd$1(State.scala:290)
2023.09.20 10:04:37 ERROR 	at sbt.State$StateOpsImpl$.process$extension(State.scala:326)
2023.09.20 10:04:37 ERROR 	at sbt.MainLoop$.$anonfun$next$4(MainLoop.scala:164)
2023.09.20 10:04:37 ERROR 	at sbt.internal.util.ErrorHandling$.wideConvert(ErrorHandling.scala:24)
2023.09.20 10:04:37 ERROR 	at sbt.MainLoop$.next(MainLoop.scala:164)
2023.09.20 10:04:37 ERROR 	at sbt.MainLoop$.run(MainLoop.scala:145)
2023.09.20 10:04:37 ERROR 	at sbt.MainLoop$.$anonfun$runWithNewLog$1(MainLoop.scala:120)
2023.09.20 10:04:37 ERROR 	at sbt.io.Using.apply(Using.scala:28)
2023.09.20 10:04:37 ERROR 	at sbt.MainLoop$.runWithNewLog(MainLoop.scala:113)
2023.09.20 10:04:37 ERROR 	at sbt.MainLoop$.runAndClearLast(MainLoop.scala:67)
2023.09.20 10:04:37 ERROR 	at sbt.MainLoop$.runLoggedLoop(MainLoop.scala:52)
2023.09.20 10:04:37 ERROR 	at sbt.MainLoop$.runLogged(MainLoop.scala:43)
2023.09.20 10:04:37 ERROR 	at sbt.StandardMain$.runManaged(Main.scala:225)
2023.09.20 10:04:37 ERROR 	at sbt.xMain$.$anonfun$run$11(Main.scala:135)
2023.09.20 10:04:37 ERROR 	at scala.util.DynamicVariable.withValue(DynamicVariable.scala:62)
2023.09.20 10:04:37 ERROR 	at scala.Console$.withIn(Console.scala:230)
2023.09.20 10:04:37 ERROR 	at sbt.internal.util.Terminal$.withIn(Terminal.scala:610)
2023.09.20 10:04:37 ERROR 	at sbt.internal.util.Terminal$.$anonfun$withStreams$1(Terminal.scala:390)
2023.09.20 10:04:37 ERROR 	at scala.util.DynamicVariable.withValue(DynamicVariable.scala:62)
2023.09.20 10:04:37 ERROR 	at scala.Console$.withOut(Console.scala:167)
2023.09.20 10:04:37 ERROR 	at sbt.internal.util.Terminal$.$anonfun$withOut$2(Terminal.scala:600)
2023.09.20 10:04:37 ERROR 	at scala.util.DynamicVariable.withValue(DynamicVariable.scala:62)
2023.09.20 10:04:37 ERROR 	at scala.Console$.withErr(Console.scala:196)
2023.09.20 10:04:37 ERROR 	at sbt.internal.util.Terminal$.withOut(Terminal.scala:600)
2023.09.20 10:04:37 ERROR 	at sbt.internal.util.Terminal$.withStreams(Terminal.scala:390)
2023.09.20 10:04:37 ERROR 	at sbt.xMain$.withStreams$1(Main.scala:88)
2023.09.20 10:04:37 ERROR 	at sbt.xMain$.run(Main.scala:123)
2023.09.20 10:04:37 ERROR 	at sun.reflect.NativeMethodAccessorImpl.invoke0(Native Method)
2023.09.20 10:04:37 ERROR 	at sun.reflect.NativeMethodAccessorImpl.invoke(NativeMethodAccessorImpl.java:62)
2023.09.20 10:04:37 ERROR 	at sun.reflect.DelegatingMethodAccessorImpl.invoke(DelegatingMethodAccessorImpl.java:43)
2023.09.20 10:04:37 ERROR 	at java.lang.reflect.Method.invoke(Method.java:498)
2023.09.20 10:04:37 ERROR 	at sbt.internal.XMainConfiguration.run(XMainConfiguration.java:59)
2023.09.20 10:04:37 ERROR 	at sbt.xMain.run(Main.scala:47)
2023.09.20 10:04:37 ERROR 	at xsbt.boot.Launch$.$anonfun$run$1(Launch.scala:149)
2023.09.20 10:04:37 ERROR 	at xsbt.boot.Launch$.withContextLoader(Launch.scala:176)
2023.09.20 10:04:37 ERROR 	at xsbt.boot.Launch$.run(Launch.scala:149)
2023.09.20 10:04:37 ERROR 	at xsbt.boot.Launch$.$anonfun$apply$1(Launch.scala:44)
2023.09.20 10:04:37 ERROR 	at xsbt.boot.Launch$.launch(Launch.scala:159)
2023.09.20 10:04:36 INFO  [error] java.lang.UnsupportedClassVersionError: play/api/PlayException$ExceptionSource has been compiled by a more recent version of the Java Runtime (class file version 55.0), this version of the Java Runtime only recognizes class file versions up to 52.0
2023.09.20 10:04:37 ERROR 	at xsbt.boot.Launch$.apply(Launch.scala:44)
2023.09.20 10:04:37 ERROR 	at xsbt.boot.Launch$.apply(Launch.scala:21)
2023.09.20 10:04:37 ERROR 	at xsbt.boot.Boot$.runImpl(Boot.scala:78)
2023.09.20 10:04:37 ERROR 	at xsbt.boot.Boot$.run(Boot.scala:73)
2023.09.20 10:04:37 ERROR 	at xsbt.boot.Boot$.main(Boot.scala:21)
2023.09.20 10:04:37 ERROR 	at xsbt.boot.Boot.main(Boot.scala)
2023.09.20 10:04:36 INFO  [error] Use 'last' for the full log.
2023.09.20 10:04:36 INFO  [warn] Project loading failed: (r)etry, (q)uit, (l)ast, or (i)gnore? (default: r)
2023.09.20 10:04:37 INFO  time: ran 'sbt bloopInstall' in 15s
2023.09.20 10:04:37 ERROR sbt command failed: /Library/Java/JavaVirtualMachines/adoptopenjdk-8.jdk/Contents/Home/bin/java -Djline.terminal=jline.UnsupportedTerminal -Dsbt.log.noformat=true -Dfile.encoding=UTF-8 -jar /var/folders/t5/zdsdwp2145734swnhhp4b9m00000gp/T/metals5590848990332649639/sbt-launch.jar -Dbloop.export-jar-classifiers=sources bloopInstall
2023.09.20 10:04:37 INFO  skipping build import with status 'Failed'
2023.09.20 10:05:32 WARN  no build target for: /Users/frkaimo/play-slick-template/build.sbt
2023.09.20 10:05:33 INFO  running '/Library/Java/JavaVirtualMachines/adoptopenjdk-8.jdk/Contents/Home/bin/java -Djline.terminal=jline.UnsupportedTerminal -Dsbt.log.noformat=true -Dfile.encoding=UTF-8 -jar /var/folders/t5/zdsdwp2145734swnhhp4b9m00000gp/T/metals3274214187857687276/sbt-launch.jar -Dbloop.export-jar-classifiers=sources bloopInstall'
2023.09.20 10:05:35 INFO  [info] welcome to sbt 1.9.6 (AdoptOpenJDK Java 1.8.0_292)
2023.09.20 10:05:35 INFO  [info] loading settings for project play-slick-template-build-build-build from metals.sbt ...
2023.09.20 10:05:38 INFO  [info] loading project definition from /Users/frkaimo/play-slick-template/project/project/project
2023.09.20 10:05:40 INFO  [info] loading settings for project play-slick-template-build-build from metals.sbt ...
2023.09.20 10:05:40 INFO  [info] loading project definition from /Users/frkaimo/play-slick-template/project/project
2023.09.20 10:05:44 INFO  [success] Generated .bloop/play-slick-template-build-build.json
2023.09.20 10:05:44 INFO  [success] Total time: 4 s, completed 09 20, 23 10:05:45 AM
2023.09.20 10:05:44 INFO  [info] loading settings for project play-slick-template-build from metals.sbt,plugins.sbt ...
2023.09.20 10:05:45 INFO  [info] loading project definition from /Users/frkaimo/play-slick-template/project
2023.09.20 10:05:47 INFO  [success] Generated .bloop/play-slick-template-build.json
2023.09.20 10:05:47 INFO  [success] Total time: 2 s, completed 09 20, 23 10:05:47 AM
2023.09.20 10:05:48 ERROR java.lang.UnsupportedClassVersionError: play/api/PlayException$ExceptionSource has been compiled by a more recent version of the Java Runtime (class file version 55.0), this version of the Java Runtime only recognizes class file versions up to 52.0
2023.09.20 10:05:48 ERROR 	at java.lang.ClassLoader.defineClass1(Native Method)
2023.09.20 10:05:48 ERROR 	at java.lang.ClassLoader.defineClass(ClassLoader.java:756)
2023.09.20 10:05:48 ERROR 	at java.security.SecureClassLoader.defineClass(SecureClassLoader.java:142)
2023.09.20 10:05:48 ERROR 	at java.net.URLClassLoader.defineClass(URLClassLoader.java:468)
2023.09.20 10:05:48 ERROR 	at java.net.URLClassLoader.access$100(URLClassLoader.java:74)
2023.09.20 10:05:48 ERROR 	at java.net.URLClassLoader$1.run(URLClassLoader.java:369)
2023.09.20 10:05:48 ERROR 	at java.net.URLClassLoader$1.run(URLClassLoader.java:363)
2023.09.20 10:05:48 ERROR 	at java.security.AccessController.doPrivileged(Native Method)
2023.09.20 10:05:48 ERROR 	at java.net.URLClassLoader.findClass(URLClassLoader.java:362)
2023.09.20 10:05:48 ERROR 	at java.lang.ClassLoader.loadClass(ClassLoader.java:418)
2023.09.20 10:05:48 ERROR 	at java.lang.ClassLoader.loadClass(ClassLoader.java:351)
2023.09.20 10:05:48 ERROR 	at java.lang.Class.forName0(Native Method)
2023.09.20 10:05:48 ERROR 	at java.lang.Class.forName(Class.java:348)
2023.09.20 10:05:48 ERROR 	at sbt.internal.inc.ModuleUtilities$.getObject(ModuleUtilities.scala:24)
2023.09.20 10:05:48 ERROR 	at sbt.internal.inc.ModuleUtilities$.getCheckedObject(ModuleUtilities.scala:32)
2023.09.20 10:05:48 ERROR 	at sbt.internal.inc.ModuleUtilities$.$anonfun$getCheckedObjects$1(ModuleUtilities.scala:37)
2023.09.20 10:05:48 ERROR 	at scala.collection.immutable.Stream.$anonfun$map$1(Stream.scala:418)
2023.09.20 10:05:48 ERROR 	at scala.collection.immutable.Stream$Cons.tail(Stream.scala:1173)
2023.09.20 10:05:48 ERROR 	at scala.collection.immutable.Stream$Cons.tail(Stream.scala:1163)
2023.09.20 10:05:48 ERROR 	at scala.collection.generic.Growable.loop$1(Growable.scala:57)
2023.09.20 10:05:48 ERROR 	at scala.collection.generic.Growable.$plus$plus$eq(Growable.scala:61)
2023.09.20 10:05:48 ERROR 	at scala.collection.generic.Growable.$plus$plus$eq$(Growable.scala:53)
2023.09.20 10:05:48 ERROR 	at scala.collection.mutable.ListBuffer.$plus$plus$eq(ListBuffer.scala:184)
2023.09.20 10:05:48 ERROR 	at scala.collection.mutable.ListBuffer.$plus$plus$eq(ListBuffer.scala:47)
2023.09.20 10:05:48 ERROR 	at scala.collection.TraversableLike.to(TraversableLike.scala:786)
2023.09.20 10:05:48 ERROR 	at scala.collection.TraversableLike.to$(TraversableLike.scala:783)
2023.09.20 10:05:48 ERROR 	at scala.collection.AbstractTraversable.to(Traversable.scala:108)
2023.09.20 10:05:48 ERROR 	at scala.collection.TraversableOnce.toList(TraversableOnce.scala:350)
2023.09.20 10:05:48 ERROR 	at scala.collection.TraversableOnce.toList$(TraversableOnce.scala:350)
2023.09.20 10:05:48 ERROR 	at scala.collection.AbstractTraversable.toList(Traversable.scala:108)
2023.09.20 10:05:48 ERROR 	at scala.collection.immutable.List.$plus$plus(List.scala:216)
2023.09.20 10:05:48 ERROR 	at sbt.internal.PluginDiscovery$.discoverAll(PluginDiscovery.scala:59)
2023.09.20 10:05:48 ERROR 	at sbt.internal.Load$.loadPlugins(Load.scala:1330)
2023.09.20 10:05:48 ERROR 	at sbt.internal.Load$.loadPluginDefinition(Load.scala:1275)
2023.09.20 10:05:48 ERROR 	at sbt.internal.Load$.buildPlugins(Load.scala:1254)
2023.09.20 10:05:48 ERROR 	at sbt.internal.Load$.plugins(Load.scala:1233)
2023.09.20 10:05:48 ERROR 	at sbt.internal.Load$.$anonfun$loadUnit$2(Load.scala:701)
2023.09.20 10:05:48 ERROR 	at sbt.internal.Load$.timed(Load.scala:1407)
2023.09.20 10:05:48 ERROR 	at sbt.internal.Load$.$anonfun$loadUnit$1(Load.scala:701)
2023.09.20 10:05:48 ERROR 	at sbt.internal.Load$.timed(Load.scala:1407)
2023.09.20 10:05:48 ERROR 	at sbt.internal.Load$.loadUnit(Load.scala:695)
2023.09.20 10:05:48 ERROR 	at sbt.internal.Load$.$anonfun$builtinLoader$4(Load.scala:493)
2023.09.20 10:05:48 ERROR 	at sbt.internal.BuildLoader$.$anonfun$componentLoader$5(BuildLoader.scala:181)
2023.09.20 10:05:48 ERROR 	at sbt.internal.BuildLoader.apply(BuildLoader.scala:246)
2023.09.20 10:05:48 ERROR 	at sbt.internal.Load$.loadURI$1(Load.scala:555)
2023.09.20 10:05:48 ERROR 	at sbt.internal.Load$.loadAll(Load.scala:571)
2023.09.20 10:05:48 ERROR 	at sbt.internal.Load$.loadURI(Load.scala:501)
2023.09.20 10:05:48 ERROR 	at sbt.internal.Load$.load(Load.scala:480)
2023.09.20 10:05:48 ERROR 	at sbt.internal.Load$.$anonfun$apply$1(Load.scala:242)
2023.09.20 10:05:48 ERROR 	at sbt.internal.Load$.timed(Load.scala:1407)
2023.09.20 10:05:48 ERROR 	at sbt.internal.Load$.apply(Load.scala:242)
2023.09.20 10:05:48 ERROR 	at sbt.internal.Load$.defaultLoad(Load.scala:57)
2023.09.20 10:05:48 ERROR 	at sbt.BuiltinCommands$.liftedTree1$1(Main.scala:964)
2023.09.20 10:05:48 ERROR 	at sbt.BuiltinCommands$.doLoadProject(Main.scala:964)
2023.09.20 10:05:48 ERROR 	at sbt.BuiltinCommands$.$anonfun$loadProjectImpl$2(Main.scala:917)
2023.09.20 10:05:48 ERROR 	at sbt.Command$.$anonfun$applyEffect$4(Command.scala:151)
2023.09.20 10:05:48 ERROR 	at sbt.Command$.$anonfun$applyEffect$2(Command.scala:146)
2023.09.20 10:05:48 ERROR 	at sbt.Command$.process(Command.scala:190)
2023.09.20 10:05:48 ERROR 	at sbt.MainLoop$.$anonfun$processCommand$5(MainLoop.scala:246)
2023.09.20 10:05:48 ERROR 	at scala.Option.getOrElse(Option.scala:189)
2023.09.20 10:05:48 ERROR 	at sbt.MainLoop$.process$1(MainLoop.scala:246)
2023.09.20 10:05:48 ERROR 	at sbt.MainLoop$.processCommand(MainLoop.scala:279)
2023.09.20 10:05:48 ERROR 	at sbt.MainLoop$.$anonfun$next$5(MainLoop.scala:164)
2023.09.20 10:05:48 ERROR 	at sbt.State$StateOpsImpl$.runCmd$1(State.scala:290)
2023.09.20 10:05:48 ERROR 	at sbt.State$StateOpsImpl$.process$extension(State.scala:326)
2023.09.20 10:05:48 ERROR 	at sbt.MainLoop$.$anonfun$next$4(MainLoop.scala:164)
2023.09.20 10:05:48 ERROR 	at sbt.internal.util.ErrorHandling$.wideConvert(ErrorHandling.scala:24)
2023.09.20 10:05:48 ERROR 	at sbt.MainLoop$.next(MainLoop.scala:164)
2023.09.20 10:05:48 ERROR 	at sbt.MainLoop$.run(MainLoop.scala:145)
2023.09.20 10:05:48 ERROR 	at sbt.MainLoop$.$anonfun$runWithNewLog$1(MainLoop.scala:120)
2023.09.20 10:05:48 ERROR 	at sbt.io.Using.apply(Using.scala:28)
2023.09.20 10:05:48 ERROR 	at sbt.MainLoop$.runWithNewLog(MainLoop.scala:113)
2023.09.20 10:05:48 ERROR 	at sbt.MainLoop$.runAndClearLast(MainLoop.scala:67)
2023.09.20 10:05:48 ERROR 	at sbt.MainLoop$.runLoggedLoop(MainLoop.scala:52)
2023.09.20 10:05:48 ERROR 	at sbt.MainLoop$.runLogged(MainLoop.scala:43)
2023.09.20 10:05:48 ERROR 	at sbt.StandardMain$.runManaged(Main.scala:225)
2023.09.20 10:05:48 ERROR 	at sbt.xMain$.$anonfun$run$11(Main.scala:135)
2023.09.20 10:05:48 ERROR 	at scala.util.DynamicVariable.withValue(DynamicVariable.scala:62)
2023.09.20 10:05:48 ERROR 	at scala.Console$.withIn(Console.scala:230)
2023.09.20 10:05:48 ERROR 	at sbt.internal.util.Terminal$.withIn(Terminal.scala:610)
2023.09.20 10:05:48 ERROR 	at sbt.internal.util.Terminal$.$anonfun$withStreams$1(Terminal.scala:390)
2023.09.20 10:05:48 ERROR 	at scala.util.DynamicVariable.withValue(DynamicVariable.scala:62)
2023.09.20 10:05:48 ERROR 	at scala.Console$.withOut(Console.scala:167)
2023.09.20 10:05:48 ERROR 	at sbt.internal.util.Terminal$.$anonfun$withOut$2(Terminal.scala:600)
2023.09.20 10:05:48 ERROR 	at scala.util.DynamicVariable.withValue(DynamicVariable.scala:62)
2023.09.20 10:05:48 ERROR 	at scala.Console$.withErr(Console.scala:196)
2023.09.20 10:05:48 ERROR 	at sbt.internal.util.Terminal$.withOut(Terminal.scala:600)
2023.09.20 10:05:48 ERROR 	at sbt.internal.util.Terminal$.withStreams(Terminal.scala:390)
2023.09.20 10:05:48 ERROR 	at sbt.xMain$.withStreams$1(Main.scala:88)
2023.09.20 10:05:48 ERROR 	at sbt.xMain$.run(Main.scala:123)
2023.09.20 10:05:48 ERROR 	at sun.reflect.NativeMethodAccessorImpl.invoke0(Native Method)
2023.09.20 10:05:48 ERROR 	at sun.reflect.NativeMethodAccessorImpl.invoke(NativeMethodAccessorImpl.java:62)
2023.09.20 10:05:48 ERROR 	at sun.reflect.DelegatingMethodAccessorImpl.invoke(DelegatingMethodAccessorImpl.java:43)
2023.09.20 10:05:48 ERROR 	at java.lang.reflect.Method.invoke(Method.java:498)
2023.09.20 10:05:48 ERROR 	at sbt.internal.XMainConfiguration.run(XMainConfiguration.java:59)
2023.09.20 10:05:48 ERROR 	at sbt.xMain.run(Main.scala:47)
2023.09.20 10:05:48 ERROR 	at xsbt.boot.Launch$.$anonfun$run$1(Launch.scala:149)
2023.09.20 10:05:48 ERROR 	at xsbt.boot.Launch$.withContextLoader(Launch.scala:176)
2023.09.20 10:05:48 ERROR 	at xsbt.boot.Launch$.run(Launch.scala:149)
2023.09.20 10:05:48 ERROR 	at xsbt.boot.Launch$.$anonfun$apply$1(Launch.scala:44)
2023.09.20 10:05:48 ERROR 	at xsbt.boot.Launch$.launch(Launch.scala:159)
2023.09.20 10:05:48 ERROR 	at xsbt.boot.Launch$.apply(Launch.scala:44)
2023.09.20 10:05:48 ERROR 	at xsbt.boot.Launch$.apply(Launch.scala:21)
2023.09.20 10:05:48 ERROR 	at xsbt.boot.Boot$.runImpl(Boot.scala:78)
2023.09.20 10:05:48 ERROR 	at xsbt.boot.Boot$.run(Boot.scala:73)
2023.09.20 10:05:48 ERROR 	at xsbt.boot.Boot$.main(Boot.scala:21)
2023.09.20 10:05:48 ERROR 	at xsbt.boot.Boot.main(Boot.scala)
2023.09.20 10:05:47 INFO  [error] java.lang.UnsupportedClassVersionError: play/api/PlayException$ExceptionSource has been compiled by a more recent version of the Java Runtime (class file version 55.0), this version of the Java Runtime only recognizes class file versions up to 52.0
2023.09.20 10:05:47 INFO  [error] Use 'last' for the full log.
2023.09.20 10:05:47 INFO  [warn] Project loading failed: (r)etry, (q)uit, (l)ast, or (i)gnore? (default: r)
2023.09.20 10:05:48 INFO  time: ran 'sbt bloopInstall' in 14s
2023.09.20 10:05:48 ERROR sbt command failed: /Library/Java/JavaVirtualMachines/adoptopenjdk-8.jdk/Contents/Home/bin/java -Djline.terminal=jline.UnsupportedTerminal -Dsbt.log.noformat=true -Dfile.encoding=UTF-8 -jar /var/folders/t5/zdsdwp2145734swnhhp4b9m00000gp/T/metals3274214187857687276/sbt-launch.jar -Dbloop.export-jar-classifiers=sources bloopInstall
2023.09.20 10:07:11 INFO  running '/Library/Java/JavaVirtualMachines/adoptopenjdk-8.jdk/Contents/Home/bin/java -Djline.terminal=jline.UnsupportedTerminal -Dsbt.log.noformat=true -Dfile.encoding=UTF-8 -jar /var/folders/t5/zdsdwp2145734swnhhp4b9m00000gp/T/metals3020654317370927693/sbt-launch.jar -Dbloop.export-jar-classifiers=sources bloopInstall'
2023.09.20 10:07:14 INFO  [info] welcome to sbt 1.9.6 (AdoptOpenJDK Java 1.8.0_292)
2023.09.20 10:07:14 INFO  [info] loading settings for project play-slick-template-build-build-build from metals.sbt ...
2023.09.20 10:07:16 INFO  [info] loading project definition from /Users/frkaimo/play-slick-template/project/project/project
2023.09.20 10:07:18 INFO  [info] loading settings for project play-slick-template-build-build from metals.sbt ...
2023.09.20 10:07:18 INFO  [info] loading project definition from /Users/frkaimo/play-slick-template/project/project
2023.09.20 10:07:23 INFO  [success] Generated .bloop/play-slick-template-build-build.json
2023.09.20 10:07:23 INFO  [success] Total time: 4 s, completed 09 20, 23 10:07:23 AM
2023.09.20 10:07:23 INFO  [info] loading settings for project play-slick-template-build from metals.sbt,plugins.sbt ...
2023.09.20 10:07:24 INFO  [info] loading project definition from /Users/frkaimo/play-slick-template/project
2023.09.20 10:07:26 INFO  [success] Generated .bloop/play-slick-template-build.json
2023.09.20 10:07:26 INFO  [success] Total time: 2 s, completed 09 20, 23 10:07:26 AM
2023.09.20 10:07:26 ERROR java.lang.UnsupportedClassVersionError: play/api/PlayException$ExceptionSource has been compiled by a more recent version of the Java Runtime (class file version 55.0), this version of the Java Runtime only recognizes class file versions up to 52.0
2023.09.20 10:07:26 ERROR 	at java.lang.ClassLoader.defineClass1(Native Method)
2023.09.20 10:07:26 ERROR 	at java.lang.ClassLoader.defineClass(ClassLoader.java:756)
2023.09.20 10:07:26 ERROR 	at java.security.SecureClassLoader.defineClass(SecureClassLoader.java:142)
2023.09.20 10:07:26 ERROR 	at java.net.URLClassLoader.defineClass(URLClassLoader.java:468)
2023.09.20 10:07:26 ERROR 	at java.net.URLClassLoader.access$100(URLClassLoader.java:74)
2023.09.20 10:07:26 ERROR 	at java.net.URLClassLoader$1.run(URLClassLoader.java:369)
2023.09.20 10:07:26 ERROR 	at java.net.URLClassLoader$1.run(URLClassLoader.java:363)
2023.09.20 10:07:26 ERROR 	at java.security.AccessController.doPrivileged(Native Method)
2023.09.20 10:07:26 ERROR 	at java.net.URLClassLoader.findClass(URLClassLoader.java:362)
2023.09.20 10:07:26 ERROR 	at java.lang.ClassLoader.loadClass(ClassLoader.java:418)
2023.09.20 10:07:26 ERROR 	at java.lang.ClassLoader.loadClass(ClassLoader.java:351)
2023.09.20 10:07:26 ERROR 	at java.lang.Class.forName0(Native Method)
2023.09.20 10:07:26 ERROR 	at java.lang.Class.forName(Class.java:348)
2023.09.20 10:07:26 ERROR 	at sbt.internal.inc.ModuleUtilities$.getObject(ModuleUtilities.scala:24)
2023.09.20 10:07:26 ERROR 	at sbt.internal.inc.ModuleUtilities$.getCheckedObject(ModuleUtilities.scala:32)
2023.09.20 10:07:26 ERROR 	at sbt.internal.inc.ModuleUtilities$.$anonfun$getCheckedObjects$1(ModuleUtilities.scala:37)
2023.09.20 10:07:26 ERROR 	at scala.collection.immutable.Stream.$anonfun$map$1(Stream.scala:418)
2023.09.20 10:07:26 ERROR 	at scala.collection.immutable.Stream$Cons.tail(Stream.scala:1173)
2023.09.20 10:07:26 ERROR 	at scala.collection.immutable.Stream$Cons.tail(Stream.scala:1163)
2023.09.20 10:07:26 ERROR 	at scala.collection.generic.Growable.loop$1(Growable.scala:57)
2023.09.20 10:07:26 ERROR 	at scala.collection.generic.Growable.$plus$plus$eq(Growable.scala:61)
2023.09.20 10:07:26 ERROR 	at scala.collection.generic.Growable.$plus$plus$eq$(Growable.scala:53)
2023.09.20 10:07:26 ERROR 	at scala.collection.mutable.ListBuffer.$plus$plus$eq(ListBuffer.scala:184)
2023.09.20 10:07:26 ERROR 	at scala.collection.mutable.ListBuffer.$plus$plus$eq(ListBuffer.scala:47)
2023.09.20 10:07:26 ERROR 	at scala.collection.TraversableLike.to(TraversableLike.scala:786)
2023.09.20 10:07:26 ERROR 	at scala.collection.TraversableLike.to$(TraversableLike.scala:783)
2023.09.20 10:07:26 ERROR 	at scala.collection.AbstractTraversable.to(Traversable.scala:108)
2023.09.20 10:07:26 ERROR 	at scala.collection.TraversableOnce.toList(TraversableOnce.scala:350)
2023.09.20 10:07:26 ERROR 	at scala.collection.TraversableOnce.toList$(TraversableOnce.scala:350)
2023.09.20 10:07:26 ERROR 	at scala.collection.AbstractTraversable.toList(Traversable.scala:108)
2023.09.20 10:07:26 ERROR 	at scala.collection.immutable.List.$plus$plus(List.scala:216)
2023.09.20 10:07:26 ERROR 	at sbt.internal.PluginDiscovery$.discoverAll(PluginDiscovery.scala:59)
2023.09.20 10:07:26 ERROR 	at sbt.internal.Load$.loadPlugins(Load.scala:1330)
2023.09.20 10:07:26 ERROR 	at sbt.internal.Load$.loadPluginDefinition(Load.scala:1275)
2023.09.20 10:07:26 ERROR 	at sbt.internal.Load$.buildPlugins(Load.scala:1254)
2023.09.20 10:07:26 ERROR 	at sbt.internal.Load$.plugins(Load.scala:1233)
2023.09.20 10:07:26 ERROR 	at sbt.internal.Load$.$anonfun$loadUnit$2(Load.scala:701)
2023.09.20 10:07:26 ERROR 	at sbt.internal.Load$.timed(Load.scala:1407)
2023.09.20 10:07:26 ERROR 	at sbt.internal.Load$.$anonfun$loadUnit$1(Load.scala:701)
2023.09.20 10:07:26 ERROR 	at sbt.internal.Load$.timed(Load.scala:1407)
2023.09.20 10:07:26 ERROR 	at sbt.internal.Load$.loadUnit(Load.scala:695)
2023.09.20 10:07:26 ERROR 	at sbt.internal.Load$.$anonfun$builtinLoader$4(Load.scala:493)
2023.09.20 10:07:26 ERROR 	at sbt.internal.BuildLoader$.$anonfun$componentLoader$5(BuildLoader.scala:181)
2023.09.20 10:07:26 ERROR 	at sbt.internal.BuildLoader.apply(BuildLoader.scala:246)
2023.09.20 10:07:26 ERROR 	at sbt.internal.Load$.loadURI$1(Load.scala:555)
2023.09.20 10:07:26 ERROR 	at sbt.internal.Load$.loadAll(Load.scala:571)
2023.09.20 10:07:26 ERROR 	at sbt.internal.Load$.loadURI(Load.scala:501)
2023.09.20 10:07:26 ERROR 	at sbt.internal.Load$.load(Load.scala:480)
2023.09.20 10:07:26 ERROR 	at sbt.internal.Load$.$anonfun$apply$1(Load.scala:242)
2023.09.20 10:07:26 ERROR 	at sbt.internal.Load$.timed(Load.scala:1407)
2023.09.20 10:07:26 ERROR 	at sbt.internal.Load$.apply(Load.scala:242)
2023.09.20 10:07:26 ERROR 	at sbt.internal.Load$.defaultLoad(Load.scala:57)
2023.09.20 10:07:26 ERROR 	at sbt.BuiltinCommands$.liftedTree1$1(Main.scala:964)
2023.09.20 10:07:26 ERROR 	at sbt.BuiltinCommands$.doLoadProject(Main.scala:964)
2023.09.20 10:07:26 ERROR 	at sbt.BuiltinCommands$.$anonfun$loadProjectImpl$2(Main.scala:917)
2023.09.20 10:07:26 ERROR 	at sbt.Command$.$anonfun$applyEffect$4(Command.scala:151)
2023.09.20 10:07:26 ERROR 	at sbt.Command$.$anonfun$applyEffect$2(Command.scala:146)
2023.09.20 10:07:26 ERROR 	at sbt.Command$.process(Command.scala:190)
2023.09.20 10:07:26 ERROR 	at sbt.MainLoop$.$anonfun$processCommand$5(MainLoop.scala:246)
2023.09.20 10:07:26 ERROR 	at scala.Option.getOrElse(Option.scala:189)
2023.09.20 10:07:26 ERROR 	at sbt.MainLoop$.process$1(MainLoop.scala:246)
2023.09.20 10:07:26 ERROR 	at sbt.MainLoop$.processCommand(MainLoop.scala:279)
2023.09.20 10:07:26 ERROR 	at sbt.MainLoop$.$anonfun$next$5(MainLoop.scala:164)
2023.09.20 10:07:26 ERROR 	at sbt.State$StateOpsImpl$.runCmd$1(State.scala:290)
2023.09.20 10:07:26 ERROR 	at sbt.State$StateOpsImpl$.process$extension(State.scala:326)
2023.09.20 10:07:26 ERROR 	at sbt.MainLoop$.$anonfun$next$4(MainLoop.scala:164)
2023.09.20 10:07:26 ERROR 	at sbt.internal.util.ErrorHandling$.wideConvert(ErrorHandling.scala:24)
2023.09.20 10:07:26 ERROR 	at sbt.MainLoop$.next(MainLoop.scala:164)
2023.09.20 10:07:26 ERROR 	at sbt.MainLoop$.run(MainLoop.scala:145)
2023.09.20 10:07:26 ERROR 	at sbt.MainLoop$.$anonfun$runWithNewLog$1(MainLoop.scala:120)
2023.09.20 10:07:26 ERROR 	at sbt.io.Using.apply(Using.scala:28)
2023.09.20 10:07:26 ERROR 	at sbt.MainLoop$.runWithNewLog(MainLoop.scala:113)
2023.09.20 10:07:26 ERROR 	at sbt.MainLoop$.runAndClearLast(MainLoop.scala:67)
2023.09.20 10:07:26 ERROR 	at sbt.MainLoop$.runLoggedLoop(MainLoop.scala:52)
2023.09.20 10:07:26 ERROR 	at sbt.MainLoop$.runLogged(MainLoop.scala:43)
2023.09.20 10:07:26 ERROR 	at sbt.StandardMain$.runManaged(Main.scala:225)
2023.09.20 10:07:26 ERROR 	at sbt.xMain$.$anonfun$run$11(Main.scala:135)
2023.09.20 10:07:26 ERROR 	at scala.util.DynamicVariable.withValue(DynamicVariable.scala:62)
2023.09.20 10:07:26 ERROR 	at scala.Console$.withIn(Console.scala:230)
2023.09.20 10:07:26 ERROR 	at sbt.internal.util.Terminal$.withIn(Terminal.scala:610)
2023.09.20 10:07:26 ERROR 	at sbt.internal.util.Terminal$.$anonfun$withStreams$1(Terminal.scala:390)
2023.09.20 10:07:26 ERROR 	at scala.util.DynamicVariable.withValue(DynamicVariable.scala:62)
2023.09.20 10:07:26 ERROR 	at scala.Console$.withOut(Console.scala:167)
2023.09.20 10:07:26 ERROR 	at sbt.internal.util.Terminal$.$anonfun$withOut$2(Terminal.scala:600)
2023.09.20 10:07:26 ERROR 	at scala.util.DynamicVariable.withValue(DynamicVariable.scala:62)
2023.09.20 10:07:26 ERROR 	at scala.Console$.withErr(Console.scala:196)
2023.09.20 10:07:26 ERROR 	at sbt.internal.util.Terminal$.withOut(Terminal.scala:600)
2023.09.20 10:07:26 ERROR 	at sbt.internal.util.Terminal$.withStreams(Terminal.scala:390)
2023.09.20 10:07:26 ERROR 	at sbt.xMain$.withStreams$1(Main.scala:88)
2023.09.20 10:07:26 ERROR 	at sbt.xMain$.run(Main.scala:123)
2023.09.20 10:07:26 ERROR 	at sun.reflect.NativeMethodAccessorImpl.invoke0(Native Method)
2023.09.20 10:07:26 ERROR 	at sun.reflect.NativeMethodAccessorImpl.invoke(NativeMethodAccessorImpl.java:62)
2023.09.20 10:07:26 ERROR 	at sun.reflect.DelegatingMethodAccessorImpl.invoke(DelegatingMethodAccessorImpl.java:43)
2023.09.20 10:07:26 ERROR 	at java.lang.reflect.Method.invoke(Method.java:498)
2023.09.20 10:07:26 ERROR 	at sbt.internal.XMainConfiguration.run(XMainConfiguration.java:59)
2023.09.20 10:07:26 ERROR 	at sbt.xMain.run(Main.scala:47)
2023.09.20 10:07:26 ERROR 	at xsbt.boot.Launch$.$anonfun$run$1(Launch.scala:149)
2023.09.20 10:07:26 ERROR 	at xsbt.boot.Launch$.withContextLoader(Launch.scala:176)
2023.09.20 10:07:26 ERROR 	at xsbt.boot.Launch$.run(Launch.scala:149)
2023.09.20 10:07:26 ERROR 	at xsbt.boot.Launch$.$anonfun$apply$1(Launch.scala:44)
2023.09.20 10:07:26 ERROR 	at xsbt.boot.Launch$.launch(Launch.scala:159)
2023.09.20 10:07:26 ERROR 	at xsbt.boot.Launch$.apply(Launch.scala:44)
2023.09.20 10:07:26 ERROR 	at xsbt.boot.Launch$.apply(Launch.scala:21)
2023.09.20 10:07:26 ERROR 	at xsbt.boot.Boot$.runImpl(Boot.scala:78)
2023.09.20 10:07:26 ERROR 	at xsbt.boot.Boot$.run(Boot.scala:73)
2023.09.20 10:07:26 ERROR 	at xsbt.boot.Boot$.main(Boot.scala:21)
2023.09.20 10:07:26 ERROR 	at xsbt.boot.Boot.main(Boot.scala)
2023.09.20 10:07:26 INFO  [error] java.lang.UnsupportedClassVersionError: play/api/PlayException$ExceptionSource has been compiled by a more recent version of the Java Runtime (class file version 55.0), this version of the Java Runtime only recognizes class file versions up to 52.0
2023.09.20 10:07:26 INFO  [error] Use 'last' for the full log.
2023.09.20 10:07:26 INFO  [warn] Project loading failed: (r)etry, (q)uit, (l)ast, or (i)gnore? (default: r)
2023.09.20 10:07:26 INFO  time: ran 'sbt bloopInstall' in 15s
2023.09.20 10:07:26 ERROR sbt command failed: /Library/Java/JavaVirtualMachines/adoptopenjdk-8.jdk/Contents/Home/bin/java -Djline.terminal=jline.UnsupportedTerminal -Dsbt.log.noformat=true -Dfile.encoding=UTF-8 -jar /var/folders/t5/zdsdwp2145734swnhhp4b9m00000gp/T/metals3020654317370927693/sbt-launch.jar -Dbloop.export-jar-classifiers=sources bloopInstall
2023.09.20 10:07:28 INFO  Shutting down server
2023.09.20 10:07:28 INFO  shutting down Metals
2023.09.20 10:07:29 INFO  Shut down connection with build server.
2023.09.20 10:07:29 INFO  Shut down connection with build server.
2023.09.20 10:07:29 INFO  Shut down connection with build server.
2023.09.20 10:07:28 INFO  Exiting server
2023.09.20 10:07:43 INFO  Started: Metals version 1.0.1 in folders '/Users/frkaimo/play-slick-template' for client Visual Studio Code 1.74.3.
Sep 20, 2023 10:07:43 AM org.flywaydb.core.internal.license.VersionPrinter printVersionOnly
INFO: Flyway Community Edition 9.21.2 by Redgate
Sep 20, 2023 10:07:43 AM org.flywaydb.core.internal.license.VersionPrinter printVersion
INFO: See release notes here: https://rd.gt/416ObMi
Sep 20, 2023 10:07:43 AM org.flywaydb.core.internal.license.VersionPrinter printVersion
INFO: 
Sep 20, 2023 10:07:44 AM org.flywaydb.core.FlywayExecutor execute
INFO: Database: jdbc:h2:file:/Users/frkaimo/play-slick-template/.metals/metals (H2 2.1)
Sep 20, 2023 10:07:44 AM org.flywaydb.core.internal.command.DbValidate validate
INFO: Successfully validated 4 migrations (execution time 00:00.026s)
Sep 20, 2023 10:07:44 AM org.flywaydb.core.internal.command.DbMigrate migrateGroup
INFO: Current version of schema "PUBLIC": 4
Sep 20, 2023 10:07:44 AM org.flywaydb.core.internal.command.DbMigrate logSummary
INFO: Schema "PUBLIC" is up to date. No migration necessary.
2023.09.20 10:07:44 INFO  time: initialize in 1.09s
2023.09.20 10:07:44 WARN  Build server is not auto-connectable.
2023.09.20 10:07:45 WARN  no build target for: /Users/frkaimo/play-slick-template/build.sbt
2023.09.20 10:07:45 INFO  skipping build import with status 'Failed'
2023.09.20 10:07:45 INFO  running '/Library/Java/JavaVirtualMachines/adoptopenjdk-8.jdk/Contents/Home/bin/java -Djline.terminal=jline.UnsupportedTerminal -Dsbt.log.noformat=true -Dfile.encoding=UTF-8 -jar /var/folders/t5/zdsdwp2145734swnhhp4b9m00000gp/T/metals4409561255463178856/sbt-launch.jar -Dbloop.export-jar-classifiers=sources bloopInstall'
2023.09.20 10:07:50 INFO  [info] welcome to sbt 1.9.6 (AdoptOpenJDK Java 1.8.0_292)
2023.09.20 10:07:51 INFO  no build target found for /Users/frkaimo/play-slick-template/build.sbt. Using presentation compiler with project's scala-library version: 3.3.0
2023.09.20 10:07:52 INFO  [info] loading settings for project play-slick-template-build-build-build from metals.sbt ...
2023.09.20 10:07:54 INFO  time: code lens generation in 6.02s
2023.09.20 10:07:54 INFO  time: code lens generation in 9.36s
2023.09.20 10:07:54 INFO  [info] loading project definition from /Users/frkaimo/play-slick-template/project/project/project
2023.09.20 10:07:56 INFO  [info] loading settings for project play-slick-template-build-build from metals.sbt ...
2023.09.20 10:07:56 INFO  [info] loading project definition from /Users/frkaimo/play-slick-template/project/project
2023.09.20 10:08:02 INFO  [success] Generated .bloop/play-slick-template-build-build.json
2023.09.20 10:08:02 INFO  [success] Total time: 6 s, completed 09 20, 23 10:08:03 AM
2023.09.20 10:08:04 INFO  [info] loading settings for project play-slick-template-build from metals.sbt,plugins.sbt ...
2023.09.20 10:08:04 INFO  [info] loading project definition from /Users/frkaimo/play-slick-template/project
2023.09.20 10:08:06 INFO  [success] Generated .bloop/play-slick-template-build.json
2023.09.20 10:08:06 INFO  [success] Total time: 3 s, completed 09 20, 23 10:08:07 AM
2023.09.20 10:08:07 ERROR java.lang.UnsupportedClassVersionError: play/api/PlayException$ExceptionSource has been compiled by a more recent version of the Java Runtime (class file version 55.0), this version of the Java Runtime only recognizes class file versions up to 52.0
2023.09.20 10:08:07 ERROR 	at java.lang.ClassLoader.defineClass1(Native Method)
2023.09.20 10:08:07 ERROR 	at java.lang.ClassLoader.defineClass(ClassLoader.java:756)
2023.09.20 10:08:07 ERROR 	at java.security.SecureClassLoader.defineClass(SecureClassLoader.java:142)
2023.09.20 10:08:07 ERROR 	at java.net.URLClassLoader.defineClass(URLClassLoader.java:468)
2023.09.20 10:08:07 ERROR 	at java.net.URLClassLoader.access$100(URLClassLoader.java:74)
2023.09.20 10:08:07 ERROR 	at java.net.URLClassLoader$1.run(URLClassLoader.java:369)
2023.09.20 10:08:07 ERROR 	at java.net.URLClassLoader$1.run(URLClassLoader.java:363)
2023.09.20 10:08:07 ERROR 	at java.security.AccessController.doPrivileged(Native Method)
2023.09.20 10:08:07 ERROR 	at java.net.URLClassLoader.findClass(URLClassLoader.java:362)
2023.09.20 10:08:07 ERROR 	at java.lang.ClassLoader.loadClass(ClassLoader.java:418)
2023.09.20 10:08:07 ERROR 	at java.lang.ClassLoader.loadClass(ClassLoader.java:351)
2023.09.20 10:08:07 ERROR 	at java.lang.Class.forName0(Native Method)
2023.09.20 10:08:07 ERROR 	at java.lang.Class.forName(Class.java:348)
2023.09.20 10:08:07 ERROR 	at sbt.internal.inc.ModuleUtilities$.getObject(ModuleUtilities.scala:24)
2023.09.20 10:08:07 ERROR 	at sbt.internal.inc.ModuleUtilities$.getCheckedObject(ModuleUtilities.scala:32)
2023.09.20 10:08:07 ERROR 	at sbt.internal.inc.ModuleUtilities$.$anonfun$getCheckedObjects$1(ModuleUtilities.scala:37)
2023.09.20 10:08:07 ERROR 	at scala.collection.immutable.Stream.$anonfun$map$1(Stream.scala:418)
2023.09.20 10:08:07 ERROR 	at scala.collection.immutable.Stream$Cons.tail(Stream.scala:1173)
2023.09.20 10:08:07 ERROR 	at scala.collection.immutable.Stream$Cons.tail(Stream.scala:1163)
2023.09.20 10:08:07 ERROR 	at scala.collection.generic.Growable.loop$1(Growable.scala:57)
2023.09.20 10:08:07 ERROR 	at scala.collection.generic.Growable.$plus$plus$eq(Growable.scala:61)
2023.09.20 10:08:07 ERROR 	at scala.collection.generic.Growable.$plus$plus$eq$(Growable.scala:53)
2023.09.20 10:08:07 ERROR 	at scala.collection.mutable.ListBuffer.$plus$plus$eq(ListBuffer.scala:184)
2023.09.20 10:08:07 ERROR 	at scala.collection.mutable.ListBuffer.$plus$plus$eq(ListBuffer.scala:47)
2023.09.20 10:08:07 ERROR 	at scala.collection.TraversableLike.to(TraversableLike.scala:786)
2023.09.20 10:08:07 ERROR 	at scala.collection.TraversableLike.to$(TraversableLike.scala:783)
2023.09.20 10:08:07 ERROR 	at scala.collection.AbstractTraversable.to(Traversable.scala:108)
2023.09.20 10:08:07 ERROR 	at scala.collection.TraversableOnce.toList(TraversableOnce.scala:350)
2023.09.20 10:08:07 ERROR 	at scala.collection.TraversableOnce.toList$(TraversableOnce.scala:350)
2023.09.20 10:08:07 ERROR 	at scala.collection.AbstractTraversable.toList(Traversable.scala:108)
2023.09.20 10:08:07 ERROR 	at scala.collection.immutable.List.$plus$plus(List.scala:216)
2023.09.20 10:08:07 ERROR 	at sbt.internal.PluginDiscovery$.discoverAll(PluginDiscovery.scala:59)
2023.09.20 10:08:07 ERROR 	at sbt.internal.Load$.loadPlugins(Load.scala:1330)
2023.09.20 10:08:07 ERROR 	at sbt.internal.Load$.loadPluginDefinition(Load.scala:1275)
2023.09.20 10:08:07 ERROR 	at sbt.internal.Load$.buildPlugins(Load.scala:1254)
2023.09.20 10:08:07 ERROR 	at sbt.internal.Load$.plugins(Load.scala:1233)
2023.09.20 10:08:07 ERROR 	at sbt.internal.Load$.$anonfun$loadUnit$2(Load.scala:701)
2023.09.20 10:08:07 ERROR 	at sbt.internal.Load$.timed(Load.scala:1407)
2023.09.20 10:08:07 ERROR 	at sbt.internal.Load$.$anonfun$loadUnit$1(Load.scala:701)
2023.09.20 10:08:07 ERROR 	at sbt.internal.Load$.timed(Load.scala:1407)
2023.09.20 10:08:07 ERROR 	at sbt.internal.Load$.loadUnit(Load.scala:695)
2023.09.20 10:08:07 ERROR 	at sbt.internal.Load$.$anonfun$builtinLoader$4(Load.scala:493)
2023.09.20 10:08:07 ERROR 	at sbt.internal.BuildLoader$.$anonfun$componentLoader$5(BuildLoader.scala:181)
2023.09.20 10:08:07 ERROR 	at sbt.internal.BuildLoader.apply(BuildLoader.scala:246)
2023.09.20 10:08:07 ERROR 	at sbt.internal.Load$.loadURI$1(Load.scala:555)
2023.09.20 10:08:07 ERROR 	at sbt.internal.Load$.loadAll(Load.scala:571)
2023.09.20 10:08:07 ERROR 	at sbt.internal.Load$.loadURI(Load.scala:501)
2023.09.20 10:08:07 ERROR 	at sbt.internal.Load$.load(Load.scala:480)
2023.09.20 10:08:07 ERROR 	at sbt.internal.Load$.$anonfun$apply$1(Load.scala:242)
2023.09.20 10:08:07 ERROR 	at sbt.internal.Load$.timed(Load.scala:1407)
2023.09.20 10:08:07 ERROR 	at sbt.internal.Load$.apply(Load.scala:242)
2023.09.20 10:08:07 ERROR 	at sbt.internal.Load$.defaultLoad(Load.scala:57)
2023.09.20 10:08:07 ERROR 	at sbt.BuiltinCommands$.liftedTree1$1(Main.scala:964)
2023.09.20 10:08:07 ERROR 	at sbt.BuiltinCommands$.doLoadProject(Main.scala:964)
2023.09.20 10:08:07 ERROR 	at sbt.BuiltinCommands$.$anonfun$loadProjectImpl$2(Main.scala:917)
2023.09.20 10:08:07 ERROR 	at sbt.Command$.$anonfun$applyEffect$4(Command.scala:151)
2023.09.20 10:08:07 ERROR 	at sbt.Command$.$anonfun$applyEffect$2(Command.scala:146)
2023.09.20 10:08:07 ERROR 	at sbt.Command$.process(Command.scala:190)
2023.09.20 10:08:07 ERROR 	at sbt.MainLoop$.$anonfun$processCommand$5(MainLoop.scala:246)
2023.09.20 10:08:07 ERROR 	at scala.Option.getOrElse(Option.scala:189)
2023.09.20 10:08:07 ERROR 	at sbt.MainLoop$.process$1(MainLoop.scala:246)
2023.09.20 10:08:07 ERROR 	at sbt.MainLoop$.processCommand(MainLoop.scala:279)
2023.09.20 10:08:07 ERROR 	at sbt.MainLoop$.$anonfun$next$5(MainLoop.scala:164)
2023.09.20 10:08:07 ERROR 	at sbt.State$StateOpsImpl$.runCmd$1(State.scala:290)
2023.09.20 10:08:06 INFO  [error] java.lang.UnsupportedClassVersionError: play/api/PlayException$ExceptionSource has been compiled by a more recent version of the Java Runtime (class file version 55.0), this version of the Java Runtime only recognizes class file versions up to 52.0
2023.09.20 10:08:07 ERROR 	at sbt.State$StateOpsImpl$.process$extension(State.scala:326)
2023.09.20 10:08:07 ERROR 	at sbt.MainLoop$.$anonfun$next$4(MainLoop.scala:164)
2023.09.20 10:08:06 INFO  [error] Use 'last' for the full log.
2023.09.20 10:08:07 ERROR 	at sbt.internal.util.ErrorHandling$.wideConvert(ErrorHandling.scala:24)
2023.09.20 10:08:07 ERROR 	at sbt.MainLoop$.next(MainLoop.scala:164)
2023.09.20 10:08:07 ERROR 	at sbt.MainLoop$.run(MainLoop.scala:145)
2023.09.20 10:08:07 ERROR 	at sbt.MainLoop$.$anonfun$runWithNewLog$1(MainLoop.scala:120)
2023.09.20 10:08:07 ERROR 	at sbt.io.Using.apply(Using.scala:28)
2023.09.20 10:08:07 ERROR 	at sbt.MainLoop$.runWithNewLog(MainLoop.scala:113)
2023.09.20 10:08:07 ERROR 	at sbt.MainLoop$.runAndClearLast(MainLoop.scala:67)
2023.09.20 10:08:07 ERROR 	at sbt.MainLoop$.runLoggedLoop(MainLoop.scala:52)
2023.09.20 10:08:07 ERROR 	at sbt.MainLoop$.runLogged(MainLoop.scala:43)
2023.09.20 10:08:07 ERROR 	at sbt.StandardMain$.runManaged(Main.scala:225)
2023.09.20 10:08:07 ERROR 	at sbt.xMain$.$anonfun$run$11(Main.scala:135)
2023.09.20 10:08:07 ERROR 	at scala.util.DynamicVariable.withValue(DynamicVariable.scala:62)
2023.09.20 10:08:07 ERROR 	at scala.Console$.withIn(Console.scala:230)
2023.09.20 10:08:07 ERROR 	at sbt.internal.util.Terminal$.withIn(Terminal.scala:610)
2023.09.20 10:08:07 INFO  [warn] Project loading failed: (r)etry, (q)uit, (l)ast, or (i)gnore? (default: r)
2023.09.20 10:08:07 ERROR 	at sbt.internal.util.Terminal$.$anonfun$withStreams$1(Terminal.scala:390)
2023.09.20 10:08:07 ERROR 	at scala.util.DynamicVariable.withValue(DynamicVariable.scala:62)
2023.09.20 10:08:07 ERROR 	at scala.Console$.withOut(Console.scala:167)
2023.09.20 10:08:07 ERROR 	at sbt.internal.util.Terminal$.$anonfun$withOut$2(Terminal.scala:600)
2023.09.20 10:08:07 ERROR 	at scala.util.DynamicVariable.withValue(DynamicVariable.scala:62)
2023.09.20 10:08:07 ERROR 	at scala.Console$.withErr(Console.scala:196)
2023.09.20 10:08:07 ERROR 	at sbt.internal.util.Terminal$.withOut(Terminal.scala:600)
2023.09.20 10:08:07 ERROR 	at sbt.internal.util.Terminal$.withStreams(Terminal.scala:390)
2023.09.20 10:08:07 ERROR 	at sbt.xMain$.withStreams$1(Main.scala:88)
2023.09.20 10:08:07 ERROR 	at sbt.xMain$.run(Main.scala:123)
2023.09.20 10:08:07 ERROR 	at sun.reflect.NativeMethodAccessorImpl.invoke0(Native Method)
2023.09.20 10:08:07 ERROR 	at sun.reflect.NativeMethodAccessorImpl.invoke(NativeMethodAccessorImpl.java:62)
2023.09.20 10:08:07 ERROR 	at sun.reflect.DelegatingMethodAccessorImpl.invoke(DelegatingMethodAccessorImpl.java:43)
2023.09.20 10:08:07 ERROR 	at java.lang.reflect.Method.invoke(Method.java:498)
2023.09.20 10:08:07 ERROR 	at sbt.internal.XMainConfiguration.run(XMainConfiguration.java:59)
2023.09.20 10:08:07 ERROR 	at sbt.xMain.run(Main.scala:47)
2023.09.20 10:08:07 ERROR 	at xsbt.boot.Launch$.$anonfun$run$1(Launch.scala:149)
2023.09.20 10:08:07 ERROR 	at xsbt.boot.Launch$.withContextLoader(Launch.scala:176)
2023.09.20 10:08:07 ERROR 	at xsbt.boot.Launch$.run(Launch.scala:149)
2023.09.20 10:08:07 ERROR 	at xsbt.boot.Launch$.$anonfun$apply$1(Launch.scala:44)
2023.09.20 10:08:07 ERROR 	at xsbt.boot.Launch$.launch(Launch.scala:159)
2023.09.20 10:08:07 ERROR 	at xsbt.boot.Launch$.apply(Launch.scala:44)
2023.09.20 10:08:07 ERROR 	at xsbt.boot.Launch$.apply(Launch.scala:21)
2023.09.20 10:08:07 ERROR 	at xsbt.boot.Boot$.runImpl(Boot.scala:78)
2023.09.20 10:08:07 ERROR 	at xsbt.boot.Boot$.run(Boot.scala:73)
2023.09.20 10:08:07 ERROR 	at xsbt.boot.Boot$.main(Boot.scala:21)
2023.09.20 10:08:07 ERROR 	at xsbt.boot.Boot.main(Boot.scala)
2023.09.20 10:08:07 INFO  time: ran 'sbt bloopInstall' in 21s
2023.09.20 10:08:07 ERROR sbt command failed: /Library/Java/JavaVirtualMachines/adoptopenjdk-8.jdk/Contents/Home/bin/java -Djline.terminal=jline.UnsupportedTerminal -Dsbt.log.noformat=true -Dfile.encoding=UTF-8 -jar /var/folders/t5/zdsdwp2145734swnhhp4b9m00000gp/T/metals4409561255463178856/sbt-launch.jar -Dbloop.export-jar-classifiers=sources bloopInstall
2023.09.20 10:09:19 INFO  
2023.09.20 10:09:19 INFO  Template applied in /Users/frkaimo/./play-slick-t
2023.09.20 10:09:19 INFO  
2023.09.20 10:09:19 INFO  time: ran 'giter8.Giter8' in 6.11s
2023.09.20 10:10:35 INFO  Shutting down server
2023.09.20 10:10:35 INFO  shutting down Metals
2023.09.20 10:10:35 INFO  Exiting server
2023.09.20 10:12:20 INFO  Started: Metals version 1.0.1 in folders '/Users/frkaimo/play-slick-template' for client Visual Studio Code 1.74.3.
Sep 20, 2023 10:12:20 AM org.flywaydb.core.internal.license.VersionPrinter printVersionOnly
INFO: Flyway Community Edition 9.21.2 by Redgate
Sep 20, 2023 10:12:20 AM org.flywaydb.core.internal.license.VersionPrinter printVersion
INFO: See release notes here: https://rd.gt/416ObMi
Sep 20, 2023 10:12:20 AM org.flywaydb.core.internal.license.VersionPrinter printVersion
INFO: 
Sep 20, 2023 10:12:20 AM org.flywaydb.core.FlywayExecutor execute
INFO: Database: jdbc:h2:file:/Users/frkaimo/play-slick-template/.metals/metals (H2 2.1)
Sep 20, 2023 10:12:20 AM org.flywaydb.core.internal.command.DbValidate validate
INFO: Successfully validated 4 migrations (execution time 00:00.026s)
Sep 20, 2023 10:12:20 AM org.flywaydb.core.internal.command.DbMigrate migrateGroup
INFO: Current version of schema "PUBLIC": 4
Sep 20, 2023 10:12:20 AM org.flywaydb.core.internal.command.DbMigrate logSummary
INFO: Schema "PUBLIC" is up to date. No migration necessary.
2023.09.20 10:12:21 INFO  time: initialize in 0.84s
2023.09.20 10:12:21 WARN  Build server is not auto-connectable.
2023.09.20 10:12:21 WARN  no build target for: /Users/frkaimo/play-slick-template/build.sbt
2023.09.20 10:12:22 INFO  skipping build import with status 'Failed'
2023.09.20 10:12:23 INFO  running '/Library/Java/JavaVirtualMachines/adoptopenjdk-8.jdk/Contents/Home/bin/java -Djline.terminal=jline.UnsupportedTerminal -Dsbt.log.noformat=true -Dfile.encoding=UTF-8 -jar /var/folders/t5/zdsdwp2145734swnhhp4b9m00000gp/T/metals824892967663411193/sbt-launch.jar -Dbloop.export-jar-classifiers=sources bloopInstall'
2023.09.20 10:12:26 INFO  no build target found for /Users/frkaimo/play-slick-template/build.sbt. Using presentation compiler with project's scala-library version: 3.3.0
2023.09.20 10:12:26 INFO  [info] welcome to sbt 1.9.6 (AdoptOpenJDK Java 1.8.0_292)
2023.09.20 10:12:27 INFO  [info] loading settings for project play-slick-template-build-build-build from metals.sbt ...
2023.09.20 10:12:28 INFO  time: code lens generation in 6.58s
2023.09.20 10:12:28 INFO  time: code lens generation in 3.1s
2023.09.20 10:12:29 INFO  [info] loading project definition from /Users/frkaimo/play-slick-template/project/project/project
2023.09.20 10:12:31 INFO  [info] loading settings for project play-slick-template-build-build from metals.sbt ...
2023.09.20 10:12:31 INFO  [info] loading project definition from /Users/frkaimo/play-slick-template/project/project
2023.09.20 10:12:35 INFO  [success] Generated .bloop/play-slick-template-build-build.json
2023.09.20 10:12:35 INFO  [success] Total time: 4 s, completed 09 20, 23 10:12:36 AM
2023.09.20 10:12:35 INFO  [info] loading settings for project play-slick-template-build from metals.sbt,plugins.sbt ...
2023.09.20 10:12:36 INFO  [info] loading project definition from /Users/frkaimo/play-slick-template/project
2023.09.20 10:12:38 INFO  [success] Generated .bloop/play-slick-template-build.json
2023.09.20 10:12:38 INFO  [success] Total time: 2 s, completed 09 20, 23 10:12:38 AM
2023.09.20 10:12:39 ERROR java.lang.UnsupportedClassVersionError: play/api/PlayException$ExceptionSource has been compiled by a more recent version of the Java Runtime (class file version 55.0), this version of the Java Runtime only recognizes class file versions up to 52.0
2023.09.20 10:12:39 ERROR 	at java.lang.ClassLoader.defineClass1(Native Method)
2023.09.20 10:12:39 ERROR 	at java.lang.ClassLoader.defineClass(ClassLoader.java:756)
2023.09.20 10:12:39 ERROR 	at java.security.SecureClassLoader.defineClass(SecureClassLoader.java:142)
2023.09.20 10:12:39 ERROR 	at java.net.URLClassLoader.defineClass(URLClassLoader.java:468)
2023.09.20 10:12:39 ERROR 	at java.net.URLClassLoader.access$100(URLClassLoader.java:74)
2023.09.20 10:12:39 ERROR 	at java.net.URLClassLoader$1.run(URLClassLoader.java:369)
2023.09.20 10:12:39 ERROR 	at java.net.URLClassLoader$1.run(URLClassLoader.java:363)
2023.09.20 10:12:39 ERROR 	at java.security.AccessController.doPrivileged(Native Method)
2023.09.20 10:12:39 ERROR 	at java.net.URLClassLoader.findClass(URLClassLoader.java:362)
2023.09.20 10:12:39 ERROR 	at java.lang.ClassLoader.loadClass(ClassLoader.java:418)
2023.09.20 10:12:39 ERROR 	at java.lang.ClassLoader.loadClass(ClassLoader.java:351)
2023.09.20 10:12:39 ERROR 	at java.lang.Class.forName0(Native Method)
2023.09.20 10:12:39 ERROR 	at java.lang.Class.forName(Class.java:348)
2023.09.20 10:12:39 ERROR 	at sbt.internal.inc.ModuleUtilities$.getObject(ModuleUtilities.scala:24)
2023.09.20 10:12:39 ERROR 	at sbt.internal.inc.ModuleUtilities$.getCheckedObject(ModuleUtilities.scala:32)
2023.09.20 10:12:39 ERROR 	at sbt.internal.inc.ModuleUtilities$.$anonfun$getCheckedObjects$1(ModuleUtilities.scala:37)
2023.09.20 10:12:39 ERROR 	at scala.collection.immutable.Stream.$anonfun$map$1(Stream.scala:418)
2023.09.20 10:12:39 ERROR 	at scala.collection.immutable.Stream$Cons.tail(Stream.scala:1173)
2023.09.20 10:12:39 ERROR 	at scala.collection.immutable.Stream$Cons.tail(Stream.scala:1163)
2023.09.20 10:12:39 ERROR 	at scala.collection.generic.Growable.loop$1(Growable.scala:57)
2023.09.20 10:12:39 ERROR 	at scala.collection.generic.Growable.$plus$plus$eq(Growable.scala:61)
2023.09.20 10:12:39 ERROR 	at scala.collection.generic.Growable.$plus$plus$eq$(Growable.scala:53)
2023.09.20 10:12:39 ERROR 	at scala.collection.mutable.ListBuffer.$plus$plus$eq(ListBuffer.scala:184)
2023.09.20 10:12:39 ERROR 	at scala.collection.mutable.ListBuffer.$plus$plus$eq(ListBuffer.scala:47)
2023.09.20 10:12:39 ERROR 	at scala.collection.TraversableLike.to(TraversableLike.scala:786)
2023.09.20 10:12:39 ERROR 	at scala.collection.TraversableLike.to$(TraversableLike.scala:783)
2023.09.20 10:12:39 ERROR 	at scala.collection.AbstractTraversable.to(Traversable.scala:108)
2023.09.20 10:12:39 ERROR 	at scala.collection.TraversableOnce.toList(TraversableOnce.scala:350)
2023.09.20 10:12:39 ERROR 	at scala.collection.TraversableOnce.toList$(TraversableOnce.scala:350)
2023.09.20 10:12:38 INFO  [error] java.lang.UnsupportedClassVersionError: play/api/PlayException$ExceptionSource has been compiled by a more recent version of the Java Runtime (class file version 55.0), this version of the Java Runtime only recognizes class file versions up to 52.0
2023.09.20 10:12:39 ERROR 	at scala.collection.AbstractTraversable.toList(Traversable.scala:108)
2023.09.20 10:12:38 INFO  [error] Use 'last' for the full log.
2023.09.20 10:12:39 ERROR 	at scala.collection.immutable.List.$plus$plus(List.scala:216)
2023.09.20 10:12:39 ERROR 	at sbt.internal.PluginDiscovery$.discoverAll(PluginDiscovery.scala:59)
2023.09.20 10:12:39 ERROR 	at sbt.internal.Load$.loadPlugins(Load.scala:1330)
2023.09.20 10:12:39 ERROR 	at sbt.internal.Load$.loadPluginDefinition(Load.scala:1275)
2023.09.20 10:12:39 ERROR 	at sbt.internal.Load$.buildPlugins(Load.scala:1254)
2023.09.20 10:12:39 ERROR 	at sbt.internal.Load$.plugins(Load.scala:1233)
2023.09.20 10:12:39 ERROR 	at sbt.internal.Load$.$anonfun$loadUnit$2(Load.scala:701)
2023.09.20 10:12:39 ERROR 	at sbt.internal.Load$.timed(Load.scala:1407)
2023.09.20 10:12:39 ERROR 	at sbt.internal.Load$.$anonfun$loadUnit$1(Load.scala:701)
2023.09.20 10:12:39 ERROR 	at sbt.internal.Load$.timed(Load.scala:1407)
2023.09.20 10:12:39 ERROR 	at sbt.internal.Load$.loadUnit(Load.scala:695)
2023.09.20 10:12:39 ERROR 	at sbt.internal.Load$.$anonfun$builtinLoader$4(Load.scala:493)
2023.09.20 10:12:39 ERROR 	at sbt.internal.BuildLoader$.$anonfun$componentLoader$5(BuildLoader.scala:181)
2023.09.20 10:12:39 ERROR 	at sbt.internal.BuildLoader.apply(BuildLoader.scala:246)
2023.09.20 10:12:39 ERROR 	at sbt.internal.Load$.loadURI$1(Load.scala:555)
2023.09.20 10:12:39 ERROR 	at sbt.internal.Load$.loadAll(Load.scala:571)
2023.09.20 10:12:39 ERROR 	at sbt.internal.Load$.loadURI(Load.scala:501)
2023.09.20 10:12:39 ERROR 	at sbt.internal.Load$.load(Load.scala:480)
2023.09.20 10:12:39 ERROR 	at sbt.internal.Load$.$anonfun$apply$1(Load.scala:242)
2023.09.20 10:12:39 ERROR 	at sbt.internal.Load$.timed(Load.scala:1407)
2023.09.20 10:12:39 ERROR 	at sbt.internal.Load$.apply(Load.scala:242)
2023.09.20 10:12:39 ERROR 	at sbt.internal.Load$.defaultLoad(Load.scala:57)
2023.09.20 10:12:39 ERROR 	at sbt.BuiltinCommands$.liftedTree1$1(Main.scala:964)
2023.09.20 10:12:39 ERROR 	at sbt.BuiltinCommands$.doLoadProject(Main.scala:964)
2023.09.20 10:12:39 ERROR 	at sbt.BuiltinCommands$.$anonfun$loadProjectImpl$2(Main.scala:917)
2023.09.20 10:12:39 ERROR 	at sbt.Command$.$anonfun$applyEffect$4(Command.scala:151)
2023.09.20 10:12:39 ERROR 	at sbt.Command$.$anonfun$applyEffect$2(Command.scala:146)
2023.09.20 10:12:39 ERROR 	at sbt.Command$.process(Command.scala:190)
2023.09.20 10:12:39 ERROR 	at sbt.MainLoop$.$anonfun$processCommand$5(MainLoop.scala:246)
2023.09.20 10:12:39 ERROR 	at scala.Option.getOrElse(Option.scala:189)
2023.09.20 10:12:39 ERROR 	at sbt.MainLoop$.process$1(MainLoop.scala:246)
2023.09.20 10:12:39 ERROR 	at sbt.MainLoop$.processCommand(MainLoop.scala:279)
2023.09.20 10:12:39 ERROR 	at sbt.MainLoop$.$anonfun$next$5(MainLoop.scala:164)
2023.09.20 10:12:39 ERROR 	at sbt.State$StateOpsImpl$.runCmd$1(State.scala:290)
2023.09.20 10:12:39 ERROR 	at sbt.State$StateOpsImpl$.process$extension(State.scala:326)
2023.09.20 10:12:39 ERROR 	at sbt.MainLoop$.$anonfun$next$4(MainLoop.scala:164)
2023.09.20 10:12:38 INFO  [warn] Project loading failed: (r)etry, (q)uit, (l)ast, or (i)gnore? (default: r)
2023.09.20 10:12:39 ERROR 	at sbt.internal.util.ErrorHandling$.wideConvert(ErrorHandling.scala:24)
2023.09.20 10:12:39 ERROR 	at sbt.MainLoop$.next(MainLoop.scala:164)
2023.09.20 10:12:39 ERROR 	at sbt.MainLoop$.run(MainLoop.scala:145)
2023.09.20 10:12:39 ERROR 	at sbt.MainLoop$.$anonfun$runWithNewLog$1(MainLoop.scala:120)
2023.09.20 10:12:39 ERROR 	at sbt.io.Using.apply(Using.scala:28)
2023.09.20 10:12:39 ERROR 	at sbt.MainLoop$.runWithNewLog(MainLoop.scala:113)
2023.09.20 10:12:39 ERROR 	at sbt.MainLoop$.runAndClearLast(MainLoop.scala:67)
2023.09.20 10:12:39 ERROR 	at sbt.MainLoop$.runLoggedLoop(MainLoop.scala:52)
2023.09.20 10:12:39 ERROR 	at sbt.MainLoop$.runLogged(MainLoop.scala:43)
2023.09.20 10:12:39 ERROR 	at sbt.StandardMain$.runManaged(Main.scala:225)
2023.09.20 10:12:39 ERROR 	at sbt.xMain$.$anonfun$run$11(Main.scala:135)
2023.09.20 10:12:39 ERROR 	at scala.util.DynamicVariable.withValue(DynamicVariable.scala:62)
2023.09.20 10:12:39 ERROR 	at scala.Console$.withIn(Console.scala:230)
2023.09.20 10:12:39 ERROR 	at sbt.internal.util.Terminal$.withIn(Terminal.scala:610)
2023.09.20 10:12:39 ERROR 	at sbt.internal.util.Terminal$.$anonfun$withStreams$1(Terminal.scala:390)
2023.09.20 10:12:39 ERROR 	at scala.util.DynamicVariable.withValue(DynamicVariable.scala:62)
2023.09.20 10:12:39 ERROR 	at scala.Console$.withOut(Console.scala:167)
2023.09.20 10:12:39 ERROR 	at sbt.internal.util.Terminal$.$anonfun$withOut$2(Terminal.scala:600)
2023.09.20 10:12:39 ERROR 	at scala.util.DynamicVariable.withValue(DynamicVariable.scala:62)
2023.09.20 10:12:39 ERROR 	at scala.Console$.withErr(Console.scala:196)
2023.09.20 10:12:39 ERROR 	at sbt.internal.util.Terminal$.withOut(Terminal.scala:600)
2023.09.20 10:12:39 ERROR 	at sbt.internal.util.Terminal$.withStreams(Terminal.scala:390)
2023.09.20 10:12:39 ERROR 	at sbt.xMain$.withStreams$1(Main.scala:88)
2023.09.20 10:12:39 ERROR 	at sbt.xMain$.run(Main.scala:123)
2023.09.20 10:12:39 ERROR 	at sun.reflect.NativeMethodAccessorImpl.invoke0(Native Method)
2023.09.20 10:12:39 ERROR 	at sun.reflect.NativeMethodAccessorImpl.invoke(NativeMethodAccessorImpl.java:62)
2023.09.20 10:12:39 ERROR 	at sun.reflect.DelegatingMethodAccessorImpl.invoke(DelegatingMethodAccessorImpl.java:43)
2023.09.20 10:12:39 ERROR 	at java.lang.reflect.Method.invoke(Method.java:498)
2023.09.20 10:12:39 ERROR 	at sbt.internal.XMainConfiguration.run(XMainConfiguration.java:59)
2023.09.20 10:12:39 ERROR 	at sbt.xMain.run(Main.scala:47)
2023.09.20 10:12:39 ERROR 	at xsbt.boot.Launch$.$anonfun$run$1(Launch.scala:149)
2023.09.20 10:12:39 ERROR 	at xsbt.boot.Launch$.withContextLoader(Launch.scala:176)
2023.09.20 10:12:39 ERROR 	at xsbt.boot.Launch$.run(Launch.scala:149)
2023.09.20 10:12:39 ERROR 	at xsbt.boot.Launch$.$anonfun$apply$1(Launch.scala:44)
2023.09.20 10:12:39 ERROR 	at xsbt.boot.Launch$.launch(Launch.scala:159)
2023.09.20 10:12:39 ERROR 	at xsbt.boot.Launch$.apply(Launch.scala:44)
2023.09.20 10:12:39 ERROR 	at xsbt.boot.Launch$.apply(Launch.scala:21)
2023.09.20 10:12:39 ERROR 	at xsbt.boot.Boot$.runImpl(Boot.scala:78)
2023.09.20 10:12:39 ERROR 	at xsbt.boot.Boot$.run(Boot.scala:73)
2023.09.20 10:12:39 ERROR 	at xsbt.boot.Boot$.main(Boot.scala:21)
2023.09.20 10:12:39 ERROR 	at xsbt.boot.Boot.main(Boot.scala)
2023.09.20 10:12:39 INFO  time: ran 'sbt bloopInstall' in 15s
2023.09.20 10:12:39 ERROR sbt command failed: /Library/Java/JavaVirtualMachines/adoptopenjdk-8.jdk/Contents/Home/bin/java -Djline.terminal=jline.UnsupportedTerminal -Dsbt.log.noformat=true -Dfile.encoding=UTF-8 -jar /var/folders/t5/zdsdwp2145734swnhhp4b9m00000gp/T/metals824892967663411193/sbt-launch.jar -Dbloop.export-jar-classifiers=sources bloopInstall
2023.09.20 10:24:07 WARN  no build target for: /Users/frkaimo/play-slick-template/project/plugins.sbt
2023.09.20 10:25:12 WARN  no build target for: /Users/frkaimo/play-slick-template/app/models/domain/Home.scala
2023.09.20 10:25:13 WARN  no build target for: /Users/frkaimo/play-slick-template/app/models/domain/Home.scala
2023.09.20 10:25:16 WARN  no build target for: /Users/frkaimo/play-slick-template/app/models/repo/HomeRepo.scala
2023.09.20 10:25:16 WARN  no build target for: /Users/frkaimo/play-slick-template/app/controllers/HomeController.scala
2023.09.20 10:25:25 INFO  Shutting down server
2023.09.20 10:25:25 INFO  shutting down Metals
2023.09.20 10:25:25 INFO  Exiting server
2023.09.20 10:25:36 INFO  Started: Metals version 1.0.1 in folders '/Users/frkaimo/play-slick-template' for client Visual Studio Code 1.74.3.
Sep 20, 2023 10:25:36 AM org.flywaydb.core.internal.license.VersionPrinter printVersionOnly
INFO: Flyway Community Edition 9.21.2 by Redgate
Sep 20, 2023 10:25:36 AM org.flywaydb.core.internal.license.VersionPrinter printVersion
INFO: See release notes here: https://rd.gt/416ObMi
Sep 20, 2023 10:25:36 AM org.flywaydb.core.internal.license.VersionPrinter printVersion
INFO: 
Sep 20, 2023 10:25:36 AM org.flywaydb.core.FlywayExecutor execute
INFO: Database: jdbc:h2:file:/Users/frkaimo/play-slick-template/.metals/metals (H2 2.1)
Sep 20, 2023 10:25:37 AM org.flywaydb.core.internal.command.DbValidate validate
INFO: Successfully validated 4 migrations (execution time 00:00.021s)
Sep 20, 2023 10:25:37 AM org.flywaydb.core.internal.command.DbMigrate migrateGroup
INFO: Current version of schema "PUBLIC": 4
Sep 20, 2023 10:25:37 AM org.flywaydb.core.internal.command.DbMigrate logSummary
INFO: Schema "PUBLIC" is up to date. No migration necessary.
2023.09.20 10:25:37 INFO  time: initialize in 0.89s
2023.09.20 10:25:37 WARN  Build server is not auto-connectable.
2023.09.20 10:25:38 INFO  skipping build import with status 'Failed'
2023.09.20 10:27:11 WARN  no build target for: /Users/frkaimo/play-slick-template/project/plugins.sbt
2023.09.20 10:27:14 INFO  no build target found for /Users/frkaimo/play-slick-template/project/plugins.sbt. Using presentation compiler with project's scala-library version: 3.3.0
2023.09.20 10:27:16 INFO  time: code lens generation in 4.25s
2023.09.20 10:27:33 WARN  no build target for: /Users/frkaimo/play-slick-template/project/metals.sbt
exception caught when loading class Throwable: java.lang.AssertionError: java.lang.Throwable$WrappedPrintWriter
exception caught when loading class Exception: java.lang.AssertionError: java.lang.Throwable$WrappedPrintWriter
exception caught when loading class CloneNotSupportedException: java.lang.AssertionError: java.lang.Throwable$WrappedPrintWriter
exception caught when loading class ProcessEnvironment: java.lang.AssertionError: java.lang.ProcessEnvironment$StringValues
exception caught when loading class Thread: java.lang.AssertionError: java.lang.Thread$WeakClassKey
exception caught when loading class ThreadGroup: java.lang.AssertionError: java.lang.Thread$WeakClassKey
exception caught when loading class UNIXProcess: java.lang.AssertionError: java.lang.UNIXProcess$DeferredCloseProcessPipeInputStream
exception caught when loading class Math: java.lang.AssertionError: java.lang.Math$RandomNumberGeneratorHolder
exception caught when loading class ClassValue: java.lang.AssertionError: java.lang.ClassValue$ClassValueMap
exception caught when loading class ThreadLocal: java.lang.AssertionError: java.lang.ThreadLocal$ThreadLocalMap
exception caught when loading class Long: java.lang.AssertionError: java.lang.Long$LongCache
exception caught when loading class ClassLoader: java.lang.AssertionError: java.lang.ClassLoader$NativeLibrary
exception caught when loading class SystemClassLoaderAction: java.lang.AssertionError: java.lang.ClassLoader$NativeLibrary
exception caught when loading class Integer: java.lang.AssertionError: java.lang.Integer$IntegerCache
exception caught when loading class Short: java.lang.AssertionError: java.lang.Short$ShortCache
exception caught when loading class Shutdown: java.lang.AssertionError: java.lang.Shutdown$Lock
exception caught when loading class ProcessBuilder: java.lang.AssertionError: java.lang.ProcessBuilder$Redirect
exception caught when loading class Byte: java.lang.AssertionError: java.lang.Byte$ByteCache
exception caught when loading class Character: java.lang.AssertionError: java.lang.Character$CharacterCache
exception caught when loading class StrictMath: java.lang.AssertionError: java.lang.StrictMath$RandomNumberGeneratorHolder
exception caught when loading class StringCoding: java.lang.AssertionError: java.lang.StringCoding$StringEncoder
exception caught when loading class ConditionalSpecialCasing: java.lang.AssertionError: java.lang.ConditionalSpecialCasing$Entry
exception caught when loading class PrimitiveIterator: java.lang.AssertionError: java.util.PrimitiveIterator$OfDouble
exception caught when loading class CharSequence$1CharIterator: java.lang.AssertionError: java.util.PrimitiveIterator$OfDouble
exception caught when loading class Throwable$WrappedPrintWriter: java.lang.AssertionError: assertion failed: failure to resolve inner class:
externalName = java.lang.Throwable$PrintStreamOrWriter,
outerName = java.lang.Throwable,
innerName = PrintStreamOrWriter
owner.fullName = java.lang.Throwable
while parsing /Library/Java/JavaVirtualMachines/adoptopenjdk-8.jdk/Contents/Home/jre/lib/rt.jar(java/lang/Throwable$WrappedPrintWriter.class)
exception caught when loading class ProcessBuilder$Redirect$5: java.lang.AssertionError: assertion failed: failure to resolve inner class:
externalName = java.lang.ProcessBuilder$Redirect,
outerName = java.lang.ProcessBuilder,
innerName = Redirect
owner.fullName = java.lang.ProcessBuilder
while parsing /Library/Java/JavaVirtualMachines/adoptopenjdk-8.jdk/Contents/Home/jre/lib/rt.jar(java/lang/ProcessBuilder$Redirect$5.class)
exception caught when loading class CharSequence$1CodePointIterator: java.lang.AssertionError: assertion failed: failure to resolve inner class:
externalName = java.util.PrimitiveIterator$OfInt,
outerName = java.util.PrimitiveIterator,
innerName = OfInt
owner.fullName = java.util.PrimitiveIterator
while parsing /Library/Java/JavaVirtualMachines/adoptopenjdk-8.jdk/Contents/Home/jre/lib/rt.jar(java/lang/CharSequence$1CodePointIterator.class)
exception caught when loading class Map: java.lang.AssertionError: java.util.Map$Entry
exception caught when loading class ProcessEnvironment$StringEntry: java.lang.AssertionError: java.util.Map$Entry
exception caught when loading class ProcessBuilder$Redirect$Type: java.lang.AssertionError: assertion failed: failure to resolve inner class:
externalName = java.lang.ProcessBuilder$Redirect,
outerName = java.lang.ProcessBuilder,
innerName = Redirect
owner.fullName = java.lang.ProcessBuilder
while parsing /Library/Java/JavaVirtualMachines/adoptopenjdk-8.jdk/Contents/Home/jre/lib/rt.jar(java/lang/ProcessBuilder$Redirect$Type.class)
exception caught when loading class UNIXProcess$Platform: java.lang.AssertionError: assertion failed: failure to resolve inner class:
externalName = java.lang.UNIXProcess$Platform,
outerName = java.lang.UNIXProcess,
innerName = Platform
owner.fullName = java.lang.UNIXProcess
while parsing /Library/Java/JavaVirtualMachines/adoptopenjdk-8.jdk/Contents/Home/jre/lib/rt.jar(java/lang/UNIXProcess$Platform.class)
exception caught when loading class ProcessBuilder$Redirect: java.lang.AssertionError: java.lang.ProcessBuilder$Redirect$Type
exception caught when loading class Thread$State: java.lang.AssertionError: assertion failed: failure to resolve inner class:
externalName = java.lang.Thread$State,
outerName = java.lang.Thread,
innerName = State
owner.fullName = java.lang.Thread
while parsing /Library/Java/JavaVirtualMachines/adoptopenjdk-8.jdk/Contents/Home/jre/lib/rt.jar(java/lang/Thread$State.class)
exception caught when loading class ProcessEnvironment$StringEntrySet$1: java.lang.AssertionError: assertion failed: failure to resolve inner class:
externalName = java.util.Map$Entry,
outerName = java.util.Map,
innerName = Entry
owner.fullName = java.util.Map
while parsing /Library/Java/JavaVirtualMachines/adoptopenjdk-8.jdk/Contents/Home/jre/lib/rt.jar(java/lang/ProcessEnvironment$StringEntrySet$1.class)
exception caught when loading class ThreadLocal$ThreadLocalMap: java.lang.AssertionError: java.lang.ThreadLocal$ThreadLocalMap$Entry
exception caught when loading class ProcessEnvironment$StringEntrySet$2: java.lang.AssertionError: assertion failed: failure to resolve inner class:
externalName = java.util.Map$Entry,
outerName = java.util.Map,
innerName = Entry
owner.fullName = java.util.Map
while parsing /Library/Java/JavaVirtualMachines/adoptopenjdk-8.jdk/Contents/Home/jre/lib/rt.jar(java/lang/ProcessEnvironment$StringEntrySet$2.class)
exception caught when loading class ProcessEnvironment$StringEntrySet: java.lang.AssertionError: assertion failed: failure to resolve inner class:
externalName = java.util.Map$Entry,
outerName = java.util.Map,
innerName = Entry
owner.fullName = java.util.Map
while parsing /Library/Java/JavaVirtualMachines/adoptopenjdk-8.jdk/Contents/Home/jre/lib/rt.jar(java/lang/ProcessEnvironment$StringEntrySet.class)
exception caught when loading class ClassValue$Entry: java.lang.AssertionError: assertion failed: failure to resolve inner class:
externalName = java.lang.ClassValue$Version,
outerName = java.lang.ClassValue,
innerName = Version
owner.fullName = java.lang.ClassValue
while parsing /Library/Java/JavaVirtualMachines/adoptopenjdk-8.jdk/Contents/Home/jre/lib/rt.jar(java/lang/ClassValue$Entry.class)
exception caught when loading class ProcessEnvironment$Value: java.lang.AssertionError: assertion failed: failure to resolve inner class:
externalName = java.lang.ProcessEnvironment$ExternalData,
outerName = java.lang.ProcessEnvironment,
innerName = ExternalData
owner.fullName = java.lang.ProcessEnvironment
while parsing /Library/Java/JavaVirtualMachines/adoptopenjdk-8.jdk/Contents/Home/jre/lib/rt.jar(java/lang/ProcessEnvironment$Value.class)
exception caught when loading class ProcessBuilder$Redirect$2: java.lang.AssertionError: assertion failed: failure to resolve inner class:
externalName = java.lang.ProcessBuilder$Redirect,
outerName = java.lang.ProcessBuilder,
innerName = Redirect
owner.fullName = java.lang.ProcessBuilder
while parsing /Library/Java/JavaVirtualMachines/adoptopenjdk-8.jdk/Contents/Home/jre/lib/rt.jar(java/lang/ProcessBuilder$Redirect$2.class)
exception caught when loading class Character$UnicodeScript: java.lang.AssertionError: assertion failed: failure to resolve inner class:
externalName = java.lang.Character$UnicodeScript,
outerName = java.lang.Character,
innerName = UnicodeScript
owner.fullName = java.lang.Character
while parsing /Library/Java/JavaVirtualMachines/adoptopenjdk-8.jdk/Contents/Home/jre/lib/rt.jar(java/lang/Character$UnicodeScript.class)
exception caught when loading class ClassValue$ClassValueMap: java.lang.AssertionError: assertion failed: failure to resolve inner class:
externalName = java.lang.ClassValue$Identity,
outerName = java.lang.ClassValue,
innerName = Identity
owner.fullName = java.lang.ClassValue
while parsing /Library/Java/JavaVirtualMachines/adoptopenjdk-8.jdk/Contents/Home/jre/lib/rt.jar(java/lang/ClassValue$ClassValueMap.class)
exception caught when loading class ProcessBuilder$Redirect$1: java.lang.AssertionError: assertion failed: failure to resolve inner class:
externalName = java.lang.ProcessBuilder$Redirect,
outerName = java.lang.ProcessBuilder,
innerName = Redirect
owner.fullName = java.lang.ProcessBuilder
while parsing /Library/Java/JavaVirtualMachines/adoptopenjdk-8.jdk/Contents/Home/jre/lib/rt.jar(java/lang/ProcessBuilder$Redirect$1.class)
exception caught when loading class ProcessEnvironment$Variable: java.lang.AssertionError: assertion failed: failure to resolve inner class:
externalName = java.lang.ProcessEnvironment$ExternalData,
outerName = java.lang.ProcessEnvironment,
innerName = ExternalData
owner.fullName = java.lang.ProcessEnvironment
while parsing /Library/Java/JavaVirtualMachines/adoptopenjdk-8.jdk/Contents/Home/jre/lib/rt.jar(java/lang/ProcessEnvironment$Variable.class)
exception caught when loading class UNIXProcess$LaunchMechanism: java.lang.AssertionError: assertion failed: failure to resolve inner class:
externalName = java.lang.UNIXProcess$LaunchMechanism,
outerName = java.lang.UNIXProcess,
innerName = LaunchMechanism
owner.fullName = java.lang.UNIXProcess
while parsing /Library/Java/JavaVirtualMachines/adoptopenjdk-8.jdk/Contents/Home/jre/lib/rt.jar(java/lang/UNIXProcess$LaunchMechanism.class)
exception caught when loading class Character$UnicodeBlock: java.lang.AssertionError: assertion failed: failure to resolve inner class:
externalName = java.lang.Character$Subset,
outerName = java.lang.Character,
innerName = Subset
owner.fullName = java.lang.Character
while parsing /Library/Java/JavaVirtualMachines/adoptopenjdk-8.jdk/Contents/Home/jre/lib/rt.jar(java/lang/Character$UnicodeBlock.class)
exception caught when loading class ProcessBuilder$Redirect$3: java.lang.AssertionError: assertion failed: failure to resolve inner class:
externalName = java.lang.ProcessBuilder$Redirect,
outerName = java.lang.ProcessBuilder,
innerName = Redirect
owner.fullName = java.lang.ProcessBuilder
while parsing /Library/Java/JavaVirtualMachines/adoptopenjdk-8.jdk/Contents/Home/jre/lib/rt.jar(java/lang/ProcessBuilder$Redirect$3.class)
exception caught when loading class ProcessBuilder$Redirect$4: java.lang.AssertionError: assertion failed: failure to resolve inner class:
externalName = java.lang.ProcessBuilder$Redirect,
outerName = java.lang.ProcessBuilder,
innerName = Redirect
owner.fullName = java.lang.ProcessBuilder
while parsing /Library/Java/JavaVirtualMachines/adoptopenjdk-8.jdk/Contents/Home/jre/lib/rt.jar(java/lang/ProcessBuilder$Redirect$4.class)
exception caught when loading class Throwable$WrappedPrintStream: java.lang.AssertionError: assertion failed: failure to resolve inner class:
externalName = java.lang.Throwable$PrintStreamOrWriter,
outerName = java.lang.Throwable,
innerName = PrintStreamOrWriter
owner.fullName = java.lang.Throwable
while parsing /Library/Java/JavaVirtualMachines/adoptopenjdk-8.jdk/Contents/Home/jre/lib/rt.jar(java/lang/Throwable$WrappedPrintStream.class)
2023.09.20 10:50:30 WARN  no build target for: /Users/frkaimo/play-slick-template/project/plugins.sbt
2023.09.20 10:52:26 WARN  no build target for: /Users/frkaimo/play-slick-template/build.sbt
2023.09.20 10:52:34 WARN  no build target for: /Users/frkaimo/play-slick-template/build.sbt
2023.09.20 10:52:41 WARN  no build target for: /Users/frkaimo/play-slick-template/build.sbt
2023.09.20 10:52:41 INFO  skipping build import with status 'Dismissed'
2023.09.20 10:52:43 WARN  no build target for: /Users/frkaimo/play-slick-template/build.sc
Exception in thread "pool-3-thread-1" java.lang.Error: java.lang.InterruptedException
	at java.util.concurrent.ThreadPoolExecutor.runWorker(ThreadPoolExecutor.java:1155)
	at java.util.concurrent.ThreadPoolExecutor$Worker.run(ThreadPoolExecutor.java:624)
	at java.lang.Thread.run(Thread.java:748)
Caused by: java.lang.InterruptedException
	at scala.meta.internal.metals.FutureCancelToken.checkCanceled(FutureCancelToken.scala:29)
	at scala.meta.internal.pc.CompilerAccess.onCompilerJobQueue$$anonfun$1(CompilerAccess.scala:229)
	at scala.meta.internal.pc.CompilerJobQueue$Job.run(CompilerJobQueue.scala:152)
	at java.util.concurrent.ThreadPoolExecutor.runWorker(ThreadPoolExecutor.java:1149)
	... 2 more
2023.09.20 10:53:02 WARN  no build target for: /Users/frkaimo/play-slick-template/build.sc
2023.09.20 10:53:05 WARN  no build target for: /Users/frkaimo/play-slick-template/build.sc
2023.09.20 10:54:26 WARN  no build target for: /Users/frkaimo/play-slick-template/build.sc
2023.09.20 10:55:06 WARN  no build target for: /Users/frkaimo/play-slick-template/project/plugins.sbt
2023.09.20 10:55:16 WARN  no build target for: /Users/frkaimo/play-slick-template/project/plugins.sbt
2023.09.20 10:55:16 INFO  skipping build import with status 'Dismissed'
2023.09.20 11:01:02 WARN  Using indexes to guess the definition of scalaVersion
2023.09.20 11:02:48 WARN  no build target for: /Users/frkaimo/play-slick-template/build.sbt
2023.09.20 11:02:56 INFO  running 'java -Djline.terminal=jline.UnsupportedTerminal -Dsbt.log.noformat=true -Dfile.encoding=UTF-8 -jar /var/folders/t5/zdsdwp2145734swnhhp4b9m00000gp/T/metals6949906839690384820/sbt-launch.jar -Dbloop.export-jar-classifiers=sources bloopInstall'
2023.09.20 11:02:56 ERROR Running process 'java -Djline.terminal=jline.UnsupportedTerminal -Dsbt.log.noformat=true -Dfile.encoding=UTF-8 -jar /var/folders/t5/zdsdwp2145734swnhhp4b9m00000gp/T/metals6949906839690384820/sbt-launch.jar -Dbloop.export-jar-classifiers=sources bloopInstall' failed
java.io.IOException: Cannot run program "java" (in directory "/Users/frkaimo/play-slick-template"): error=2, No such file or directory
	at java.lang.ProcessBuilder.start(ProcessBuilder.java:1048)
	at scala.meta.internal.process.SystemProcess$.run(SystemProcess.scala:45)
	at scala.meta.internal.builds.ShellRunner.run(ShellRunner.scala:92)
	at scala.meta.internal.builds.BloopInstall.runArgumentsUnconditionally(BloopInstall.scala:71)
	at scala.meta.internal.builds.BloopInstall.$anonfun$runUnconditionally$1(BloopInstall.scala:46)
	at scala.meta.internal.builds.BloopInstallProvider.bloopInstall(BloopInstallProvider.scala:19)
	at scala.meta.internal.builds.BloopInstallProvider.bloopInstall$(BloopInstallProvider.scala:15)
	at scala.meta.internal.builds.SbtBuildTool.bloopInstall(SbtBuildTool.scala:20)
	at scala.meta.internal.builds.BloopInstall.runUnconditionally(BloopInstall.scala:44)
	at scala.meta.internal.builds.BloopInstall.$anonfun$runIfApproved$2(BloopInstall.scala:139)
	at scala.concurrent.impl.Promise$Transformation.run(Promise.scala:470)
	at java.util.concurrent.ThreadPoolExecutor.runWorker(ThreadPoolExecutor.java:1149)
	at java.util.concurrent.ThreadPoolExecutor$Worker.run(ThreadPoolExecutor.java:624)
	at java.lang.Thread.run(Thread.java:748)
Caused by: java.io.IOException: error=2, No such file or directory
	at java.lang.UNIXProcess.forkAndExec(Native Method)
	at java.lang.UNIXProcess.<init>(UNIXProcess.java:247)
	at java.lang.ProcessImpl.start(ProcessImpl.java:134)
	at java.lang.ProcessBuilder.start(ProcessBuilder.java:1029)
	at scala.meta.internal.process.SystemProcess$.run(SystemProcess.scala:45)
	at scala.meta.internal.builds.ShellRunner.run(ShellRunner.scala:92)
	at scala.meta.internal.builds.BloopInstall.runArgumentsUnconditionally(BloopInstall.scala:71)
	at scala.meta.internal.builds.BloopInstall.$anonfun$runUnconditionally$1(BloopInstall.scala:46)
	at scala.meta.internal.builds.BloopInstallProvider.bloopInstall(BloopInstallProvider.scala:19)
	at scala.meta.internal.builds.BloopInstallProvider.bloopInstall$(BloopInstallProvider.scala:15)
	at scala.meta.internal.builds.SbtBuildTool.bloopInstall(SbtBuildTool.scala:20)
	at scala.meta.internal.builds.BloopInstall.runUnconditionally(BloopInstall.scala:44)
	at scala.meta.internal.builds.BloopInstall.$anonfun$runIfApproved$2(BloopInstall.scala:139)
	at scala.concurrent.impl.Promise$Transformation.run(Promise.scala:470)
	at java.util.concurrent.ThreadPoolExecutor.runWorker(ThreadPoolExecutor.java:1149)
	at java.util.concurrent.ThreadPoolExecutor$Worker.run(ThreadPoolExecutor.java:624)
	at java.lang.Thread.run(Thread.java:748)

2023.09.20 11:02:56 INFO  time: ran 'sbt bloopInstall' in 37ms
2023.09.20 11:02:56 ERROR sbt command failed: java -Djline.terminal=jline.UnsupportedTerminal -Dsbt.log.noformat=true -Dfile.encoding=UTF-8 -jar /var/folders/t5/zdsdwp2145734swnhhp4b9m00000gp/T/metals6949906839690384820/sbt-launch.jar -Dbloop.export-jar-classifiers=sources bloopInstall
2023.09.20 11:05:32 WARN  no build target for: /Users/frkaimo/play-slick-template/app/models/repo/HomeRepo.scala
2023.09.20 11:05:40 WARN  no build target for: /Users/frkaimo/play-slick-template/app/models/repo/HomeRepo.scala
2023.09.20 11:06:18 WARN  Using indexes to guess the definition of homes
2023.09.20 11:06:18 WARN  no build target for: /Users/frkaimo/play-slick-template/app/controllers/HomeController.scala
Sep 20, 2023 11:06:18 AM org.eclipse.lsp4j.jsonrpc.RemoteEndpoint handleCancellation
WARNING: Unmatched cancel notification for request id 397
2023.09.20 11:06:45 WARN  no build target for: /Users/frkaimo/play-slick-template/app/controllers/HomeController.scala
2023.09.20 11:06:50 INFO  running 'java -Djline.terminal=jline.UnsupportedTerminal -Dsbt.log.noformat=true -Dfile.encoding=UTF-8 -jar /var/folders/t5/zdsdwp2145734swnhhp4b9m00000gp/T/metals8447109498984111033/sbt-launch.jar -Dbloop.export-jar-classifiers=sources bloopInstall'
2023.09.20 11:06:50 ERROR Running process 'java -Djline.terminal=jline.UnsupportedTerminal -Dsbt.log.noformat=true -Dfile.encoding=UTF-8 -jar /var/folders/t5/zdsdwp2145734swnhhp4b9m00000gp/T/metals8447109498984111033/sbt-launch.jar -Dbloop.export-jar-classifiers=sources bloopInstall' failed
java.io.IOException: Cannot run program "java" (in directory "/Users/frkaimo/play-slick-template"): error=2, No such file or directory
	at java.lang.ProcessBuilder.start(ProcessBuilder.java:1048)
	at scala.meta.internal.process.SystemProcess$.run(SystemProcess.scala:45)
	at scala.meta.internal.builds.ShellRunner.run(ShellRunner.scala:92)
	at scala.meta.internal.builds.BloopInstall.runArgumentsUnconditionally(BloopInstall.scala:71)
	at scala.meta.internal.builds.BloopInstall.$anonfun$runUnconditionally$1(BloopInstall.scala:46)
	at scala.meta.internal.builds.BloopInstallProvider.bloopInstall(BloopInstallProvider.scala:19)
	at scala.meta.internal.builds.BloopInstallProvider.bloopInstall$(BloopInstallProvider.scala:15)
	at scala.meta.internal.builds.SbtBuildTool.bloopInstall(SbtBuildTool.scala:20)
	at scala.meta.internal.builds.BloopInstall.runUnconditionally(BloopInstall.scala:44)
	at scala.meta.internal.metals.MetalsLspService.slowConnectToBloopServer(MetalsLspService.scala:2027)
	at scala.meta.internal.metals.MetalsLspService.$anonfun$slowConnectToBuildServer$3(MetalsLspService.scala:1991)
	at scala.concurrent.impl.Promise$Transformation.run(Promise.scala:470)
	at java.util.concurrent.ThreadPoolExecutor.runWorker(ThreadPoolExecutor.java:1149)
	at java.util.concurrent.ThreadPoolExecutor$Worker.run(ThreadPoolExecutor.java:624)
	at java.lang.Thread.run(Thread.java:748)
Caused by: java.io.IOException: error=2, No such file or directory
	at java.lang.UNIXProcess.forkAndExec(Native Method)
	at java.lang.UNIXProcess.<init>(UNIXProcess.java:247)
	at java.lang.ProcessImpl.start(ProcessImpl.java:134)
	at java.lang.ProcessBuilder.start(ProcessBuilder.java:1029)
	at scala.meta.internal.process.SystemProcess$.run(SystemProcess.scala:45)
	at scala.meta.internal.builds.ShellRunner.run(ShellRunner.scala:92)
	at scala.meta.internal.builds.BloopInstall.runArgumentsUnconditionally(BloopInstall.scala:71)
	at scala.meta.internal.builds.BloopInstall.$anonfun$runUnconditionally$1(BloopInstall.scala:46)
	at scala.meta.internal.builds.BloopInstallProvider.bloopInstall(BloopInstallProvider.scala:19)
	at scala.meta.internal.builds.BloopInstallProvider.bloopInstall$(BloopInstallProvider.scala:15)
	at scala.meta.internal.builds.SbtBuildTool.bloopInstall(SbtBuildTool.scala:20)
	at scala.meta.internal.builds.BloopInstall.runUnconditionally(BloopInstall.scala:44)
	at scala.meta.internal.metals.MetalsLspService.slowConnectToBloopServer(MetalsLspService.scala:2027)
	at scala.meta.internal.metals.MetalsLspService.$anonfun$slowConnectToBuildServer$3(MetalsLspService.scala:1991)
	at scala.concurrent.impl.Promise$Transformation.run(Promise.scala:470)
	at java.util.concurrent.ThreadPoolExecutor.runWorker(ThreadPoolExecutor.java:1149)
	at java.util.concurrent.ThreadPoolExecutor$Worker.run(ThreadPoolExecutor.java:624)
	at java.lang.Thread.run(Thread.java:748)

2023.09.20 11:06:50 INFO  time: ran 'sbt bloopInstall' in 4ms
2023.09.20 11:06:50 ERROR sbt command failed: java -Djline.terminal=jline.UnsupportedTerminal -Dsbt.log.noformat=true -Dfile.encoding=UTF-8 -jar /var/folders/t5/zdsdwp2145734swnhhp4b9m00000gp/T/metals8447109498984111033/sbt-launch.jar -Dbloop.export-jar-classifiers=sources bloopInstall
2023.09.20 11:07:00 INFO  running 'java -Djline.terminal=jline.UnsupportedTerminal -Dsbt.log.noformat=true -Dfile.encoding=UTF-8 -jar /var/folders/t5/zdsdwp2145734swnhhp4b9m00000gp/T/metals9184024686726288135/sbt-launch.jar -Dbloop.export-jar-classifiers=sources bloopInstall'
2023.09.20 11:07:00 ERROR Running process 'java -Djline.terminal=jline.UnsupportedTerminal -Dsbt.log.noformat=true -Dfile.encoding=UTF-8 -jar /var/folders/t5/zdsdwp2145734swnhhp4b9m00000gp/T/metals9184024686726288135/sbt-launch.jar -Dbloop.export-jar-classifiers=sources bloopInstall' failed
java.io.IOException: Cannot run program "java" (in directory "/Users/frkaimo/play-slick-template"): error=2, No such file or directory
	at java.lang.ProcessBuilder.start(ProcessBuilder.java:1048)
	at scala.meta.internal.process.SystemProcess$.run(SystemProcess.scala:45)
	at scala.meta.internal.builds.ShellRunner.run(ShellRunner.scala:92)
	at scala.meta.internal.builds.BloopInstall.runArgumentsUnconditionally(BloopInstall.scala:71)
	at scala.meta.internal.builds.BloopInstall.$anonfun$runUnconditionally$1(BloopInstall.scala:46)
	at scala.meta.internal.builds.BloopInstallProvider.bloopInstall(BloopInstallProvider.scala:19)
	at scala.meta.internal.builds.BloopInstallProvider.bloopInstall$(BloopInstallProvider.scala:15)
	at scala.meta.internal.builds.SbtBuildTool.bloopInstall(SbtBuildTool.scala:20)
	at scala.meta.internal.builds.BloopInstall.runUnconditionally(BloopInstall.scala:44)
	at scala.meta.internal.metals.MetalsLspService.slowConnectToBloopServer(MetalsLspService.scala:2027)
	at scala.meta.internal.metals.MetalsLspService.$anonfun$slowConnectToBuildServer$3(MetalsLspService.scala:1991)
	at scala.concurrent.impl.Promise$Transformation.run(Promise.scala:470)
	at java.util.concurrent.ThreadPoolExecutor.runWorker(ThreadPoolExecutor.java:1149)
	at java.util.concurrent.ThreadPoolExecutor$Worker.run(ThreadPoolExecutor.java:624)
	at java.lang.Thread.run(Thread.java:748)
Caused by: java.io.IOException: error=2, No such file or directory
	at java.lang.UNIXProcess.forkAndExec(Native Method)
	at java.lang.UNIXProcess.<init>(UNIXProcess.java:247)
	at java.lang.ProcessImpl.start(ProcessImpl.java:134)
	at java.lang.ProcessBuilder.start(ProcessBuilder.java:1029)
	at scala.meta.internal.process.SystemProcess$.run(SystemProcess.scala:45)
	at scala.meta.internal.builds.ShellRunner.run(ShellRunner.scala:92)
	at scala.meta.internal.builds.BloopInstall.runArgumentsUnconditionally(BloopInstall.scala:71)
	at scala.meta.internal.builds.BloopInstall.$anonfun$runUnconditionally$1(BloopInstall.scala:46)
	at scala.meta.internal.builds.BloopInstallProvider.bloopInstall(BloopInstallProvider.scala:19)
	at scala.meta.internal.builds.BloopInstallProvider.bloopInstall$(BloopInstallProvider.scala:15)
	at scala.meta.internal.builds.SbtBuildTool.bloopInstall(SbtBuildTool.scala:20)
	at scala.meta.internal.builds.BloopInstall.runUnconditionally(BloopInstall.scala:44)
	at scala.meta.internal.metals.MetalsLspService.slowConnectToBloopServer(MetalsLspService.scala:2027)
	at scala.meta.internal.metals.MetalsLspService.$anonfun$slowConnectToBuildServer$3(MetalsLspService.scala:1991)
	at scala.concurrent.impl.Promise$Transformation.run(Promise.scala:470)
	at java.util.concurrent.ThreadPoolExecutor.runWorker(ThreadPoolExecutor.java:1149)
	at java.util.concurrent.ThreadPoolExecutor$Worker.run(ThreadPoolExecutor.java:624)
	at java.lang.Thread.run(Thread.java:748)

2023.09.20 11:07:00 INFO  time: ran 'sbt bloopInstall' in 3ms
2023.09.20 11:07:00 ERROR sbt command failed: java -Djline.terminal=jline.UnsupportedTerminal -Dsbt.log.noformat=true -Dfile.encoding=UTF-8 -jar /var/folders/t5/zdsdwp2145734swnhhp4b9m00000gp/T/metals9184024686726288135/sbt-launch.jar -Dbloop.export-jar-classifiers=sources bloopInstall
2023.09.20 11:07:01 INFO  running 'java -Djline.terminal=jline.UnsupportedTerminal -Dsbt.log.noformat=true -Dfile.encoding=UTF-8 -jar /var/folders/t5/zdsdwp2145734swnhhp4b9m00000gp/T/metals4066320369379810541/sbt-launch.jar -Dbloop.export-jar-classifiers=sources bloopInstall'
2023.09.20 11:07:01 ERROR Running process 'java -Djline.terminal=jline.UnsupportedTerminal -Dsbt.log.noformat=true -Dfile.encoding=UTF-8 -jar /var/folders/t5/zdsdwp2145734swnhhp4b9m00000gp/T/metals4066320369379810541/sbt-launch.jar -Dbloop.export-jar-classifiers=sources bloopInstall' failed
java.io.IOException: Cannot run program "java" (in directory "/Users/frkaimo/play-slick-template"): error=2, No such file or directory
	at java.lang.ProcessBuilder.start(ProcessBuilder.java:1048)
	at scala.meta.internal.process.SystemProcess$.run(SystemProcess.scala:45)
	at scala.meta.internal.builds.ShellRunner.run(ShellRunner.scala:92)
	at scala.meta.internal.builds.BloopInstall.runArgumentsUnconditionally(BloopInstall.scala:71)
	at scala.meta.internal.builds.BloopInstall.$anonfun$runUnconditionally$1(BloopInstall.scala:46)
	at scala.meta.internal.builds.BloopInstallProvider.bloopInstall(BloopInstallProvider.scala:19)
	at scala.meta.internal.builds.BloopInstallProvider.bloopInstall$(BloopInstallProvider.scala:15)
	at scala.meta.internal.builds.SbtBuildTool.bloopInstall(SbtBuildTool.scala:20)
	at scala.meta.internal.builds.BloopInstall.runUnconditionally(BloopInstall.scala:44)
	at scala.meta.internal.metals.MetalsLspService.slowConnectToBloopServer(MetalsLspService.scala:2027)
	at scala.meta.internal.metals.MetalsLspService.$anonfun$slowConnectToBuildServer$3(MetalsLspService.scala:1991)
	at scala.concurrent.impl.Promise$Transformation.run(Promise.scala:470)
	at java.util.concurrent.ThreadPoolExecutor.runWorker(ThreadPoolExecutor.java:1149)
	at java.util.concurrent.ThreadPoolExecutor$Worker.run(ThreadPoolExecutor.java:624)
	at java.lang.Thread.run(Thread.java:748)
Caused by: java.io.IOException: error=2, No such file or directory
	at java.lang.UNIXProcess.forkAndExec(Native Method)
	at java.lang.UNIXProcess.<init>(UNIXProcess.java:247)
	at java.lang.ProcessImpl.start(ProcessImpl.java:134)
	at java.lang.ProcessBuilder.start(ProcessBuilder.java:1029)
	at scala.meta.internal.process.SystemProcess$.run(SystemProcess.scala:45)
	at scala.meta.internal.builds.ShellRunner.run(ShellRunner.scala:92)
	at scala.meta.internal.builds.BloopInstall.runArgumentsUnconditionally(BloopInstall.scala:71)
	at scala.meta.internal.builds.BloopInstall.$anonfun$runUnconditionally$1(BloopInstall.scala:46)
	at scala.meta.internal.builds.BloopInstallProvider.bloopInstall(BloopInstallProvider.scala:19)
	at scala.meta.internal.builds.BloopInstallProvider.bloopInstall$(BloopInstallProvider.scala:15)
	at scala.meta.internal.builds.SbtBuildTool.bloopInstall(SbtBuildTool.scala:20)
	at scala.meta.internal.builds.BloopInstall.runUnconditionally(BloopInstall.scala:44)
	at scala.meta.internal.metals.MetalsLspService.slowConnectToBloopServer(MetalsLspService.scala:2027)
	at scala.meta.internal.metals.MetalsLspService.$anonfun$slowConnectToBuildServer$3(MetalsLspService.scala:1991)
	at scala.concurrent.impl.Promise$Transformation.run(Promise.scala:470)
	at java.util.concurrent.ThreadPoolExecutor.runWorker(ThreadPoolExecutor.java:1149)
	at java.util.concurrent.ThreadPoolExecutor$Worker.run(ThreadPoolExecutor.java:624)
	at java.lang.Thread.run(Thread.java:748)

2023.09.20 11:07:01 INFO  time: ran 'sbt bloopInstall' in 1ms
2023.09.20 11:07:01 ERROR sbt command failed: java -Djline.terminal=jline.UnsupportedTerminal -Dsbt.log.noformat=true -Dfile.encoding=UTF-8 -jar /var/folders/t5/zdsdwp2145734swnhhp4b9m00000gp/T/metals4066320369379810541/sbt-launch.jar -Dbloop.export-jar-classifiers=sources bloopInstall
2023.09.20 11:08:16 INFO  running 'java -Djline.terminal=jline.UnsupportedTerminal -Dsbt.log.noformat=true -Dfile.encoding=UTF-8 -jar /var/folders/t5/zdsdwp2145734swnhhp4b9m00000gp/T/metals3512944307086789245/sbt-launch.jar -Dbloop.export-jar-classifiers=sources bloopInstall'
2023.09.20 11:08:16 ERROR Running process 'java -Djline.terminal=jline.UnsupportedTerminal -Dsbt.log.noformat=true -Dfile.encoding=UTF-8 -jar /var/folders/t5/zdsdwp2145734swnhhp4b9m00000gp/T/metals3512944307086789245/sbt-launch.jar -Dbloop.export-jar-classifiers=sources bloopInstall' failed
java.io.IOException: Cannot run program "java" (in directory "/Users/frkaimo/play-slick-template"): error=2, No such file or directory
	at java.lang.ProcessBuilder.start(ProcessBuilder.java:1048)
	at scala.meta.internal.process.SystemProcess$.run(SystemProcess.scala:45)
	at scala.meta.internal.builds.ShellRunner.run(ShellRunner.scala:92)
	at scala.meta.internal.builds.BloopInstall.runArgumentsUnconditionally(BloopInstall.scala:71)
	at scala.meta.internal.builds.BloopInstall.$anonfun$runUnconditionally$1(BloopInstall.scala:46)
	at scala.meta.internal.builds.BloopInstallProvider.bloopInstall(BloopInstallProvider.scala:19)
	at scala.meta.internal.builds.BloopInstallProvider.bloopInstall$(BloopInstallProvider.scala:15)
	at scala.meta.internal.builds.SbtBuildTool.bloopInstall(SbtBuildTool.scala:20)
	at scala.meta.internal.builds.BloopInstall.runUnconditionally(BloopInstall.scala:44)
	at scala.meta.internal.metals.MetalsLspService.slowConnectToBloopServer(MetalsLspService.scala:2027)
	at scala.meta.internal.metals.MetalsLspService.$anonfun$slowConnectToBuildServer$3(MetalsLspService.scala:1991)
	at scala.concurrent.impl.Promise$Transformation.run(Promise.scala:470)
	at java.util.concurrent.ThreadPoolExecutor.runWorker(ThreadPoolExecutor.java:1149)
	at java.util.concurrent.ThreadPoolExecutor$Worker.run(ThreadPoolExecutor.java:624)
	at java.lang.Thread.run(Thread.java:748)
Caused by: java.io.IOException: error=2, No such file or directory
	at java.lang.UNIXProcess.forkAndExec(Native Method)
	at java.lang.UNIXProcess.<init>(UNIXProcess.java:247)
	at java.lang.ProcessImpl.start(ProcessImpl.java:134)
	at java.lang.ProcessBuilder.start(ProcessBuilder.java:1029)
	at scala.meta.internal.process.SystemProcess$.run(SystemProcess.scala:45)
	at scala.meta.internal.builds.ShellRunner.run(ShellRunner.scala:92)
	at scala.meta.internal.builds.BloopInstall.runArgumentsUnconditionally(BloopInstall.scala:71)
	at scala.meta.internal.builds.BloopInstall.$anonfun$runUnconditionally$1(BloopInstall.scala:46)
	at scala.meta.internal.builds.BloopInstallProvider.bloopInstall(BloopInstallProvider.scala:19)
	at scala.meta.internal.builds.BloopInstallProvider.bloopInstall$(BloopInstallProvider.scala:15)
	at scala.meta.internal.builds.SbtBuildTool.bloopInstall(SbtBuildTool.scala:20)
	at scala.meta.internal.builds.BloopInstall.runUnconditionally(BloopInstall.scala:44)
	at scala.meta.internal.metals.MetalsLspService.slowConnectToBloopServer(MetalsLspService.scala:2027)
	at scala.meta.internal.metals.MetalsLspService.$anonfun$slowConnectToBuildServer$3(MetalsLspService.scala:1991)
	at scala.concurrent.impl.Promise$Transformation.run(Promise.scala:470)
	at java.util.concurrent.ThreadPoolExecutor.runWorker(ThreadPoolExecutor.java:1149)
	at java.util.concurrent.ThreadPoolExecutor$Worker.run(ThreadPoolExecutor.java:624)
	at java.lang.Thread.run(Thread.java:748)

2023.09.20 11:08:16 INFO  time: ran 'sbt bloopInstall' in 3ms
2023.09.20 11:08:16 ERROR sbt command failed: java -Djline.terminal=jline.UnsupportedTerminal -Dsbt.log.noformat=true -Dfile.encoding=UTF-8 -jar /var/folders/t5/zdsdwp2145734swnhhp4b9m00000gp/T/metals3512944307086789245/sbt-launch.jar -Dbloop.export-jar-classifiers=sources bloopInstall
Sep 20, 2023 11:08:31 AM org.eclipse.lsp4j.jsonrpc.RemoteEndpoint handleCancellation
WARNING: Unmatched cancel notification for request id 466
2023.09.20 11:08:43 WARN  no build target for: /Users/frkaimo/play-slick-template/app/models/repo/HomeRepo.scala
2023.09.20 11:09:07 WARN  no build target for: /Users/frkaimo/play-slick-template/app/models/repo/HomeRepo.scala
2023.09.20 11:09:09 WARN  no build target for: /Users/frkaimo/play-slick-template/app/models/repo/HomeRepo.scala
2023.09.20 11:09:31 WARN  no build target for: /Users/frkaimo/play-slick-template/app/controllers/HomeController.scala
2023.09.20 11:09:34 WARN  Using indexes to guess the definition of HomeRepo
2023.09.20 11:09:34 WARN  Using indexes to guess the definition of HomeRepo
2023.09.20 11:09:41 WARN  no build target for: /Users/frkaimo/play-slick-template/app/controllers/HomeController.scala
2023.09.20 11:09:42 WARN  no build target for: /Users/frkaimo/play-slick-template/app/controllers/HomeController.scala
2023.09.20 11:09:51 WARN  no build target for: /Users/frkaimo/play-slick-template/app/models/domain/Home.scala
exception caught when loading class UUID: java.lang.AssertionError: java.util.UUID$Holder
java.lang.AssertionError: java.util.UUID$Holder while typechecking /Users/frkaimo/play-slick-template/app/models/domain/Home.scala
Exception in thread "pool-3-thread-2" java.lang.UnsatisfiedLinkError: no nio in java.library.path
	at java.lang.ClassLoader.loadLibrary(ClassLoader.java:1860)
	at java.lang.Runtime.loadLibrary0(Runtime.java:871)
	at java.lang.System.loadLibrary(System.java:1124)
	at sun.nio.fs.UnixCopyFile$2.run(UnixCopyFile.java:612)
	at sun.nio.fs.UnixCopyFile$2.run(UnixCopyFile.java:609)
	at java.security.AccessController.doPrivileged(Native Method)
	at sun.nio.fs.UnixCopyFile.<clinit>(UnixCopyFile.java:609)
	at sun.nio.fs.UnixFileSystemProvider.move(UnixFileSystemProvider.java:262)
	at java.nio.file.Files.move(Files.java:1395)
	at scala.meta.internal.mtags.CommonMtagsEnrichments$XtensionNIOPath.writeText(CommonMtagsEnrichments.scala:241)
	at scala.meta.internal.metals.StdReporter.create(ReportContext.scala:114)
	at scala.meta.internal.pc.CompilerAccess.handleError(CompilerAccess.scala:208)
	at scala.meta.internal.pc.CompilerAccess.withSharedCompiler$$anonfun$2(CompilerAccess.scala:160)
	at scala.Option.getOrElse(Option.scala:201)
	at scala.meta.internal.pc.CompilerAccess.withSharedCompiler(CompilerAccess.scala:162)
	at scala.meta.internal.pc.CompilerAccess.withNonInterruptableCompiler$$anonfun$1(CompilerAccess.scala:132)
	at scala.meta.internal.pc.CompilerAccess.onCompilerJobQueue$$anonfun$1(CompilerAccess.scala:231)
	at scala.meta.internal.pc.CompilerJobQueue$Job.run(CompilerJobQueue.scala:152)
	at java.util.concurrent.ThreadPoolExecutor.runWorker(ThreadPoolExecutor.java:1149)
	at java.util.concurrent.ThreadPoolExecutor$Worker.run(ThreadPoolExecutor.java:624)
	at java.lang.Thread.run(Thread.java:748)
Exception in thread "pool-4-thread-1" java.lang.NoClassDefFoundError: Could not initialize class sun.nio.fs.UnixCopyFile
	at sun.nio.fs.UnixFileSystemProvider.move(UnixFileSystemProvider.java:262)
	at java.nio.file.Files.move(Files.java:1395)
	at scala.meta.internal.mtags.CommonMtagsEnrichments$XtensionNIOPath.writeText(CommonMtagsEnrichments.scala:241)
	at scala.meta.internal.metals.StdReporter.create(ReportContext.scala:114)
	at scala.meta.internal.pc.CompilerAccess.handleError(CompilerAccess.scala:208)
	at scala.meta.internal.pc.CompilerAccess.withSharedCompiler$$anonfun$2(CompilerAccess.scala:160)
	at scala.Option.getOrElse(Option.scala:201)
	at scala.meta.internal.pc.CompilerAccess.withSharedCompiler(CompilerAccess.scala:162)
	at scala.meta.internal.pc.CompilerAccess.withNonInterruptableCompiler$$anonfun$1(CompilerAccess.scala:132)
	at scala.meta.internal.pc.CompilerAccess.onCompilerJobQueue$$anonfun$1(CompilerAccess.scala:231)
	at scala.meta.internal.pc.CompilerJobQueue$Job.run(CompilerJobQueue.scala:152)
	at java.util.concurrent.ThreadPoolExecutor.runWorker(ThreadPoolExecutor.java:1149)
	at java.util.concurrent.ThreadPoolExecutor$Worker.run(ThreadPoolExecutor.java:624)
	at java.lang.Thread.run(Thread.java:748)
Exception in thread "pool-5-thread-1" java.lang.NoClassDefFoundError: Could not initialize class sun.nio.fs.UnixCopyFile
	at sun.nio.fs.UnixFileSystemProvider.move(UnixFileSystemProvider.java:262)
	at java.nio.file.Files.move(Files.java:1395)
	at scala.meta.internal.mtags.CommonMtagsEnrichments$XtensionNIOPath.writeText(CommonMtagsEnrichments.scala:241)
	at scala.meta.internal.metals.StdReporter.create(ReportContext.scala:114)
	at scala.meta.internal.pc.CompilerAccess.handleError(CompilerAccess.scala:208)
	at scala.meta.internal.pc.CompilerAccess.withSharedCompiler$$anonfun$2(CompilerAccess.scala:160)
	at scala.Option.getOrElse(Option.scala:201)
	at scala.meta.internal.pc.CompilerAccess.withSharedCompiler(CompilerAccess.scala:162)
	at scala.meta.internal.pc.CompilerAccess.withNonInterruptableCompiler$$anonfun$1(CompilerAccess.scala:132)
	at scala.meta.internal.pc.CompilerAccess.onCompilerJobQueue$$anonfun$1(CompilerAccess.scala:231)
	at scala.meta.internal.pc.CompilerJobQueue$Job.run(CompilerJobQueue.scala:152)
	at java.util.concurrent.ThreadPoolExecutor.runWorker(ThreadPoolExecutor.java:1149)
	at java.util.concurrent.ThreadPoolExecutor$Worker.run(ThreadPoolExecutor.java:624)
	at java.lang.Thread.run(Thread.java:748)
2023.09.20 11:10:51 INFO  time: code lens generation in 59s
Exception in thread "pool-6-thread-1" java.lang.NoClassDefFoundError: Could not initialize class sun.nio.fs.UnixCopyFile
	at sun.nio.fs.UnixFileSystemProvider.move(UnixFileSystemProvider.java:262)
	at java.nio.file.Files.move(Files.java:1395)
	at scala.meta.internal.mtags.CommonMtagsEnrichments$XtensionNIOPath.writeText(CommonMtagsEnrichments.scala:241)
	at scala.meta.internal.metals.StdReporter.create(ReportContext.scala:114)
	at scala.meta.internal.pc.CompilerAccess.handleError(CompilerAccess.scala:208)
	at scala.meta.internal.pc.CompilerAccess.withSharedCompiler$$anonfun$2(CompilerAccess.scala:160)
	at scala.Option.getOrElse(Option.scala:201)
	at scala.meta.internal.pc.CompilerAccess.withSharedCompiler(CompilerAccess.scala:162)
	at scala.meta.internal.pc.CompilerAccess.withNonInterruptableCompiler$$anonfun$1(CompilerAccess.scala:132)
	at scala.meta.internal.pc.CompilerAccess.onCompilerJobQueue$$anonfun$1(CompilerAccess.scala:231)
	at scala.meta.internal.pc.CompilerJobQueue$Job.run(CompilerJobQueue.scala:152)
	at java.util.concurrent.ThreadPoolExecutor.runWorker(ThreadPoolExecutor.java:1149)
	at java.util.concurrent.ThreadPoolExecutor$Worker.run(ThreadPoolExecutor.java:624)
	at java.lang.Thread.run(Thread.java:748)
Sep 20, 2023 11:11:11 AM org.eclipse.lsp4j.jsonrpc.RemoteEndpoint handleCancellation
WARNING: Unmatched cancel notification for request id 617
Sep 20, 2023 11:11:11 AM org.eclipse.lsp4j.jsonrpc.RemoteEndpoint handleCancellation
WARNING: Unmatched cancel notification for request id 626
Exception in thread "pool-7-thread-1" java.lang.NoClassDefFoundError: Could not initialize class sun.nio.fs.UnixCopyFile
	at sun.nio.fs.UnixFileSystemProvider.move(UnixFileSystemProvider.java:262)
	at java.nio.file.Files.move(Files.java:1395)
	at scala.meta.internal.mtags.CommonMtagsEnrichments$XtensionNIOPath.writeText(CommonMtagsEnrichments.scala:241)
	at scala.meta.internal.metals.StdReporter.create(ReportContext.scala:114)
	at scala.meta.internal.pc.CompilerAccess.handleError(CompilerAccess.scala:208)
	at scala.meta.internal.pc.CompilerAccess.withSharedCompiler$$anonfun$2(CompilerAccess.scala:160)
	at scala.Option.getOrElse(Option.scala:201)
	at scala.meta.internal.pc.CompilerAccess.withSharedCompiler(CompilerAccess.scala:162)
	at scala.meta.internal.pc.CompilerAccess.withNonInterruptableCompiler$$anonfun$1(CompilerAccess.scala:132)
	at scala.meta.internal.pc.CompilerAccess.onCompilerJobQueue$$anonfun$1(CompilerAccess.scala:231)
	at scala.meta.internal.pc.CompilerJobQueue$Job.run(CompilerJobQueue.scala:152)
	at java.util.concurrent.ThreadPoolExecutor.runWorker(ThreadPoolExecutor.java:1149)
	at java.util.concurrent.ThreadPoolExecutor$Worker.run(ThreadPoolExecutor.java:624)
	at java.lang.Thread.run(Thread.java:748)
Exception in thread "pool-7-thread-2" java.lang.NoClassDefFoundError: Could not initialize class sun.nio.fs.UnixCopyFile
	at sun.nio.fs.UnixFileSystemProvider.move(UnixFileSystemProvider.java:262)
	at java.nio.file.Files.move(Files.java:1395)
	at scala.meta.internal.mtags.CommonMtagsEnrichments$XtensionNIOPath.writeText(CommonMtagsEnrichments.scala:241)
	at scala.meta.internal.metals.StdReporter.create(ReportContext.scala:114)
	at scala.meta.internal.pc.CompilerAccess.handleError(CompilerAccess.scala:208)
	at scala.meta.internal.pc.CompilerAccess.withSharedCompiler$$anonfun$2(CompilerAccess.scala:160)
	at scala.Option.getOrElse(Option.scala:201)
	at scala.meta.internal.pc.CompilerAccess.withSharedCompiler(CompilerAccess.scala:162)
	at scala.meta.internal.pc.CompilerAccess.withNonInterruptableCompiler$$anonfun$1(CompilerAccess.scala:132)
	at scala.meta.internal.pc.CompilerAccess.onCompilerJobQueue$$anonfun$1(CompilerAccess.scala:231)
	at scala.meta.internal.pc.CompilerJobQueue$Job.run(CompilerJobQueue.scala:152)
	at java.util.concurrent.ThreadPoolExecutor.runWorker(ThreadPoolExecutor.java:1149)
	at java.util.concurrent.ThreadPoolExecutor$Worker.run(ThreadPoolExecutor.java:624)
	at java.lang.Thread.run(Thread.java:748)
Exception in thread "pool-7-thread-3" java.lang.NoClassDefFoundError: Could not initialize class sun.nio.fs.UnixCopyFile
	at sun.nio.fs.UnixFileSystemProvider.move(UnixFileSystemProvider.java:262)
	at java.nio.file.Files.move(Files.java:1395)
	at scala.meta.internal.mtags.CommonMtagsEnrichments$XtensionNIOPath.writeText(CommonMtagsEnrichments.scala:241)
	at scala.meta.internal.metals.StdReporter.create(ReportContext.scala:114)
	at scala.meta.internal.pc.CompilerAccess.handleError(CompilerAccess.scala:208)
	at scala.meta.internal.pc.CompilerAccess.withSharedCompiler$$anonfun$2(CompilerAccess.scala:160)
	at scala.Option.getOrElse(Option.scala:201)
	at scala.meta.internal.pc.CompilerAccess.withSharedCompiler(CompilerAccess.scala:162)
	at scala.meta.internal.pc.CompilerAccess.$anonfun$1(CompilerAccess.scala:92)
	at scala.meta.internal.pc.CompilerAccess.onCompilerJobQueue$$anonfun$1(CompilerAccess.scala:231)
	at scala.meta.internal.pc.CompilerJobQueue$Job.run(CompilerJobQueue.scala:152)
	at java.util.concurrent.ThreadPoolExecutor.runWorker(ThreadPoolExecutor.java:1149)
	at java.util.concurrent.ThreadPoolExecutor$Worker.run(ThreadPoolExecutor.java:624)
	at java.lang.Thread.run(Thread.java:748)
2023.09.20 11:11:31 INFO  time: code lens generation in 20s
Exception in thread "pool-8-thread-1" java.lang.NoClassDefFoundError: Could not initialize class sun.nio.fs.UnixCopyFile
	at sun.nio.fs.UnixFileSystemProvider.move(UnixFileSystemProvider.java:262)
	at java.nio.file.Files.move(Files.java:1395)
	at scala.meta.internal.mtags.CommonMtagsEnrichments$XtensionNIOPath.writeText(CommonMtagsEnrichments.scala:241)
	at scala.meta.internal.metals.StdReporter.create(ReportContext.scala:114)
	at scala.meta.internal.pc.CompilerAccess.handleError(CompilerAccess.scala:208)
	at scala.meta.internal.pc.CompilerAccess.withSharedCompiler$$anonfun$2(CompilerAccess.scala:160)
	at scala.Option.getOrElse(Option.scala:201)
	at scala.meta.internal.pc.CompilerAccess.withSharedCompiler(CompilerAccess.scala:162)
	at scala.meta.internal.pc.CompilerAccess.withNonInterruptableCompiler$$anonfun$1(CompilerAccess.scala:132)
	at scala.meta.internal.pc.CompilerAccess.onCompilerJobQueue$$anonfun$1(CompilerAccess.scala:231)
	at scala.meta.internal.pc.CompilerJobQueue$Job.run(CompilerJobQueue.scala:152)
	at java.util.concurrent.ThreadPoolExecutor.runWorker(ThreadPoolExecutor.java:1149)
	at java.util.concurrent.ThreadPoolExecutor$Worker.run(ThreadPoolExecutor.java:624)
	at java.lang.Thread.run(Thread.java:748)
Exception in thread "pool-9-thread-1" java.lang.NoClassDefFoundError: Could not initialize class sun.nio.fs.UnixCopyFile
	at sun.nio.fs.UnixFileSystemProvider.move(UnixFileSystemProvider.java:262)
	at java.nio.file.Files.move(Files.java:1395)
	at scala.meta.internal.mtags.CommonMtagsEnrichments$XtensionNIOPath.writeText(CommonMtagsEnrichments.scala:241)
	at scala.meta.internal.metals.StdReporter.create(ReportContext.scala:114)
	at scala.meta.internal.pc.CompilerAccess.handleError(CompilerAccess.scala:208)
	at scala.meta.internal.pc.CompilerAccess.withSharedCompiler$$anonfun$2(CompilerAccess.scala:160)
	at scala.Option.getOrElse(Option.scala:201)
	at scala.meta.internal.pc.CompilerAccess.withSharedCompiler(CompilerAccess.scala:162)
	at scala.meta.internal.pc.CompilerAccess.withNonInterruptableCompiler$$anonfun$1(CompilerAccess.scala:132)
	at scala.meta.internal.pc.CompilerAccess.onCompilerJobQueue$$anonfun$1(CompilerAccess.scala:231)
	at scala.meta.internal.pc.CompilerJobQueue$Job.run(CompilerJobQueue.scala:152)
	at java.util.concurrent.ThreadPoolExecutor.runWorker(ThreadPoolExecutor.java:1149)
	at java.util.concurrent.ThreadPoolExecutor$Worker.run(ThreadPoolExecutor.java:624)
	at java.lang.Thread.run(Thread.java:748)
2023.09.20 11:12:11 INFO  time: code lens generation in 1m
Exception in thread "pool-10-thread-1" java.lang.NoClassDefFoundError: Could not initialize class sun.nio.fs.UnixCopyFile
	at sun.nio.fs.UnixFileSystemProvider.move(UnixFileSystemProvider.java:262)
	at java.nio.file.Files.move(Files.java:1395)
	at scala.meta.internal.mtags.CommonMtagsEnrichments$XtensionNIOPath.writeText(CommonMtagsEnrichments.scala:241)
	at scala.meta.internal.metals.StdReporter.create(ReportContext.scala:114)
	at scala.meta.internal.pc.CompilerAccess.handleError(CompilerAccess.scala:208)
	at scala.meta.internal.pc.CompilerAccess.withSharedCompiler$$anonfun$2(CompilerAccess.scala:160)
	at scala.Option.getOrElse(Option.scala:201)
	at scala.meta.internal.pc.CompilerAccess.withSharedCompiler(CompilerAccess.scala:162)
	at scala.meta.internal.pc.CompilerAccess.withNonInterruptableCompiler$$anonfun$1(CompilerAccess.scala:132)
	at scala.meta.internal.pc.CompilerAccess.onCompilerJobQueue$$anonfun$1(CompilerAccess.scala:231)
	at scala.meta.internal.pc.CompilerJobQueue$Job.run(CompilerJobQueue.scala:152)
	at java.util.concurrent.ThreadPoolExecutor.runWorker(ThreadPoolExecutor.java:1149)
	at java.util.concurrent.ThreadPoolExecutor$Worker.run(ThreadPoolExecutor.java:624)
	at java.lang.Thread.run(Thread.java:748)
2023.09.20 11:12:31 INFO  time: code lens generation in 1m20s
Exception in thread "pool-11-thread-1" java.lang.NoClassDefFoundError: Could not initialize class sun.nio.fs.UnixCopyFile
	at sun.nio.fs.UnixFileSystemProvider.move(UnixFileSystemProvider.java:262)
	at java.nio.file.Files.move(Files.java:1395)
	at scala.meta.internal.mtags.CommonMtagsEnrichments$XtensionNIOPath.writeText(CommonMtagsEnrichments.scala:241)
	at scala.meta.internal.metals.StdReporter.create(ReportContext.scala:114)
	at scala.meta.internal.pc.CompilerAccess.handleError(CompilerAccess.scala:208)
	at scala.meta.internal.pc.CompilerAccess.withSharedCompiler$$anonfun$2(CompilerAccess.scala:160)
	at scala.Option.getOrElse(Option.scala:201)
	at scala.meta.internal.pc.CompilerAccess.withSharedCompiler(CompilerAccess.scala:162)
	at scala.meta.internal.pc.CompilerAccess.withNonInterruptableCompiler$$anonfun$1(CompilerAccess.scala:132)
	at scala.meta.internal.pc.CompilerAccess.onCompilerJobQueue$$anonfun$1(CompilerAccess.scala:231)
	at scala.meta.internal.pc.CompilerJobQueue$Job.run(CompilerJobQueue.scala:152)
	at java.util.concurrent.ThreadPoolExecutor.runWorker(ThreadPoolExecutor.java:1149)
	at java.util.concurrent.ThreadPoolExecutor$Worker.run(ThreadPoolExecutor.java:624)
	at java.lang.Thread.run(Thread.java:748)
2023.09.20 11:12:51 WARN  no build target for: /Users/frkaimo/play-slick-template/app/models/domain/Home.scala
Sep 20, 2023 11:12:51 AM org.eclipse.lsp4j.jsonrpc.RemoteEndpoint handleCancellation
WARNING: Unmatched cancel notification for request id 622
Sep 20, 2023 11:12:51 AM org.eclipse.lsp4j.jsonrpc.RemoteEndpoint handleCancellation
WARNING: Unmatched cancel notification for request id 631
Sep 20, 2023 11:12:51 AM org.eclipse.lsp4j.jsonrpc.RemoteEndpoint handleCancellation
WARNING: Unmatched cancel notification for request id 630
Sep 20, 2023 11:12:51 AM org.eclipse.lsp4j.jsonrpc.RemoteEndpoint handleCancellation
WARNING: Unmatched cancel notification for request id 632
Sep 20, 2023 11:12:51 AM org.eclipse.lsp4j.jsonrpc.RemoteEndpoint handleCancellation
WARNING: Unmatched cancel notification for request id 633
Exception in thread "pool-12-thread-1" java.lang.NoClassDefFoundError: Could not initialize class sun.nio.fs.UnixCopyFile
	at sun.nio.fs.UnixFileSystemProvider.move(UnixFileSystemProvider.java:262)
	at java.nio.file.Files.move(Files.java:1395)
	at scala.meta.internal.mtags.CommonMtagsEnrichments$XtensionNIOPath.writeText(CommonMtagsEnrichments.scala:241)
	at scala.meta.internal.metals.StdReporter.create(ReportContext.scala:114)
	at scala.meta.internal.pc.CompilerAccess.handleError(CompilerAccess.scala:208)
	at scala.meta.internal.pc.CompilerAccess.withSharedCompiler$$anonfun$2(CompilerAccess.scala:160)
	at scala.Option.getOrElse(Option.scala:201)
	at scala.meta.internal.pc.CompilerAccess.withSharedCompiler(CompilerAccess.scala:162)
	at scala.meta.internal.pc.CompilerAccess.withNonInterruptableCompiler$$anonfun$1(CompilerAccess.scala:132)
	at scala.meta.internal.pc.CompilerAccess.onCompilerJobQueue$$anonfun$1(CompilerAccess.scala:231)
	at scala.meta.internal.pc.CompilerJobQueue$Job.run(CompilerJobQueue.scala:152)
	at java.util.concurrent.ThreadPoolExecutor.runWorker(ThreadPoolExecutor.java:1149)
	at java.util.concurrent.ThreadPoolExecutor$Worker.run(ThreadPoolExecutor.java:624)
	at java.lang.Thread.run(Thread.java:748)
Exception in thread "pool-12-thread-2" java.lang.NoClassDefFoundError: Could not initialize class sun.nio.fs.UnixCopyFile
	at sun.nio.fs.UnixFileSystemProvider.move(UnixFileSystemProvider.java:262)
	at java.nio.file.Files.move(Files.java:1395)
	at scala.meta.internal.mtags.CommonMtagsEnrichments$XtensionNIOPath.writeText(CommonMtagsEnrichments.scala:241)
	at scala.meta.internal.metals.StdReporter.create(ReportContext.scala:114)
	at scala.meta.internal.pc.CompilerAccess.handleError(CompilerAccess.scala:208)
	at scala.meta.internal.pc.CompilerAccess.withSharedCompiler$$anonfun$2(CompilerAccess.scala:160)
	at scala.Option.getOrElse(Option.scala:201)
	at scala.meta.internal.pc.CompilerAccess.withSharedCompiler(CompilerAccess.scala:162)
	at scala.meta.internal.pc.CompilerAccess.withNonInterruptableCompiler$$anonfun$1(CompilerAccess.scala:132)
	at scala.meta.internal.pc.CompilerAccess.onCompilerJobQueue$$anonfun$1(CompilerAccess.scala:231)
	at scala.meta.internal.pc.CompilerJobQueue$Job.run(CompilerJobQueue.scala:152)
	at java.util.concurrent.ThreadPoolExecutor.runWorker(ThreadPoolExecutor.java:1149)
	at java.util.concurrent.ThreadPoolExecutor$Worker.run(ThreadPoolExecutor.java:624)
	at java.lang.Thread.run(Thread.java:748)
Exception in thread "pool-13-thread-1" java.lang.NoClassDefFoundError: Could not initialize class sun.nio.fs.UnixCopyFile
	at sun.nio.fs.UnixFileSystemProvider.move(UnixFileSystemProvider.java:262)
	at java.nio.file.Files.move(Files.java:1395)
	at scala.meta.internal.mtags.CommonMtagsEnrichments$XtensionNIOPath.writeText(CommonMtagsEnrichments.scala:241)
	at scala.meta.internal.metals.StdReporter.create(ReportContext.scala:114)
	at scala.meta.internal.pc.CompilerAccess.handleError(CompilerAccess.scala:208)
	at scala.meta.internal.pc.CompilerAccess.withSharedCompiler$$anonfun$2(CompilerAccess.scala:160)
	at scala.Option.getOrElse(Option.scala:201)
	at scala.meta.internal.pc.CompilerAccess.withSharedCompiler(CompilerAccess.scala:162)
	at scala.meta.internal.pc.CompilerAccess.withNonInterruptableCompiler$$anonfun$1(CompilerAccess.scala:132)
	at scala.meta.internal.pc.CompilerAccess.onCompilerJobQueue$$anonfun$1(CompilerAccess.scala:231)
	at scala.meta.internal.pc.CompilerJobQueue$Job.run(CompilerJobQueue.scala:152)
	at java.util.concurrent.ThreadPoolExecutor.runWorker(ThreadPoolExecutor.java:1149)
	at java.util.concurrent.ThreadPoolExecutor$Worker.run(ThreadPoolExecutor.java:624)
	at java.lang.Thread.run(Thread.java:748)
2023.09.20 11:13:13 INFO  Started: Metals version 1.0.1 in folders '/Users/frkaimo/play-slick-template' for client Visual Studio Code 1.74.3.
Sep 20, 2023 11:13:13 AM org.flywaydb.core.internal.license.VersionPrinter printVersionOnly
INFO: Flyway Community Edition 9.21.2 by Redgate
Sep 20, 2023 11:13:13 AM org.flywaydb.core.internal.license.VersionPrinter printVersion
INFO: See release notes here: https://rd.gt/416ObMi
Sep 20, 2023 11:13:13 AM org.flywaydb.core.internal.license.VersionPrinter printVersion
INFO: 
Sep 20, 2023 11:13:13 AM org.flywaydb.core.FlywayExecutor execute
INFO: Database: jdbc:h2:file:/Users/frkaimo/play-slick-template/.metals/metals (H2 2.1)
Sep 20, 2023 11:13:13 AM org.flywaydb.core.internal.command.DbValidate validate
INFO: Successfully validated 4 migrations (execution time 00:00.018s)
Sep 20, 2023 11:13:13 AM org.flywaydb.core.internal.command.DbMigrate migrateGroup
INFO: Current version of schema "PUBLIC": 4
Sep 20, 2023 11:13:13 AM org.flywaydb.core.internal.command.DbMigrate logSummary
INFO: Schema "PUBLIC" is up to date. No migration necessary.
2023.09.20 11:13:13 INFO  time: initialize in 0.27s
2023.09.20 11:13:14 WARN  Build server is not auto-connectable.
2023.09.20 11:13:14 WARN  no build target for: /Users/frkaimo/play-slick-template/app/controllers/HomeController.scala
2023.09.20 11:13:14 INFO  skipping build import with status 'Failed'
2023.09.20 11:13:16 INFO  Shutting down server
2023.09.20 11:13:16 INFO  shutting down Metals
2023.09.20 11:13:16 INFO  no build target found for /Users/frkaimo/play-slick-template/app/controllers/HomeController.scala. Using presentation compiler with project's scala-library version: 3.3.0
Sep 20, 2023 11:13:16 AM org.flywaydb.core.FlywayExecutor execute
INFO: Database: jdbc:h2:file:/Users/frkaimo/play-slick-template/.metals/metals (H2 2.1)
Sep 20, 2023 11:13:16 AM org.flywaydb.core.internal.command.DbValidate validate
INFO: Successfully validated 4 migrations (execution time 00:00.007s)
Sep 20, 2023 11:13:16 AM org.flywaydb.core.internal.command.DbMigrate migrateGroup
INFO: Current version of schema "PUBLIC": 4
Sep 20, 2023 11:13:16 AM org.flywaydb.core.internal.command.DbMigrate logSummary
INFO: Schema "PUBLIC" is up to date. No migration necessary.
2023.09.20 11:13:17 INFO  Exiting server
Exception in thread "pool-14-thread-1" java.lang.NoClassDefFoundError: Could not initialize class sun.nio.fs.UnixCopyFile
	at sun.nio.fs.UnixFileSystemProvider.move(UnixFileSystemProvider.java:262)
	at java.nio.file.Files.move(Files.java:1395)
	at scala.meta.internal.mtags.CommonMtagsEnrichments$XtensionNIOPath.writeText(CommonMtagsEnrichments.scala:241)
	at scala.meta.internal.metals.StdReporter.create(ReportContext.scala:114)
	at scala.meta.internal.pc.CompilerAccess.handleError(CompilerAccess.scala:208)
	at scala.meta.internal.pc.CompilerAccess.withSharedCompiler$$anonfun$2(CompilerAccess.scala:160)
	at scala.Option.getOrElse(Option.scala:201)
	at scala.meta.internal.pc.CompilerAccess.withSharedCompiler(CompilerAccess.scala:162)
	at scala.meta.internal.pc.CompilerAccess.withNonInterruptableCompiler$$anonfun$1(CompilerAccess.scala:132)
	at scala.meta.internal.pc.CompilerAccess.onCompilerJobQueue$$anonfun$1(CompilerAccess.scala:231)
	at scala.meta.internal.pc.CompilerJobQueue$Job.run(CompilerJobQueue.scala:152)
	at java.util.concurrent.ThreadPoolExecutor.runWorker(ThreadPoolExecutor.java:1149)
	at java.util.concurrent.ThreadPoolExecutor$Worker.run(ThreadPoolExecutor.java:624)
	at java.lang.Thread.run(Thread.java:748)
2023.09.20 11:13:51 INFO  time: code lens generation in 59s
Exception in thread "pool-15-thread-1" java.lang.NoClassDefFoundError: Could not initialize class sun.nio.fs.UnixCopyFile
	at sun.nio.fs.UnixFileSystemProvider.move(UnixFileSystemProvider.java:262)
	at java.nio.file.Files.move(Files.java:1395)
	at scala.meta.internal.mtags.CommonMtagsEnrichments$XtensionNIOPath.writeText(CommonMtagsEnrichments.scala:241)
	at scala.meta.internal.metals.StdReporter.create(ReportContext.scala:114)
	at scala.meta.internal.pc.CompilerAccess.handleError(CompilerAccess.scala:208)
	at scala.meta.internal.pc.CompilerAccess.withSharedCompiler$$anonfun$2(CompilerAccess.scala:160)
	at scala.Option.getOrElse(Option.scala:201)
	at scala.meta.internal.pc.CompilerAccess.withSharedCompiler(CompilerAccess.scala:162)
	at scala.meta.internal.pc.CompilerAccess.withNonInterruptableCompiler$$anonfun$1(CompilerAccess.scala:132)
	at scala.meta.internal.pc.CompilerAccess.onCompilerJobQueue$$anonfun$1(CompilerAccess.scala:231)
	at scala.meta.internal.pc.CompilerJobQueue$Job.run(CompilerJobQueue.scala:152)
	at java.util.concurrent.ThreadPoolExecutor.runWorker(ThreadPoolExecutor.java:1149)
	at java.util.concurrent.ThreadPoolExecutor$Worker.run(ThreadPoolExecutor.java:624)
	at java.lang.Thread.run(Thread.java:748)
2023.09.20 11:14:11 INFO  time: code lens generation in 1m20s
Exception in thread "pool-16-thread-1" java.lang.NoClassDefFoundError: Could not initialize class sun.nio.fs.UnixCopyFile
	at sun.nio.fs.UnixFileSystemProvider.move(UnixFileSystemProvider.java:262)
	at java.nio.file.Files.move(Files.java:1395)
	at scala.meta.internal.mtags.CommonMtagsEnrichments$XtensionNIOPath.writeText(CommonMtagsEnrichments.scala:241)
	at scala.meta.internal.metals.StdReporter.create(ReportContext.scala:114)
	at scala.meta.internal.pc.CompilerAccess.handleError(CompilerAccess.scala:208)
	at scala.meta.internal.pc.CompilerAccess.withSharedCompiler$$anonfun$2(CompilerAccess.scala:160)
	at scala.Option.getOrElse(Option.scala:201)
	at scala.meta.internal.pc.CompilerAccess.withSharedCompiler(CompilerAccess.scala:162)
	at scala.meta.internal.pc.CompilerAccess.withNonInterruptableCompiler$$anonfun$1(CompilerAccess.scala:132)
	at scala.meta.internal.pc.CompilerAccess.onCompilerJobQueue$$anonfun$1(CompilerAccess.scala:231)
	at scala.meta.internal.pc.CompilerJobQueue$Job.run(CompilerJobQueue.scala:152)
	at java.util.concurrent.ThreadPoolExecutor.runWorker(ThreadPoolExecutor.java:1149)
	at java.util.concurrent.ThreadPoolExecutor$Worker.run(ThreadPoolExecutor.java:624)
	at java.lang.Thread.run(Thread.java:748)
Exception in thread "pool-17-thread-1" java.lang.NoClassDefFoundError: Could not initialize class sun.nio.fs.UnixCopyFile
	at sun.nio.fs.UnixFileSystemProvider.move(UnixFileSystemProvider.java:262)
	at java.nio.file.Files.move(Files.java:1395)
	at scala.meta.internal.mtags.CommonMtagsEnrichments$XtensionNIOPath.writeText(CommonMtagsEnrichments.scala:241)
	at scala.meta.internal.metals.StdReporter.create(ReportContext.scala:114)
	at scala.meta.internal.pc.CompilerAccess.handleError(CompilerAccess.scala:208)
	at scala.meta.internal.pc.CompilerAccess.withSharedCompiler$$anonfun$2(CompilerAccess.scala:160)
	at scala.Option.getOrElse(Option.scala:201)
	at scala.meta.internal.pc.CompilerAccess.withSharedCompiler(CompilerAccess.scala:162)
	at scala.meta.internal.pc.CompilerAccess.withNonInterruptableCompiler$$anonfun$1(CompilerAccess.scala:132)
	at scala.meta.internal.pc.CompilerAccess.onCompilerJobQueue$$anonfun$1(CompilerAccess.scala:231)
	at scala.meta.internal.pc.CompilerJobQueue$Job.run(CompilerJobQueue.scala:152)
	at java.util.concurrent.ThreadPoolExecutor.runWorker(ThreadPoolExecutor.java:1149)
	at java.util.concurrent.ThreadPoolExecutor$Worker.run(ThreadPoolExecutor.java:624)
	at java.lang.Thread.run(Thread.java:748)
Exception in thread "pool-17-thread-2" java.lang.NoClassDefFoundError: Could not initialize class sun.nio.fs.UnixCopyFile
	at sun.nio.fs.UnixFileSystemProvider.move(UnixFileSystemProvider.java:262)
	at java.nio.file.Files.move(Files.java:1395)
	at scala.meta.internal.mtags.CommonMtagsEnrichments$XtensionNIOPath.writeText(CommonMtagsEnrichments.scala:241)
	at scala.meta.internal.metals.StdReporter.create(ReportContext.scala:114)
	at scala.meta.internal.pc.CompilerAccess.handleError(CompilerAccess.scala:208)
	at scala.meta.internal.pc.CompilerAccess.withSharedCompiler$$anonfun$2(CompilerAccess.scala:160)
	at scala.Option.getOrElse(Option.scala:201)
	at scala.meta.internal.pc.CompilerAccess.withSharedCompiler(CompilerAccess.scala:162)
	at scala.meta.internal.pc.CompilerAccess.withNonInterruptableCompiler$$anonfun$1(CompilerAccess.scala:132)
	at scala.meta.internal.pc.CompilerAccess.onCompilerJobQueue$$anonfun$1(CompilerAccess.scala:231)
	at scala.meta.internal.pc.CompilerJobQueue$Job.run(CompilerJobQueue.scala:152)
	at java.util.concurrent.ThreadPoolExecutor.runWorker(ThreadPoolExecutor.java:1149)
	at java.util.concurrent.ThreadPoolExecutor$Worker.run(ThreadPoolExecutor.java:624)
	at java.lang.Thread.run(Thread.java:748)
Exception in thread "pool-18-thread-1" java.lang.NoClassDefFoundError: Could not initialize class sun.nio.fs.UnixCopyFile
	at sun.nio.fs.UnixFileSystemProvider.move(UnixFileSystemProvider.java:262)
	at java.nio.file.Files.move(Files.java:1395)
	at scala.meta.internal.mtags.CommonMtagsEnrichments$XtensionNIOPath.writeText(CommonMtagsEnrichments.scala:241)
	at scala.meta.internal.metals.StdReporter.create(ReportContext.scala:114)
	at scala.meta.internal.pc.CompilerAccess.handleError(CompilerAccess.scala:208)
	at scala.meta.internal.pc.CompilerAccess.withSharedCompiler$$anonfun$2(CompilerAccess.scala:160)
	at scala.Option.getOrElse(Option.scala:201)
	at scala.meta.internal.pc.CompilerAccess.withSharedCompiler(CompilerAccess.scala:162)
	at scala.meta.internal.pc.CompilerAccess.withNonInterruptableCompiler$$anonfun$1(CompilerAccess.scala:132)
	at scala.meta.internal.pc.CompilerAccess.onCompilerJobQueue$$anonfun$1(CompilerAccess.scala:231)
	at scala.meta.internal.pc.CompilerJobQueue$Job.run(CompilerJobQueue.scala:152)
	at java.util.concurrent.ThreadPoolExecutor.runWorker(ThreadPoolExecutor.java:1149)
	at java.util.concurrent.ThreadPoolExecutor$Worker.run(ThreadPoolExecutor.java:624)
	at java.lang.Thread.run(Thread.java:748)
2023.09.20 11:17:21 INFO  Started: Metals version 1.0.1 in folders '/Users/frkaimo/play-slick-template' for client Visual Studio Code 1.82.2.
Sep 20, 2023 11:17:21 AM org.flywaydb.core.internal.license.VersionPrinter printVersionOnly
INFO: Flyway Community Edition 9.21.2 by Redgate
Sep 20, 2023 11:17:21 AM org.flywaydb.core.internal.license.VersionPrinter printVersion
INFO: See release notes here: https://rd.gt/416ObMi
Sep 20, 2023 11:17:21 AM org.flywaydb.core.internal.license.VersionPrinter printVersion
INFO: 
Sep 20, 2023 11:17:24 AM org.flywaydb.core.FlywayExecutor execute
INFO: Database: jdbc:h2:file:/Users/frkaimo/play-slick-template/.metals/metals (H2 2.1)
Sep 20, 2023 11:17:24 AM org.flywaydb.core.internal.command.DbValidate validate
INFO: Successfully validated 4 migrations (execution time 00:00.013s)
Sep 20, 2023 11:17:24 AM org.flywaydb.core.internal.command.DbMigrate migrateGroup
INFO: Current version of schema "PUBLIC": 4
Sep 20, 2023 11:17:24 AM org.flywaydb.core.internal.command.DbMigrate logSummary
INFO: Schema "PUBLIC" is up to date. No migration necessary.
2023.09.20 11:17:25 INFO  time: initialize in 3.8s
2023.09.20 11:17:25 WARN  Build server is not auto-connectable.
2023.09.20 11:17:25 WARN  no build target for: /Users/frkaimo/play-slick-template/app/controllers/HomeController.scala
2023.09.20 11:17:25 INFO  skipping build import with status 'Failed'
2023.09.20 11:17:27 INFO  no build target found for /Users/frkaimo/play-slick-template/app/controllers/HomeController.scala. Using presentation compiler with project's scala-library version: 3.3.0
2023.09.20 11:17:28 INFO  time: code lens generation in 2.32s
2023.09.20 11:17:33 INFO  running '/opt/local/sdkman/candidates/java/current/bin/java -Djline.terminal=jline.UnsupportedTerminal -Dsbt.log.noformat=true -Dfile.encoding=UTF-8 -jar /var/folders/t5/zdsdwp2145734swnhhp4b9m00000gp/T/metals8472510465282204038/sbt-launch.jar -Dbloop.export-jar-classifiers=sources bloopInstall'
2023.09.20 11:17:34 INFO  [info] welcome to sbt 1.7.2 (Amazon.com Inc. Java 1.8.0_382)
2023.09.20 11:17:34 INFO  [info] loading settings for project play-slick-template-build-build-build from metals.sbt ...
2023.09.20 11:17:34 INFO  [info] loading project definition from /Users/frkaimo/play-slick-template/project/project/project
2023.09.20 11:17:36 INFO  [info] loading settings for project play-slick-template-build-build from metals.sbt ...
2023.09.20 11:17:36 INFO  [info] loading project definition from /Users/frkaimo/play-slick-template/project/project
2023.09.20 11:17:37 INFO  [success] Generated .bloop/play-slick-template-build-build.json
2023.09.20 11:17:37 INFO  [success] Total time: 1 s, completed 09 20, 23 11:17:37 AM
2023.09.20 11:17:37 INFO  [info] loading settings for project play-slick-template-build from metals.sbt,plugins.sbt ...
2023.09.20 11:17:37 INFO  [info] loading project definition from /Users/frkaimo/play-slick-template/project
2023.09.20 11:17:43 INFO  [success] Generated .bloop/play-slick-template-build.json
2023.09.20 11:17:43 INFO  [success] Total time: 6 s, completed 09 20, 23 11:17:44 AM
2023.09.20 11:17:43 INFO  [info] loading settings for project root from build.sbt ...
2023.09.20 11:17:43 INFO  [info]   __              __
2023.09.20 11:17:43 INFO  [info]   \ \     ____   / /____ _ __  __
2023.09.20 11:17:43 INFO  [info]    \ \   / __ \ / // __ `// / / /
2023.09.20 11:17:43 INFO  [info]    / /  / /_/ // // /_/ // /_/ /
2023.09.20 11:17:43 INFO  [info]   /_/  / .___//_/ \__,_/ \__, /
2023.09.20 11:17:43 INFO  [info]       /_/               /____/
2023.09.20 11:17:43 INFO  [info] 
2023.09.20 11:17:43 INFO  [info] Version 2.8.18 running Java 1.8.0_382
2023.09.20 11:17:43 INFO  [info] 
2023.09.20 11:17:43 INFO  [info] Play is run entirely by the community. Please consider contributing and/or donating:
2023.09.20 11:17:43 INFO  [info] https://www.playframework.com/sponsors
2023.09.20 11:17:43 INFO  [info] 
2023.09.20 11:17:47 INFO  [success] Generated .bloop/root.json
2023.09.20 11:17:47 INFO  [success] Generated .bloop/root-test.json
2023.09.20 11:17:47 INFO  [success] Total time: 3 s, completed 09 20, 23 11:17:47 AM
2023.09.20 11:17:47 INFO  time: ran 'sbt bloopInstall' in 14s
2023.09.20 11:17:47 INFO  Attempting to connect to the build server...
2023.09.20 11:17:47 INFO  Detected non existing java path in /Users/frkaimo/.bloop/bloop.json file
2023.09.20 11:17:47 INFO  Replacing it with java home at /opt/local/sdkman/candidates/java/current
2023.09.20 11:17:49 INFO  tracing is disabled for protocol BSP, to enable tracing of incoming and outgoing JSON messages create an empty file at /Users/frkaimo/play-slick-template/.metals/bsp.trace.json or /Users/frkaimo/Library/Caches/org.scalameta.metals/bsp.trace.json
2023.09.20 11:17:54 INFO  Attempting to connect to the build server...
2023.09.20 11:17:54 INFO  Bloop uses /opt/local/sdkman/candidates/java/current defined at /Users/frkaimo/.bloop/bloop.json
2023.09.20 11:17:54 INFO  Attempting to connect to the build server...
2023.09.20 11:17:54 INFO  Bloop uses /opt/local/sdkman/candidates/java/current defined at /Users/frkaimo/.bloop/bloop.json
2023.09.20 11:17:54 INFO  tracing is disabled for protocol BSP, to enable tracing of incoming and outgoing JSON messages create an empty file at /Users/frkaimo/play-slick-template/project/project/.metals/bsp.trace.json or /Users/frkaimo/Library/Caches/org.scalameta.metals/bsp.trace.json
2023.09.20 11:17:54 INFO  tracing is disabled for protocol BSP, to enable tracing of incoming and outgoing JSON messages create an empty file at /Users/frkaimo/play-slick-template/project/.metals/bsp.trace.json or /Users/frkaimo/Library/Caches/org.scalameta.metals/bsp.trace.json
2023.09.20 11:17:54 INFO  time: Connected to build server in 6.74s
2023.09.20 11:17:54 INFO  Connected to Build server: Bloop v1.5.8
2023.09.20 11:17:54 WARN  2.12.10 is no longer supported in the current Metals versions, using the last known supported version 0.11.12
Sep 20, 2023 11:18:12 AM org.eclipse.lsp4j.jsonrpc.RemoteEndpoint handleCancellation
WARNING: Unmatched cancel notification for request id 13
2023.09.20 11:18:15 INFO  time: indexed workspace in 20s
2023.09.20 11:18:15 INFO  compiling root (9 scala sources and 1 java source)
2023.09.20 11:18:29 INFO  compiling root-test (1 scala source)
2023.09.20 11:18:29 INFO  time: compiled root in 13s
2023.09.20 11:18:29 INFO  time: compiled root-test in 0.41s
Sep 20, 2023 11:19:17 AM org.eclipse.lsp4j.jsonrpc.RemoteEndpoint handleCancellation
WARNING: Unmatched cancel notification for request id 61
